ISim log file
Running: /home/sean/Dropbox/CPU/CPU/Pipeline/ISE/Pipeline/test_Pipeline_fpga_isim_beh.exe -intstyle ise -gui -tclbatch isim.cmd -wdb /home/sean/Dropbox/CPU/CPU/Pipeline/ISE/Pipeline/test_Pipeline_fpga_isim_beh.wdb 
ISim P.20131013 (signature 0xfbc00daa)
This is a Full version of ISim.
Time resolution is 1 ps
# onerror resume
# wave add /
# run 1000 us
Simulator is doing circuit initialization process.
Finished circuit initialization process.
# run 100.00us
# run 100.00us
# run 100.00us
# run 100.00us
# run 100.00us
# run 100.00us
# run 100.00us
# run 100.00us
# run 100.00us
# run 100.00us
# run 100.00us
# run 100.00us
# run 100.00us
# run 100.00us
# run 100.00us
# run 100.00us
# run 100.00us
# run 100.00us
# run 100.00us
# run 100.00us
# run 100.00us
# run 100.00us
# run 100.00us
# run 100.00us
# run 100.00us
# run 100.00us
# run 100.00us
# run 100.00us
# run 100.00us
# run 100.00us
# run 100.00us
# run 100.00us
# run 100.00us
# run 100.00us
# run 100.00us
# run 100.00us
# run 100.00us
# exit 0
