#! /usr/bin/vvp
:ivl_version "0.9.5 " "(v0_9_5)";
:vpi_time_precision - 12;
:vpi_module "system";
:vpi_module "v2005_math";
:vpi_module "va_math";
S_0xbd71c0 .scope module, "test_UART" "test_UART" 2 8;
 .timescale -9 -12;
v0xc58390_0 .net "RX_EFF", 0 0, v0xc578c0_0; 1 drivers
v0xc58410_0 .net "RX_READ", 0 0, v0xc4d710_0; 1 drivers
v0xc58490_0 .net "TX_EN", 0 0, v0xc4d9a0_0; 1 drivers
v0xc585a0_0 .net "TX_STATUS", 0 0, v0xc55050_0; 1 drivers
v0xc586b0_0 .var "UART_RX", 0 0;
v0xc58730_0 .net "UART_RXD", 7 0, v0xc55f50_0; 1 drivers
v0xc58840_0 .net "UART_TX", 0 0, v0xc55150_0; 1 drivers
v0xc588c0_0 .net "UART_TXD", 7 0, v0xc4dcb0_0; 1 drivers
v0xc589d0_0 .var "addr", 31 0;
v0xc58a50_0 .var "clk", 0 0;
v0xc58ad0_0 .net "digits", 11 0, v0xc4e1c0_0; 1 drivers
v0xc58b50_0 .net "interrupt", 0 0, L_0xc5a970; 1 drivers
v0xc58bd0_0 .net "led", 7 0, v0xc4e310_0; 1 drivers
v0xc58ca0_0 .net "rdata", 31 0, v0xc544a0_0; 1 drivers
v0xc58da0_0 .var "read", 0 0;
v0xc58e70_0 .net "read_acc", 0 0, v0xc54670_0; 1 drivers
v0xc58d20_0 .var "reset", 0 0;
v0xc58f80_0 .var "switch", 7 0;
v0xc590a0_0 .var "sysclk", 0 0;
v0xc59120_0 .var "wdata", 31 0;
v0xc59250_0 .var "write", 0 0;
v0xc592d0_0 .net "write_acc", 0 0, v0xc54ae0_0; 1 drivers
S_0xc54c50 .scope module, "uut" "UART" 2 24, 3 26, S_0xbd71c0;
 .timescale -9 -12;
v0xc578c0_0 .var "RX_EFF", 0 0;
v0xc57ad0_0 .alias "RX_READ", 0 0, v0xc58410_0;
v0xc57ba0_0 .net "RX_STATUS", 0 0, L_0xc5a2d0; 1 drivers
v0xc57c20_0 .alias "TX_EN", 0 0, v0xc58490_0;
v0xc57ca0_0 .alias "TX_STATUS", 0 0, v0xc585a0_0;
v0xc57d20_0 .net "UART_RX", 0 0, v0xc586b0_0; 1 drivers
v0xc57da0_0 .alias "UART_RXD", 7 0, v0xc58730_0;
v0xc57e20_0 .alias "UART_TX", 0 0, v0xc58840_0;
v0xc57ef0_0 .alias "UART_TXD", 7 0, v0xc588c0_0;
v0xc57f70_0 .net "baudclk", 0 0, v0xc55650_0; 1 drivers
v0xc57ff0_0 .net "brclk", 0 0, v0xc56a00_0; 1 drivers
v0xc58100_0 .net "reset", 0 0, v0xc58d20_0; 1 drivers
v0xc58180_0 .net "reset_UBRG", 0 0, L_0xc56530; 1 drivers
v0xc58200_0 .net "sysclk", 0 0, v0xc590a0_0; 1 drivers
S_0xc56c80 .scope module, "NEG_inst" "negedge_detc" 3 46, 3 105, S_0xc54c50;
 .timescale -9 -12;
L_0xc56530 .functor OR 1, L_0xc591a0, v0xc58d20_0, C4<0>, C4<0>;
L_0xc59630 .functor NOT 1, L_0xc59540, C4<0>, C4<0>, C4<0>;
L_0xc596e0 .functor NOT 1, v0xc58d20_0, C4<0>, C4<0>, C4<0>;
L_0xc577b0 .functor AND 1, L_0xc59630, L_0xc596e0, C4<1>, C4<1>;
L_0xc59990 .functor NOT 1, L_0xc598f0, C4<0>, C4<0>, C4<0>;
L_0xc59a40 .functor AND 1, L_0xc577b0, L_0xc59990, C4<1>, C4<1>;
L_0xc59c80 .functor NOT 1, v0xc58d20_0, C4<0>, C4<0>, C4<0>;
L_0xc59eb0 .functor OR 1, L_0xc59ce0, L_0xc59e10, C4<0>, C4<0>;
L_0xc59fb0 .functor AND 1, L_0xc59c80, L_0xc59eb0, C4<1>, C4<1>;
v0xc56d90_0 .net *"_s1", 0 0, L_0xc591a0; 1 drivers
v0xc56e50_0 .net *"_s10", 0 0, L_0xc596e0; 1 drivers
v0xc56ef0_0 .net *"_s12", 0 0, L_0xc577b0; 1 drivers
v0xc56f90_0 .net *"_s15", 0 0, L_0xc598f0; 1 drivers
v0xc57040_0 .net *"_s16", 0 0, L_0xc59990; 1 drivers
v0xc570e0_0 .net *"_s18", 0 0, L_0xc59a40; 1 drivers
v0xc57180_0 .net *"_s22", 0 0, L_0xc59c80; 1 drivers
v0xc57220_0 .net *"_s25", 0 0, L_0xc59ce0; 1 drivers
v0xc57310_0 .net *"_s27", 0 0, L_0xc59e10; 1 drivers
v0xc573b0_0 .net *"_s28", 0 0, L_0xc59eb0; 1 drivers
v0xc57450_0 .net *"_s30", 0 0, L_0xc59fb0; 1 drivers
v0xc574f0_0 .net *"_s7", 0 0, L_0xc59540; 1 drivers
v0xc57590_0 .net *"_s8", 0 0, L_0xc59630; 1 drivers
v0xc57630_0 .alias "clk", 0 0, v0xc58200_0;
v0xc57730_0 .alias "signal", 0 0, v0xc58100_0;
v0xc57840_0 .var "status", 1 0;
RS_0x7f4984656d98 .resolv tri, L_0xc594a0, L_0xc59b90, C4<zz>, C4<zz>;
v0xc576b0_0 .net8 "status_next", 1 0, RS_0x7f4984656d98; 2 drivers
v0xc57990_0 .alias "z", 0 0, v0xc58180_0;
E_0xc56710 .event posedge, v0xc553a0_0;
L_0xc591a0 .part v0xc57840_0, 1, 1;
L_0xc594a0 .part/pv L_0xc59a40, 0, 1, 2;
L_0xc59540 .part v0xc57840_0, 0, 1;
L_0xc598f0 .part v0xc57840_0, 1, 1;
L_0xc59b90 .part/pv L_0xc59fb0, 1, 1, 2;
L_0xc59ce0 .part v0xc57840_0, 0, 1;
L_0xc59e10 .part v0xc57840_0, 1, 1;
S_0xc56840 .scope module, "UBRG_inst" "UART_Baud_Rate_Generator" 3 72, 4 9, S_0xc54c50;
 .timescale -9 -12;
v0xc56960_0 .alias "brclk", 0 0, v0xc57ff0_0;
v0xc56a00_0 .var "clkout_reg", 0 0;
v0xc56aa0_0 .alias "reset", 0 0, v0xc58180_0;
v0xc56b50_0 .var "state", 8 0;
v0xc56c00_0 .alias "sysclk", 0 0, v0xc58200_0;
E_0xc56930/0 .event negedge, v0xc556d0_0;
E_0xc56930/1 .event posedge, v0xc553a0_0;
E_0xc56930 .event/or E_0xc56930/0, E_0xc56930/1;
S_0xc557f0 .scope module, "UART_Receiver_inst" "UART_Receiver" 3 78, 5 19, S_0xc54c50;
 .timescale -9 -12;
L_0xc5a270 .functor NOT 1, v0xc56110_0, C4<0>, C4<0>, C4<0>;
L_0xc5a2d0 .functor AND 1, L_0xc5a270, v0xc56740_0, C4<1>, C4<1>;
v0xc55e60_0 .alias "RX_DATA", 7 0, v0xc58730_0;
v0xc55f50_0 .var "RX_DATA_REG", 7 0;
v0xc55ff0_0 .var "RX_DATA_TEMP", 7 0;
v0xc56090_0 .alias "RX_STATUS", 0 0, v0xc57ba0_0;
v0xc56110_0 .var "RX_STATUS_REG", 0 0;
v0xc561b0_0 .alias "UART_RX", 0 0, v0xc57d20_0;
v0xc56250_0 .net *"_s2", 0 0, L_0xc5a270; 1 drivers
v0xc562f0_0 .alias "brclk", 0 0, v0xc57ff0_0;
v0xc56410_0 .var "count", 7 0;
v0xc564b0_0 .alias "reset", 0 0, v0xc58100_0;
v0xc56590_0 .net "sample_clk", 0 0, v0xc55c70_0; 1 drivers
v0xc56610_0 .var "sample_en", 0 0;
v0xc56690_0 .alias "sysclk", 0 0, v0xc58200_0;
v0xc56740_0 .var "x", 0 0;
E_0xc53d20/0 .event negedge, v0xc4e5e0_0;
E_0xc53d20/1 .event posedge, v0xc55bf0_0;
E_0xc53d20 .event/or E_0xc53d20/0, E_0xc53d20/1;
E_0xc55920/0 .event negedge, v0xc4e5e0_0;
E_0xc55920/1 .event posedge, v0xc553a0_0;
E_0xc55920 .event/or E_0xc55920/0, E_0xc55920/1;
E_0xc55970/0 .event negedge, v0xc4e5e0_0;
E_0xc55970/1 .event posedge, v0xc55510_0;
E_0xc55970 .event/or E_0xc55970/0, E_0xc55970/1;
S_0xc559c0 .scope module, "di" "divider_16" 5 32, 6 8, S_0xc557f0;
 .timescale -9 -12;
v0xc55b20_0 .alias "clkin", 0 0, v0xc57ff0_0;
v0xc55bf0_0 .alias "clkout", 0 0, v0xc56590_0;
v0xc55c70_0 .var "clkout_reg", 0 0;
v0xc55d10_0 .net "reset", 0 0, v0xc56610_0; 1 drivers
v0xc55dc0_0 .var "state", 2 0;
E_0xc55ab0/0 .event negedge, v0xc55d10_0;
E_0xc55ab0/1 .event posedge, v0xc55510_0;
E_0xc55ab0 .event/or E_0xc55ab0/0, E_0xc55ab0/1;
S_0xc55420 .scope module, "di" "divider_16" 3 88, 6 8, S_0xc54c50;
 .timescale -9 -12;
v0xc55510_0 .alias "clkin", 0 0, v0xc57ff0_0;
v0xc555d0_0 .alias "clkout", 0 0, v0xc57f70_0;
v0xc55650_0 .var "clkout_reg", 0 0;
v0xc556d0_0 .alias "reset", 0 0, v0xc58180_0;
v0xc55750_0 .var "state", 2 0;
E_0xc54770/0 .event negedge, v0xc556d0_0;
E_0xc54770/1 .event posedge, v0xc55510_0;
E_0xc54770 .event/or E_0xc54770/0, E_0xc54770/1;
S_0xc54d40 .scope module, "UART_Sender_inst" "UART_Sender" 3 90, 7 20, S_0xc54c50;
 .timescale -9 -12;
v0xc54a30_0 .alias "TX_DATA", 7 0, v0xc588c0_0;
v0xc54e30_0 .var "TX_DATA_REG", 7 0;
v0xc54eb0_0 .alias "TX_EN", 0 0, v0xc58490_0;
v0xc54f80_0 .alias "TX_STATUS", 0 0, v0xc585a0_0;
v0xc55050_0 .var "TX_STATUS_REG", 0 0;
v0xc550d0_0 .alias "UART_TX", 0 0, v0xc58840_0;
v0xc55150_0 .var "UART_TX_REG", 0 0;
v0xc551d0_0 .alias "baudclk", 0 0, v0xc57f70_0;
v0xc552a0_0 .var "count", 3 0;
v0xc55320_0 .alias "reset", 0 0, v0xc58100_0;
v0xc553a0_0 .alias "sysclk", 0 0, v0xc58200_0;
E_0xc54a00/0 .event negedge, v0xc4e5e0_0;
E_0xc54a00/1 .event posedge, v0xc4d9a0_0, v0xc551d0_0;
E_0xc54a00 .event/or E_0xc54a00/0, E_0xc54a00/1;
S_0xbd9050 .scope module, "uu" "DataMem" 2 53, 8 12, S_0xbd71c0;
 .timescale -9 -12;
P_0xbdc908 .param/l "RAM_SIZE" 8 61, +C4<0100000000>;
P_0xbdc930 .param/l "STACK_SIZE" 8 66, +C4<0100000000>;
v0xc4e7c0 .array "RAM_DATA", 0 255, 31 0;
v0xc51080_0 .alias "RX_EFF", 0 0, v0xc58390_0;
v0xc51130_0 .alias "RX_READ", 0 0, v0xc58410_0;
v0xc511e0 .array "STACK_DATA", 768 1023, 31 0;
v0xc53a30_0 .alias "TX_EN", 0 0, v0xc58490_0;
v0xc53ae0_0 .alias "TX_STATUS", 0 0, v0xc585a0_0;
v0xc53ba0_0 .alias "UART_RXD", 7 0, v0xc58730_0;
v0xc53c50_0 .alias "UART_TXD", 7 0, v0xc588c0_0;
v0xc53d50_0 .net "addr", 31 0, v0xc589d0_0; 1 drivers
v0xc53e00_0 .net "addr_eff", 9 0, L_0xc5aab0; 1 drivers
v0xc53ee0_0 .net "addr_lower", 1 0, L_0xc5aa10; 1 drivers
v0xc53f60_0 .net "addr_upper", 31 12, L_0xc5abe0; 1 drivers
v0xc54050_0 .net "clk", 0 0, v0xc58a50_0; 1 drivers
v0xc54100_0 .alias "digits", 11 0, v0xc58ad0_0;
v0xc54230_0 .var/i "i", 31 0;
v0xc542b0_0 .alias "interrupt", 0 0, v0xc58b50_0;
v0xc54180_0 .alias "led", 7 0, v0xc58bd0_0;
v0xc54420_0 .net "peripheral_racc", 0 0, v0xc4e390_0; 1 drivers
v0xc54540_0 .net "peripheral_rdata", 31 0, v0xc4e430_0; 1 drivers
v0xc545c0_0 .net "peripheral_wacc", 0 0, v0xc4e870_0; 1 drivers
v0xc544a0_0 .var "rdata", 31 0;
v0xc546f0_0 .net "read", 0 0, v0xc58da0_0; 1 drivers
v0xc54670_0 .var "read_acc", 0 0;
v0xc54830_0 .alias "reset", 0 0, v0xc58100_0;
v0xc547a0_0 .net "switch", 7 0, v0xc58f80_0; 1 drivers
v0xc54980_0 .net "wdata", 31 0, v0xc59120_0; 1 drivers
v0xc548b0_0 .net "write", 0 0, v0xc59250_0; 1 drivers
v0xc54ae0_0 .var "write_acc", 0 0;
E_0xc13890/0 .event edge, v0xc4e4b0_0, v0xc53ee0_0, v0xc53f60_0, v0xc53e00_0;
v0xc4e7c0_0 .array/port v0xc4e7c0, 0;
v0xc4e7c0_1 .array/port v0xc4e7c0, 1;
v0xc4e7c0_2 .array/port v0xc4e7c0, 2;
v0xc4e7c0_3 .array/port v0xc4e7c0, 3;
E_0xc13890/1 .event edge, v0xc4e7c0_0, v0xc4e7c0_1, v0xc4e7c0_2, v0xc4e7c0_3;
v0xc4e7c0_4 .array/port v0xc4e7c0, 4;
v0xc4e7c0_5 .array/port v0xc4e7c0, 5;
v0xc4e7c0_6 .array/port v0xc4e7c0, 6;
v0xc4e7c0_7 .array/port v0xc4e7c0, 7;
E_0xc13890/2 .event edge, v0xc4e7c0_4, v0xc4e7c0_5, v0xc4e7c0_6, v0xc4e7c0_7;
v0xc4e7c0_8 .array/port v0xc4e7c0, 8;
v0xc4e7c0_9 .array/port v0xc4e7c0, 9;
v0xc4e7c0_10 .array/port v0xc4e7c0, 10;
v0xc4e7c0_11 .array/port v0xc4e7c0, 11;
E_0xc13890/3 .event edge, v0xc4e7c0_8, v0xc4e7c0_9, v0xc4e7c0_10, v0xc4e7c0_11;
v0xc4e7c0_12 .array/port v0xc4e7c0, 12;
v0xc4e7c0_13 .array/port v0xc4e7c0, 13;
v0xc4e7c0_14 .array/port v0xc4e7c0, 14;
v0xc4e7c0_15 .array/port v0xc4e7c0, 15;
E_0xc13890/4 .event edge, v0xc4e7c0_12, v0xc4e7c0_13, v0xc4e7c0_14, v0xc4e7c0_15;
v0xc4e7c0_16 .array/port v0xc4e7c0, 16;
v0xc4e7c0_17 .array/port v0xc4e7c0, 17;
v0xc4e7c0_18 .array/port v0xc4e7c0, 18;
v0xc4e7c0_19 .array/port v0xc4e7c0, 19;
E_0xc13890/5 .event edge, v0xc4e7c0_16, v0xc4e7c0_17, v0xc4e7c0_18, v0xc4e7c0_19;
v0xc4e7c0_20 .array/port v0xc4e7c0, 20;
v0xc4e7c0_21 .array/port v0xc4e7c0, 21;
v0xc4e7c0_22 .array/port v0xc4e7c0, 22;
v0xc4e7c0_23 .array/port v0xc4e7c0, 23;
E_0xc13890/6 .event edge, v0xc4e7c0_20, v0xc4e7c0_21, v0xc4e7c0_22, v0xc4e7c0_23;
v0xc4e7c0_24 .array/port v0xc4e7c0, 24;
v0xc4e7c0_25 .array/port v0xc4e7c0, 25;
v0xc4e7c0_26 .array/port v0xc4e7c0, 26;
v0xc4e7c0_27 .array/port v0xc4e7c0, 27;
E_0xc13890/7 .event edge, v0xc4e7c0_24, v0xc4e7c0_25, v0xc4e7c0_26, v0xc4e7c0_27;
v0xc4e7c0_28 .array/port v0xc4e7c0, 28;
v0xc4e7c0_29 .array/port v0xc4e7c0, 29;
v0xc4e7c0_30 .array/port v0xc4e7c0, 30;
v0xc4e7c0_31 .array/port v0xc4e7c0, 31;
E_0xc13890/8 .event edge, v0xc4e7c0_28, v0xc4e7c0_29, v0xc4e7c0_30, v0xc4e7c0_31;
v0xc4e7c0_32 .array/port v0xc4e7c0, 32;
v0xc4e7c0_33 .array/port v0xc4e7c0, 33;
v0xc4e7c0_34 .array/port v0xc4e7c0, 34;
v0xc4e7c0_35 .array/port v0xc4e7c0, 35;
E_0xc13890/9 .event edge, v0xc4e7c0_32, v0xc4e7c0_33, v0xc4e7c0_34, v0xc4e7c0_35;
v0xc4e7c0_36 .array/port v0xc4e7c0, 36;
v0xc4e7c0_37 .array/port v0xc4e7c0, 37;
v0xc4e7c0_38 .array/port v0xc4e7c0, 38;
v0xc4e7c0_39 .array/port v0xc4e7c0, 39;
E_0xc13890/10 .event edge, v0xc4e7c0_36, v0xc4e7c0_37, v0xc4e7c0_38, v0xc4e7c0_39;
v0xc4e7c0_40 .array/port v0xc4e7c0, 40;
v0xc4e7c0_41 .array/port v0xc4e7c0, 41;
v0xc4e7c0_42 .array/port v0xc4e7c0, 42;
v0xc4e7c0_43 .array/port v0xc4e7c0, 43;
E_0xc13890/11 .event edge, v0xc4e7c0_40, v0xc4e7c0_41, v0xc4e7c0_42, v0xc4e7c0_43;
v0xc4e7c0_44 .array/port v0xc4e7c0, 44;
v0xc4e7c0_45 .array/port v0xc4e7c0, 45;
v0xc4e7c0_46 .array/port v0xc4e7c0, 46;
v0xc4e7c0_47 .array/port v0xc4e7c0, 47;
E_0xc13890/12 .event edge, v0xc4e7c0_44, v0xc4e7c0_45, v0xc4e7c0_46, v0xc4e7c0_47;
v0xc4e7c0_48 .array/port v0xc4e7c0, 48;
v0xc4e7c0_49 .array/port v0xc4e7c0, 49;
v0xc4e7c0_50 .array/port v0xc4e7c0, 50;
v0xc4e7c0_51 .array/port v0xc4e7c0, 51;
E_0xc13890/13 .event edge, v0xc4e7c0_48, v0xc4e7c0_49, v0xc4e7c0_50, v0xc4e7c0_51;
v0xc4e7c0_52 .array/port v0xc4e7c0, 52;
v0xc4e7c0_53 .array/port v0xc4e7c0, 53;
v0xc4e7c0_54 .array/port v0xc4e7c0, 54;
v0xc4e7c0_55 .array/port v0xc4e7c0, 55;
E_0xc13890/14 .event edge, v0xc4e7c0_52, v0xc4e7c0_53, v0xc4e7c0_54, v0xc4e7c0_55;
v0xc4e7c0_56 .array/port v0xc4e7c0, 56;
v0xc4e7c0_57 .array/port v0xc4e7c0, 57;
v0xc4e7c0_58 .array/port v0xc4e7c0, 58;
v0xc4e7c0_59 .array/port v0xc4e7c0, 59;
E_0xc13890/15 .event edge, v0xc4e7c0_56, v0xc4e7c0_57, v0xc4e7c0_58, v0xc4e7c0_59;
v0xc4e7c0_60 .array/port v0xc4e7c0, 60;
v0xc4e7c0_61 .array/port v0xc4e7c0, 61;
v0xc4e7c0_62 .array/port v0xc4e7c0, 62;
v0xc4e7c0_63 .array/port v0xc4e7c0, 63;
E_0xc13890/16 .event edge, v0xc4e7c0_60, v0xc4e7c0_61, v0xc4e7c0_62, v0xc4e7c0_63;
v0xc4e7c0_64 .array/port v0xc4e7c0, 64;
v0xc4e7c0_65 .array/port v0xc4e7c0, 65;
v0xc4e7c0_66 .array/port v0xc4e7c0, 66;
v0xc4e7c0_67 .array/port v0xc4e7c0, 67;
E_0xc13890/17 .event edge, v0xc4e7c0_64, v0xc4e7c0_65, v0xc4e7c0_66, v0xc4e7c0_67;
v0xc4e7c0_68 .array/port v0xc4e7c0, 68;
v0xc4e7c0_69 .array/port v0xc4e7c0, 69;
v0xc4e7c0_70 .array/port v0xc4e7c0, 70;
v0xc4e7c0_71 .array/port v0xc4e7c0, 71;
E_0xc13890/18 .event edge, v0xc4e7c0_68, v0xc4e7c0_69, v0xc4e7c0_70, v0xc4e7c0_71;
v0xc4e7c0_72 .array/port v0xc4e7c0, 72;
v0xc4e7c0_73 .array/port v0xc4e7c0, 73;
v0xc4e7c0_74 .array/port v0xc4e7c0, 74;
v0xc4e7c0_75 .array/port v0xc4e7c0, 75;
E_0xc13890/19 .event edge, v0xc4e7c0_72, v0xc4e7c0_73, v0xc4e7c0_74, v0xc4e7c0_75;
v0xc4e7c0_76 .array/port v0xc4e7c0, 76;
v0xc4e7c0_77 .array/port v0xc4e7c0, 77;
v0xc4e7c0_78 .array/port v0xc4e7c0, 78;
v0xc4e7c0_79 .array/port v0xc4e7c0, 79;
E_0xc13890/20 .event edge, v0xc4e7c0_76, v0xc4e7c0_77, v0xc4e7c0_78, v0xc4e7c0_79;
v0xc4e7c0_80 .array/port v0xc4e7c0, 80;
v0xc4e7c0_81 .array/port v0xc4e7c0, 81;
v0xc4e7c0_82 .array/port v0xc4e7c0, 82;
v0xc4e7c0_83 .array/port v0xc4e7c0, 83;
E_0xc13890/21 .event edge, v0xc4e7c0_80, v0xc4e7c0_81, v0xc4e7c0_82, v0xc4e7c0_83;
v0xc4e7c0_84 .array/port v0xc4e7c0, 84;
v0xc4e7c0_85 .array/port v0xc4e7c0, 85;
v0xc4e7c0_86 .array/port v0xc4e7c0, 86;
v0xc4e7c0_87 .array/port v0xc4e7c0, 87;
E_0xc13890/22 .event edge, v0xc4e7c0_84, v0xc4e7c0_85, v0xc4e7c0_86, v0xc4e7c0_87;
v0xc4e7c0_88 .array/port v0xc4e7c0, 88;
v0xc4e7c0_89 .array/port v0xc4e7c0, 89;
v0xc4e7c0_90 .array/port v0xc4e7c0, 90;
v0xc4e7c0_91 .array/port v0xc4e7c0, 91;
E_0xc13890/23 .event edge, v0xc4e7c0_88, v0xc4e7c0_89, v0xc4e7c0_90, v0xc4e7c0_91;
v0xc4e7c0_92 .array/port v0xc4e7c0, 92;
v0xc4e7c0_93 .array/port v0xc4e7c0, 93;
v0xc4e7c0_94 .array/port v0xc4e7c0, 94;
v0xc4e7c0_95 .array/port v0xc4e7c0, 95;
E_0xc13890/24 .event edge, v0xc4e7c0_92, v0xc4e7c0_93, v0xc4e7c0_94, v0xc4e7c0_95;
v0xc4e7c0_96 .array/port v0xc4e7c0, 96;
v0xc4e7c0_97 .array/port v0xc4e7c0, 97;
v0xc4e7c0_98 .array/port v0xc4e7c0, 98;
v0xc4e7c0_99 .array/port v0xc4e7c0, 99;
E_0xc13890/25 .event edge, v0xc4e7c0_96, v0xc4e7c0_97, v0xc4e7c0_98, v0xc4e7c0_99;
v0xc4e7c0_100 .array/port v0xc4e7c0, 100;
v0xc4e7c0_101 .array/port v0xc4e7c0, 101;
v0xc4e7c0_102 .array/port v0xc4e7c0, 102;
v0xc4e7c0_103 .array/port v0xc4e7c0, 103;
E_0xc13890/26 .event edge, v0xc4e7c0_100, v0xc4e7c0_101, v0xc4e7c0_102, v0xc4e7c0_103;
v0xc4e7c0_104 .array/port v0xc4e7c0, 104;
v0xc4e7c0_105 .array/port v0xc4e7c0, 105;
v0xc4e7c0_106 .array/port v0xc4e7c0, 106;
v0xc4e7c0_107 .array/port v0xc4e7c0, 107;
E_0xc13890/27 .event edge, v0xc4e7c0_104, v0xc4e7c0_105, v0xc4e7c0_106, v0xc4e7c0_107;
v0xc4e7c0_108 .array/port v0xc4e7c0, 108;
v0xc4e7c0_109 .array/port v0xc4e7c0, 109;
v0xc4e7c0_110 .array/port v0xc4e7c0, 110;
v0xc4e7c0_111 .array/port v0xc4e7c0, 111;
E_0xc13890/28 .event edge, v0xc4e7c0_108, v0xc4e7c0_109, v0xc4e7c0_110, v0xc4e7c0_111;
v0xc4e7c0_112 .array/port v0xc4e7c0, 112;
v0xc4e7c0_113 .array/port v0xc4e7c0, 113;
v0xc4e7c0_114 .array/port v0xc4e7c0, 114;
v0xc4e7c0_115 .array/port v0xc4e7c0, 115;
E_0xc13890/29 .event edge, v0xc4e7c0_112, v0xc4e7c0_113, v0xc4e7c0_114, v0xc4e7c0_115;
v0xc4e7c0_116 .array/port v0xc4e7c0, 116;
v0xc4e7c0_117 .array/port v0xc4e7c0, 117;
v0xc4e7c0_118 .array/port v0xc4e7c0, 118;
v0xc4e7c0_119 .array/port v0xc4e7c0, 119;
E_0xc13890/30 .event edge, v0xc4e7c0_116, v0xc4e7c0_117, v0xc4e7c0_118, v0xc4e7c0_119;
v0xc4e7c0_120 .array/port v0xc4e7c0, 120;
v0xc4e7c0_121 .array/port v0xc4e7c0, 121;
v0xc4e7c0_122 .array/port v0xc4e7c0, 122;
v0xc4e7c0_123 .array/port v0xc4e7c0, 123;
E_0xc13890/31 .event edge, v0xc4e7c0_120, v0xc4e7c0_121, v0xc4e7c0_122, v0xc4e7c0_123;
v0xc4e7c0_124 .array/port v0xc4e7c0, 124;
v0xc4e7c0_125 .array/port v0xc4e7c0, 125;
v0xc4e7c0_126 .array/port v0xc4e7c0, 126;
v0xc4e7c0_127 .array/port v0xc4e7c0, 127;
E_0xc13890/32 .event edge, v0xc4e7c0_124, v0xc4e7c0_125, v0xc4e7c0_126, v0xc4e7c0_127;
v0xc4e7c0_128 .array/port v0xc4e7c0, 128;
v0xc4e7c0_129 .array/port v0xc4e7c0, 129;
v0xc4e7c0_130 .array/port v0xc4e7c0, 130;
v0xc4e7c0_131 .array/port v0xc4e7c0, 131;
E_0xc13890/33 .event edge, v0xc4e7c0_128, v0xc4e7c0_129, v0xc4e7c0_130, v0xc4e7c0_131;
v0xc4e7c0_132 .array/port v0xc4e7c0, 132;
v0xc4e7c0_133 .array/port v0xc4e7c0, 133;
v0xc4e7c0_134 .array/port v0xc4e7c0, 134;
v0xc4e7c0_135 .array/port v0xc4e7c0, 135;
E_0xc13890/34 .event edge, v0xc4e7c0_132, v0xc4e7c0_133, v0xc4e7c0_134, v0xc4e7c0_135;
v0xc4e7c0_136 .array/port v0xc4e7c0, 136;
v0xc4e7c0_137 .array/port v0xc4e7c0, 137;
v0xc4e7c0_138 .array/port v0xc4e7c0, 138;
v0xc4e7c0_139 .array/port v0xc4e7c0, 139;
E_0xc13890/35 .event edge, v0xc4e7c0_136, v0xc4e7c0_137, v0xc4e7c0_138, v0xc4e7c0_139;
v0xc4e7c0_140 .array/port v0xc4e7c0, 140;
v0xc4e7c0_141 .array/port v0xc4e7c0, 141;
v0xc4e7c0_142 .array/port v0xc4e7c0, 142;
v0xc4e7c0_143 .array/port v0xc4e7c0, 143;
E_0xc13890/36 .event edge, v0xc4e7c0_140, v0xc4e7c0_141, v0xc4e7c0_142, v0xc4e7c0_143;
v0xc4e7c0_144 .array/port v0xc4e7c0, 144;
v0xc4e7c0_145 .array/port v0xc4e7c0, 145;
v0xc4e7c0_146 .array/port v0xc4e7c0, 146;
v0xc4e7c0_147 .array/port v0xc4e7c0, 147;
E_0xc13890/37 .event edge, v0xc4e7c0_144, v0xc4e7c0_145, v0xc4e7c0_146, v0xc4e7c0_147;
v0xc4e7c0_148 .array/port v0xc4e7c0, 148;
v0xc4e7c0_149 .array/port v0xc4e7c0, 149;
v0xc4e7c0_150 .array/port v0xc4e7c0, 150;
v0xc4e7c0_151 .array/port v0xc4e7c0, 151;
E_0xc13890/38 .event edge, v0xc4e7c0_148, v0xc4e7c0_149, v0xc4e7c0_150, v0xc4e7c0_151;
v0xc4e7c0_152 .array/port v0xc4e7c0, 152;
v0xc4e7c0_153 .array/port v0xc4e7c0, 153;
v0xc4e7c0_154 .array/port v0xc4e7c0, 154;
v0xc4e7c0_155 .array/port v0xc4e7c0, 155;
E_0xc13890/39 .event edge, v0xc4e7c0_152, v0xc4e7c0_153, v0xc4e7c0_154, v0xc4e7c0_155;
v0xc4e7c0_156 .array/port v0xc4e7c0, 156;
v0xc4e7c0_157 .array/port v0xc4e7c0, 157;
v0xc4e7c0_158 .array/port v0xc4e7c0, 158;
v0xc4e7c0_159 .array/port v0xc4e7c0, 159;
E_0xc13890/40 .event edge, v0xc4e7c0_156, v0xc4e7c0_157, v0xc4e7c0_158, v0xc4e7c0_159;
v0xc4e7c0_160 .array/port v0xc4e7c0, 160;
v0xc4e7c0_161 .array/port v0xc4e7c0, 161;
v0xc4e7c0_162 .array/port v0xc4e7c0, 162;
v0xc4e7c0_163 .array/port v0xc4e7c0, 163;
E_0xc13890/41 .event edge, v0xc4e7c0_160, v0xc4e7c0_161, v0xc4e7c0_162, v0xc4e7c0_163;
v0xc4e7c0_164 .array/port v0xc4e7c0, 164;
v0xc4e7c0_165 .array/port v0xc4e7c0, 165;
v0xc4e7c0_166 .array/port v0xc4e7c0, 166;
v0xc4e7c0_167 .array/port v0xc4e7c0, 167;
E_0xc13890/42 .event edge, v0xc4e7c0_164, v0xc4e7c0_165, v0xc4e7c0_166, v0xc4e7c0_167;
v0xc4e7c0_168 .array/port v0xc4e7c0, 168;
v0xc4e7c0_169 .array/port v0xc4e7c0, 169;
v0xc4e7c0_170 .array/port v0xc4e7c0, 170;
v0xc4e7c0_171 .array/port v0xc4e7c0, 171;
E_0xc13890/43 .event edge, v0xc4e7c0_168, v0xc4e7c0_169, v0xc4e7c0_170, v0xc4e7c0_171;
v0xc4e7c0_172 .array/port v0xc4e7c0, 172;
v0xc4e7c0_173 .array/port v0xc4e7c0, 173;
v0xc4e7c0_174 .array/port v0xc4e7c0, 174;
v0xc4e7c0_175 .array/port v0xc4e7c0, 175;
E_0xc13890/44 .event edge, v0xc4e7c0_172, v0xc4e7c0_173, v0xc4e7c0_174, v0xc4e7c0_175;
v0xc4e7c0_176 .array/port v0xc4e7c0, 176;
v0xc4e7c0_177 .array/port v0xc4e7c0, 177;
v0xc4e7c0_178 .array/port v0xc4e7c0, 178;
v0xc4e7c0_179 .array/port v0xc4e7c0, 179;
E_0xc13890/45 .event edge, v0xc4e7c0_176, v0xc4e7c0_177, v0xc4e7c0_178, v0xc4e7c0_179;
v0xc4e7c0_180 .array/port v0xc4e7c0, 180;
v0xc4e7c0_181 .array/port v0xc4e7c0, 181;
v0xc4e7c0_182 .array/port v0xc4e7c0, 182;
v0xc4e7c0_183 .array/port v0xc4e7c0, 183;
E_0xc13890/46 .event edge, v0xc4e7c0_180, v0xc4e7c0_181, v0xc4e7c0_182, v0xc4e7c0_183;
v0xc4e7c0_184 .array/port v0xc4e7c0, 184;
v0xc4e7c0_185 .array/port v0xc4e7c0, 185;
v0xc4e7c0_186 .array/port v0xc4e7c0, 186;
v0xc4e7c0_187 .array/port v0xc4e7c0, 187;
E_0xc13890/47 .event edge, v0xc4e7c0_184, v0xc4e7c0_185, v0xc4e7c0_186, v0xc4e7c0_187;
v0xc4e7c0_188 .array/port v0xc4e7c0, 188;
v0xc4e7c0_189 .array/port v0xc4e7c0, 189;
v0xc4e7c0_190 .array/port v0xc4e7c0, 190;
v0xc4e7c0_191 .array/port v0xc4e7c0, 191;
E_0xc13890/48 .event edge, v0xc4e7c0_188, v0xc4e7c0_189, v0xc4e7c0_190, v0xc4e7c0_191;
v0xc4e7c0_192 .array/port v0xc4e7c0, 192;
v0xc4e7c0_193 .array/port v0xc4e7c0, 193;
v0xc4e7c0_194 .array/port v0xc4e7c0, 194;
v0xc4e7c0_195 .array/port v0xc4e7c0, 195;
E_0xc13890/49 .event edge, v0xc4e7c0_192, v0xc4e7c0_193, v0xc4e7c0_194, v0xc4e7c0_195;
v0xc4e7c0_196 .array/port v0xc4e7c0, 196;
v0xc4e7c0_197 .array/port v0xc4e7c0, 197;
v0xc4e7c0_198 .array/port v0xc4e7c0, 198;
v0xc4e7c0_199 .array/port v0xc4e7c0, 199;
E_0xc13890/50 .event edge, v0xc4e7c0_196, v0xc4e7c0_197, v0xc4e7c0_198, v0xc4e7c0_199;
v0xc4e7c0_200 .array/port v0xc4e7c0, 200;
v0xc4e7c0_201 .array/port v0xc4e7c0, 201;
v0xc4e7c0_202 .array/port v0xc4e7c0, 202;
v0xc4e7c0_203 .array/port v0xc4e7c0, 203;
E_0xc13890/51 .event edge, v0xc4e7c0_200, v0xc4e7c0_201, v0xc4e7c0_202, v0xc4e7c0_203;
v0xc4e7c0_204 .array/port v0xc4e7c0, 204;
v0xc4e7c0_205 .array/port v0xc4e7c0, 205;
v0xc4e7c0_206 .array/port v0xc4e7c0, 206;
v0xc4e7c0_207 .array/port v0xc4e7c0, 207;
E_0xc13890/52 .event edge, v0xc4e7c0_204, v0xc4e7c0_205, v0xc4e7c0_206, v0xc4e7c0_207;
v0xc4e7c0_208 .array/port v0xc4e7c0, 208;
v0xc4e7c0_209 .array/port v0xc4e7c0, 209;
v0xc4e7c0_210 .array/port v0xc4e7c0, 210;
v0xc4e7c0_211 .array/port v0xc4e7c0, 211;
E_0xc13890/53 .event edge, v0xc4e7c0_208, v0xc4e7c0_209, v0xc4e7c0_210, v0xc4e7c0_211;
v0xc4e7c0_212 .array/port v0xc4e7c0, 212;
v0xc4e7c0_213 .array/port v0xc4e7c0, 213;
v0xc4e7c0_214 .array/port v0xc4e7c0, 214;
v0xc4e7c0_215 .array/port v0xc4e7c0, 215;
E_0xc13890/54 .event edge, v0xc4e7c0_212, v0xc4e7c0_213, v0xc4e7c0_214, v0xc4e7c0_215;
v0xc4e7c0_216 .array/port v0xc4e7c0, 216;
v0xc4e7c0_217 .array/port v0xc4e7c0, 217;
v0xc4e7c0_218 .array/port v0xc4e7c0, 218;
v0xc4e7c0_219 .array/port v0xc4e7c0, 219;
E_0xc13890/55 .event edge, v0xc4e7c0_216, v0xc4e7c0_217, v0xc4e7c0_218, v0xc4e7c0_219;
v0xc4e7c0_220 .array/port v0xc4e7c0, 220;
v0xc4e7c0_221 .array/port v0xc4e7c0, 221;
v0xc4e7c0_222 .array/port v0xc4e7c0, 222;
v0xc4e7c0_223 .array/port v0xc4e7c0, 223;
E_0xc13890/56 .event edge, v0xc4e7c0_220, v0xc4e7c0_221, v0xc4e7c0_222, v0xc4e7c0_223;
v0xc4e7c0_224 .array/port v0xc4e7c0, 224;
v0xc4e7c0_225 .array/port v0xc4e7c0, 225;
v0xc4e7c0_226 .array/port v0xc4e7c0, 226;
v0xc4e7c0_227 .array/port v0xc4e7c0, 227;
E_0xc13890/57 .event edge, v0xc4e7c0_224, v0xc4e7c0_225, v0xc4e7c0_226, v0xc4e7c0_227;
v0xc4e7c0_228 .array/port v0xc4e7c0, 228;
v0xc4e7c0_229 .array/port v0xc4e7c0, 229;
v0xc4e7c0_230 .array/port v0xc4e7c0, 230;
v0xc4e7c0_231 .array/port v0xc4e7c0, 231;
E_0xc13890/58 .event edge, v0xc4e7c0_228, v0xc4e7c0_229, v0xc4e7c0_230, v0xc4e7c0_231;
v0xc4e7c0_232 .array/port v0xc4e7c0, 232;
v0xc4e7c0_233 .array/port v0xc4e7c0, 233;
v0xc4e7c0_234 .array/port v0xc4e7c0, 234;
v0xc4e7c0_235 .array/port v0xc4e7c0, 235;
E_0xc13890/59 .event edge, v0xc4e7c0_232, v0xc4e7c0_233, v0xc4e7c0_234, v0xc4e7c0_235;
v0xc4e7c0_236 .array/port v0xc4e7c0, 236;
v0xc4e7c0_237 .array/port v0xc4e7c0, 237;
v0xc4e7c0_238 .array/port v0xc4e7c0, 238;
v0xc4e7c0_239 .array/port v0xc4e7c0, 239;
E_0xc13890/60 .event edge, v0xc4e7c0_236, v0xc4e7c0_237, v0xc4e7c0_238, v0xc4e7c0_239;
v0xc4e7c0_240 .array/port v0xc4e7c0, 240;
v0xc4e7c0_241 .array/port v0xc4e7c0, 241;
v0xc4e7c0_242 .array/port v0xc4e7c0, 242;
v0xc4e7c0_243 .array/port v0xc4e7c0, 243;
E_0xc13890/61 .event edge, v0xc4e7c0_240, v0xc4e7c0_241, v0xc4e7c0_242, v0xc4e7c0_243;
v0xc4e7c0_244 .array/port v0xc4e7c0, 244;
v0xc4e7c0_245 .array/port v0xc4e7c0, 245;
v0xc4e7c0_246 .array/port v0xc4e7c0, 246;
v0xc4e7c0_247 .array/port v0xc4e7c0, 247;
E_0xc13890/62 .event edge, v0xc4e7c0_244, v0xc4e7c0_245, v0xc4e7c0_246, v0xc4e7c0_247;
v0xc4e7c0_248 .array/port v0xc4e7c0, 248;
v0xc4e7c0_249 .array/port v0xc4e7c0, 249;
v0xc4e7c0_250 .array/port v0xc4e7c0, 250;
v0xc4e7c0_251 .array/port v0xc4e7c0, 251;
E_0xc13890/63 .event edge, v0xc4e7c0_248, v0xc4e7c0_249, v0xc4e7c0_250, v0xc4e7c0_251;
v0xc4e7c0_252 .array/port v0xc4e7c0, 252;
v0xc4e7c0_253 .array/port v0xc4e7c0, 253;
v0xc4e7c0_254 .array/port v0xc4e7c0, 254;
v0xc4e7c0_255 .array/port v0xc4e7c0, 255;
E_0xc13890/64 .event edge, v0xc4e7c0_252, v0xc4e7c0_253, v0xc4e7c0_254, v0xc4e7c0_255;
v0xc511e0_0 .array/port v0xc511e0, 0;
v0xc511e0_1 .array/port v0xc511e0, 1;
v0xc511e0_2 .array/port v0xc511e0, 2;
v0xc511e0_3 .array/port v0xc511e0, 3;
E_0xc13890/65 .event edge, v0xc511e0_0, v0xc511e0_1, v0xc511e0_2, v0xc511e0_3;
v0xc511e0_4 .array/port v0xc511e0, 4;
v0xc511e0_5 .array/port v0xc511e0, 5;
v0xc511e0_6 .array/port v0xc511e0, 6;
v0xc511e0_7 .array/port v0xc511e0, 7;
E_0xc13890/66 .event edge, v0xc511e0_4, v0xc511e0_5, v0xc511e0_6, v0xc511e0_7;
v0xc511e0_8 .array/port v0xc511e0, 8;
v0xc511e0_9 .array/port v0xc511e0, 9;
v0xc511e0_10 .array/port v0xc511e0, 10;
v0xc511e0_11 .array/port v0xc511e0, 11;
E_0xc13890/67 .event edge, v0xc511e0_8, v0xc511e0_9, v0xc511e0_10, v0xc511e0_11;
v0xc511e0_12 .array/port v0xc511e0, 12;
v0xc511e0_13 .array/port v0xc511e0, 13;
v0xc511e0_14 .array/port v0xc511e0, 14;
v0xc511e0_15 .array/port v0xc511e0, 15;
E_0xc13890/68 .event edge, v0xc511e0_12, v0xc511e0_13, v0xc511e0_14, v0xc511e0_15;
v0xc511e0_16 .array/port v0xc511e0, 16;
v0xc511e0_17 .array/port v0xc511e0, 17;
v0xc511e0_18 .array/port v0xc511e0, 18;
v0xc511e0_19 .array/port v0xc511e0, 19;
E_0xc13890/69 .event edge, v0xc511e0_16, v0xc511e0_17, v0xc511e0_18, v0xc511e0_19;
v0xc511e0_20 .array/port v0xc511e0, 20;
v0xc511e0_21 .array/port v0xc511e0, 21;
v0xc511e0_22 .array/port v0xc511e0, 22;
v0xc511e0_23 .array/port v0xc511e0, 23;
E_0xc13890/70 .event edge, v0xc511e0_20, v0xc511e0_21, v0xc511e0_22, v0xc511e0_23;
v0xc511e0_24 .array/port v0xc511e0, 24;
v0xc511e0_25 .array/port v0xc511e0, 25;
v0xc511e0_26 .array/port v0xc511e0, 26;
v0xc511e0_27 .array/port v0xc511e0, 27;
E_0xc13890/71 .event edge, v0xc511e0_24, v0xc511e0_25, v0xc511e0_26, v0xc511e0_27;
v0xc511e0_28 .array/port v0xc511e0, 28;
v0xc511e0_29 .array/port v0xc511e0, 29;
v0xc511e0_30 .array/port v0xc511e0, 30;
v0xc511e0_31 .array/port v0xc511e0, 31;
E_0xc13890/72 .event edge, v0xc511e0_28, v0xc511e0_29, v0xc511e0_30, v0xc511e0_31;
v0xc511e0_32 .array/port v0xc511e0, 32;
v0xc511e0_33 .array/port v0xc511e0, 33;
v0xc511e0_34 .array/port v0xc511e0, 34;
v0xc511e0_35 .array/port v0xc511e0, 35;
E_0xc13890/73 .event edge, v0xc511e0_32, v0xc511e0_33, v0xc511e0_34, v0xc511e0_35;
v0xc511e0_36 .array/port v0xc511e0, 36;
v0xc511e0_37 .array/port v0xc511e0, 37;
v0xc511e0_38 .array/port v0xc511e0, 38;
v0xc511e0_39 .array/port v0xc511e0, 39;
E_0xc13890/74 .event edge, v0xc511e0_36, v0xc511e0_37, v0xc511e0_38, v0xc511e0_39;
v0xc511e0_40 .array/port v0xc511e0, 40;
v0xc511e0_41 .array/port v0xc511e0, 41;
v0xc511e0_42 .array/port v0xc511e0, 42;
v0xc511e0_43 .array/port v0xc511e0, 43;
E_0xc13890/75 .event edge, v0xc511e0_40, v0xc511e0_41, v0xc511e0_42, v0xc511e0_43;
v0xc511e0_44 .array/port v0xc511e0, 44;
v0xc511e0_45 .array/port v0xc511e0, 45;
v0xc511e0_46 .array/port v0xc511e0, 46;
v0xc511e0_47 .array/port v0xc511e0, 47;
E_0xc13890/76 .event edge, v0xc511e0_44, v0xc511e0_45, v0xc511e0_46, v0xc511e0_47;
v0xc511e0_48 .array/port v0xc511e0, 48;
v0xc511e0_49 .array/port v0xc511e0, 49;
v0xc511e0_50 .array/port v0xc511e0, 50;
v0xc511e0_51 .array/port v0xc511e0, 51;
E_0xc13890/77 .event edge, v0xc511e0_48, v0xc511e0_49, v0xc511e0_50, v0xc511e0_51;
v0xc511e0_52 .array/port v0xc511e0, 52;
v0xc511e0_53 .array/port v0xc511e0, 53;
v0xc511e0_54 .array/port v0xc511e0, 54;
v0xc511e0_55 .array/port v0xc511e0, 55;
E_0xc13890/78 .event edge, v0xc511e0_52, v0xc511e0_53, v0xc511e0_54, v0xc511e0_55;
v0xc511e0_56 .array/port v0xc511e0, 56;
v0xc511e0_57 .array/port v0xc511e0, 57;
v0xc511e0_58 .array/port v0xc511e0, 58;
v0xc511e0_59 .array/port v0xc511e0, 59;
E_0xc13890/79 .event edge, v0xc511e0_56, v0xc511e0_57, v0xc511e0_58, v0xc511e0_59;
v0xc511e0_60 .array/port v0xc511e0, 60;
v0xc511e0_61 .array/port v0xc511e0, 61;
v0xc511e0_62 .array/port v0xc511e0, 62;
v0xc511e0_63 .array/port v0xc511e0, 63;
E_0xc13890/80 .event edge, v0xc511e0_60, v0xc511e0_61, v0xc511e0_62, v0xc511e0_63;
v0xc511e0_64 .array/port v0xc511e0, 64;
v0xc511e0_65 .array/port v0xc511e0, 65;
v0xc511e0_66 .array/port v0xc511e0, 66;
v0xc511e0_67 .array/port v0xc511e0, 67;
E_0xc13890/81 .event edge, v0xc511e0_64, v0xc511e0_65, v0xc511e0_66, v0xc511e0_67;
v0xc511e0_68 .array/port v0xc511e0, 68;
v0xc511e0_69 .array/port v0xc511e0, 69;
v0xc511e0_70 .array/port v0xc511e0, 70;
v0xc511e0_71 .array/port v0xc511e0, 71;
E_0xc13890/82 .event edge, v0xc511e0_68, v0xc511e0_69, v0xc511e0_70, v0xc511e0_71;
v0xc511e0_72 .array/port v0xc511e0, 72;
v0xc511e0_73 .array/port v0xc511e0, 73;
v0xc511e0_74 .array/port v0xc511e0, 74;
v0xc511e0_75 .array/port v0xc511e0, 75;
E_0xc13890/83 .event edge, v0xc511e0_72, v0xc511e0_73, v0xc511e0_74, v0xc511e0_75;
v0xc511e0_76 .array/port v0xc511e0, 76;
v0xc511e0_77 .array/port v0xc511e0, 77;
v0xc511e0_78 .array/port v0xc511e0, 78;
v0xc511e0_79 .array/port v0xc511e0, 79;
E_0xc13890/84 .event edge, v0xc511e0_76, v0xc511e0_77, v0xc511e0_78, v0xc511e0_79;
v0xc511e0_80 .array/port v0xc511e0, 80;
v0xc511e0_81 .array/port v0xc511e0, 81;
v0xc511e0_82 .array/port v0xc511e0, 82;
v0xc511e0_83 .array/port v0xc511e0, 83;
E_0xc13890/85 .event edge, v0xc511e0_80, v0xc511e0_81, v0xc511e0_82, v0xc511e0_83;
v0xc511e0_84 .array/port v0xc511e0, 84;
v0xc511e0_85 .array/port v0xc511e0, 85;
v0xc511e0_86 .array/port v0xc511e0, 86;
v0xc511e0_87 .array/port v0xc511e0, 87;
E_0xc13890/86 .event edge, v0xc511e0_84, v0xc511e0_85, v0xc511e0_86, v0xc511e0_87;
v0xc511e0_88 .array/port v0xc511e0, 88;
v0xc511e0_89 .array/port v0xc511e0, 89;
v0xc511e0_90 .array/port v0xc511e0, 90;
v0xc511e0_91 .array/port v0xc511e0, 91;
E_0xc13890/87 .event edge, v0xc511e0_88, v0xc511e0_89, v0xc511e0_90, v0xc511e0_91;
v0xc511e0_92 .array/port v0xc511e0, 92;
v0xc511e0_93 .array/port v0xc511e0, 93;
v0xc511e0_94 .array/port v0xc511e0, 94;
v0xc511e0_95 .array/port v0xc511e0, 95;
E_0xc13890/88 .event edge, v0xc511e0_92, v0xc511e0_93, v0xc511e0_94, v0xc511e0_95;
v0xc511e0_96 .array/port v0xc511e0, 96;
v0xc511e0_97 .array/port v0xc511e0, 97;
v0xc511e0_98 .array/port v0xc511e0, 98;
v0xc511e0_99 .array/port v0xc511e0, 99;
E_0xc13890/89 .event edge, v0xc511e0_96, v0xc511e0_97, v0xc511e0_98, v0xc511e0_99;
v0xc511e0_100 .array/port v0xc511e0, 100;
v0xc511e0_101 .array/port v0xc511e0, 101;
v0xc511e0_102 .array/port v0xc511e0, 102;
v0xc511e0_103 .array/port v0xc511e0, 103;
E_0xc13890/90 .event edge, v0xc511e0_100, v0xc511e0_101, v0xc511e0_102, v0xc511e0_103;
v0xc511e0_104 .array/port v0xc511e0, 104;
v0xc511e0_105 .array/port v0xc511e0, 105;
v0xc511e0_106 .array/port v0xc511e0, 106;
v0xc511e0_107 .array/port v0xc511e0, 107;
E_0xc13890/91 .event edge, v0xc511e0_104, v0xc511e0_105, v0xc511e0_106, v0xc511e0_107;
v0xc511e0_108 .array/port v0xc511e0, 108;
v0xc511e0_109 .array/port v0xc511e0, 109;
v0xc511e0_110 .array/port v0xc511e0, 110;
v0xc511e0_111 .array/port v0xc511e0, 111;
E_0xc13890/92 .event edge, v0xc511e0_108, v0xc511e0_109, v0xc511e0_110, v0xc511e0_111;
v0xc511e0_112 .array/port v0xc511e0, 112;
v0xc511e0_113 .array/port v0xc511e0, 113;
v0xc511e0_114 .array/port v0xc511e0, 114;
v0xc511e0_115 .array/port v0xc511e0, 115;
E_0xc13890/93 .event edge, v0xc511e0_112, v0xc511e0_113, v0xc511e0_114, v0xc511e0_115;
v0xc511e0_116 .array/port v0xc511e0, 116;
v0xc511e0_117 .array/port v0xc511e0, 117;
v0xc511e0_118 .array/port v0xc511e0, 118;
v0xc511e0_119 .array/port v0xc511e0, 119;
E_0xc13890/94 .event edge, v0xc511e0_116, v0xc511e0_117, v0xc511e0_118, v0xc511e0_119;
v0xc511e0_120 .array/port v0xc511e0, 120;
v0xc511e0_121 .array/port v0xc511e0, 121;
v0xc511e0_122 .array/port v0xc511e0, 122;
v0xc511e0_123 .array/port v0xc511e0, 123;
E_0xc13890/95 .event edge, v0xc511e0_120, v0xc511e0_121, v0xc511e0_122, v0xc511e0_123;
v0xc511e0_124 .array/port v0xc511e0, 124;
v0xc511e0_125 .array/port v0xc511e0, 125;
v0xc511e0_126 .array/port v0xc511e0, 126;
v0xc511e0_127 .array/port v0xc511e0, 127;
E_0xc13890/96 .event edge, v0xc511e0_124, v0xc511e0_125, v0xc511e0_126, v0xc511e0_127;
v0xc511e0_128 .array/port v0xc511e0, 128;
v0xc511e0_129 .array/port v0xc511e0, 129;
v0xc511e0_130 .array/port v0xc511e0, 130;
v0xc511e0_131 .array/port v0xc511e0, 131;
E_0xc13890/97 .event edge, v0xc511e0_128, v0xc511e0_129, v0xc511e0_130, v0xc511e0_131;
v0xc511e0_132 .array/port v0xc511e0, 132;
v0xc511e0_133 .array/port v0xc511e0, 133;
v0xc511e0_134 .array/port v0xc511e0, 134;
v0xc511e0_135 .array/port v0xc511e0, 135;
E_0xc13890/98 .event edge, v0xc511e0_132, v0xc511e0_133, v0xc511e0_134, v0xc511e0_135;
v0xc511e0_136 .array/port v0xc511e0, 136;
v0xc511e0_137 .array/port v0xc511e0, 137;
v0xc511e0_138 .array/port v0xc511e0, 138;
v0xc511e0_139 .array/port v0xc511e0, 139;
E_0xc13890/99 .event edge, v0xc511e0_136, v0xc511e0_137, v0xc511e0_138, v0xc511e0_139;
v0xc511e0_140 .array/port v0xc511e0, 140;
v0xc511e0_141 .array/port v0xc511e0, 141;
v0xc511e0_142 .array/port v0xc511e0, 142;
v0xc511e0_143 .array/port v0xc511e0, 143;
E_0xc13890/100 .event edge, v0xc511e0_140, v0xc511e0_141, v0xc511e0_142, v0xc511e0_143;
v0xc511e0_144 .array/port v0xc511e0, 144;
v0xc511e0_145 .array/port v0xc511e0, 145;
v0xc511e0_146 .array/port v0xc511e0, 146;
v0xc511e0_147 .array/port v0xc511e0, 147;
E_0xc13890/101 .event edge, v0xc511e0_144, v0xc511e0_145, v0xc511e0_146, v0xc511e0_147;
v0xc511e0_148 .array/port v0xc511e0, 148;
v0xc511e0_149 .array/port v0xc511e0, 149;
v0xc511e0_150 .array/port v0xc511e0, 150;
v0xc511e0_151 .array/port v0xc511e0, 151;
E_0xc13890/102 .event edge, v0xc511e0_148, v0xc511e0_149, v0xc511e0_150, v0xc511e0_151;
v0xc511e0_152 .array/port v0xc511e0, 152;
v0xc511e0_153 .array/port v0xc511e0, 153;
v0xc511e0_154 .array/port v0xc511e0, 154;
v0xc511e0_155 .array/port v0xc511e0, 155;
E_0xc13890/103 .event edge, v0xc511e0_152, v0xc511e0_153, v0xc511e0_154, v0xc511e0_155;
v0xc511e0_156 .array/port v0xc511e0, 156;
v0xc511e0_157 .array/port v0xc511e0, 157;
v0xc511e0_158 .array/port v0xc511e0, 158;
v0xc511e0_159 .array/port v0xc511e0, 159;
E_0xc13890/104 .event edge, v0xc511e0_156, v0xc511e0_157, v0xc511e0_158, v0xc511e0_159;
v0xc511e0_160 .array/port v0xc511e0, 160;
v0xc511e0_161 .array/port v0xc511e0, 161;
v0xc511e0_162 .array/port v0xc511e0, 162;
v0xc511e0_163 .array/port v0xc511e0, 163;
E_0xc13890/105 .event edge, v0xc511e0_160, v0xc511e0_161, v0xc511e0_162, v0xc511e0_163;
v0xc511e0_164 .array/port v0xc511e0, 164;
v0xc511e0_165 .array/port v0xc511e0, 165;
v0xc511e0_166 .array/port v0xc511e0, 166;
v0xc511e0_167 .array/port v0xc511e0, 167;
E_0xc13890/106 .event edge, v0xc511e0_164, v0xc511e0_165, v0xc511e0_166, v0xc511e0_167;
v0xc511e0_168 .array/port v0xc511e0, 168;
v0xc511e0_169 .array/port v0xc511e0, 169;
v0xc511e0_170 .array/port v0xc511e0, 170;
v0xc511e0_171 .array/port v0xc511e0, 171;
E_0xc13890/107 .event edge, v0xc511e0_168, v0xc511e0_169, v0xc511e0_170, v0xc511e0_171;
v0xc511e0_172 .array/port v0xc511e0, 172;
v0xc511e0_173 .array/port v0xc511e0, 173;
v0xc511e0_174 .array/port v0xc511e0, 174;
v0xc511e0_175 .array/port v0xc511e0, 175;
E_0xc13890/108 .event edge, v0xc511e0_172, v0xc511e0_173, v0xc511e0_174, v0xc511e0_175;
v0xc511e0_176 .array/port v0xc511e0, 176;
v0xc511e0_177 .array/port v0xc511e0, 177;
v0xc511e0_178 .array/port v0xc511e0, 178;
v0xc511e0_179 .array/port v0xc511e0, 179;
E_0xc13890/109 .event edge, v0xc511e0_176, v0xc511e0_177, v0xc511e0_178, v0xc511e0_179;
v0xc511e0_180 .array/port v0xc511e0, 180;
v0xc511e0_181 .array/port v0xc511e0, 181;
v0xc511e0_182 .array/port v0xc511e0, 182;
v0xc511e0_183 .array/port v0xc511e0, 183;
E_0xc13890/110 .event edge, v0xc511e0_180, v0xc511e0_181, v0xc511e0_182, v0xc511e0_183;
v0xc511e0_184 .array/port v0xc511e0, 184;
v0xc511e0_185 .array/port v0xc511e0, 185;
v0xc511e0_186 .array/port v0xc511e0, 186;
v0xc511e0_187 .array/port v0xc511e0, 187;
E_0xc13890/111 .event edge, v0xc511e0_184, v0xc511e0_185, v0xc511e0_186, v0xc511e0_187;
v0xc511e0_188 .array/port v0xc511e0, 188;
v0xc511e0_189 .array/port v0xc511e0, 189;
v0xc511e0_190 .array/port v0xc511e0, 190;
v0xc511e0_191 .array/port v0xc511e0, 191;
E_0xc13890/112 .event edge, v0xc511e0_188, v0xc511e0_189, v0xc511e0_190, v0xc511e0_191;
v0xc511e0_192 .array/port v0xc511e0, 192;
v0xc511e0_193 .array/port v0xc511e0, 193;
v0xc511e0_194 .array/port v0xc511e0, 194;
v0xc511e0_195 .array/port v0xc511e0, 195;
E_0xc13890/113 .event edge, v0xc511e0_192, v0xc511e0_193, v0xc511e0_194, v0xc511e0_195;
v0xc511e0_196 .array/port v0xc511e0, 196;
v0xc511e0_197 .array/port v0xc511e0, 197;
v0xc511e0_198 .array/port v0xc511e0, 198;
v0xc511e0_199 .array/port v0xc511e0, 199;
E_0xc13890/114 .event edge, v0xc511e0_196, v0xc511e0_197, v0xc511e0_198, v0xc511e0_199;
v0xc511e0_200 .array/port v0xc511e0, 200;
v0xc511e0_201 .array/port v0xc511e0, 201;
v0xc511e0_202 .array/port v0xc511e0, 202;
v0xc511e0_203 .array/port v0xc511e0, 203;
E_0xc13890/115 .event edge, v0xc511e0_200, v0xc511e0_201, v0xc511e0_202, v0xc511e0_203;
v0xc511e0_204 .array/port v0xc511e0, 204;
v0xc511e0_205 .array/port v0xc511e0, 205;
v0xc511e0_206 .array/port v0xc511e0, 206;
v0xc511e0_207 .array/port v0xc511e0, 207;
E_0xc13890/116 .event edge, v0xc511e0_204, v0xc511e0_205, v0xc511e0_206, v0xc511e0_207;
v0xc511e0_208 .array/port v0xc511e0, 208;
v0xc511e0_209 .array/port v0xc511e0, 209;
v0xc511e0_210 .array/port v0xc511e0, 210;
v0xc511e0_211 .array/port v0xc511e0, 211;
E_0xc13890/117 .event edge, v0xc511e0_208, v0xc511e0_209, v0xc511e0_210, v0xc511e0_211;
v0xc511e0_212 .array/port v0xc511e0, 212;
v0xc511e0_213 .array/port v0xc511e0, 213;
v0xc511e0_214 .array/port v0xc511e0, 214;
v0xc511e0_215 .array/port v0xc511e0, 215;
E_0xc13890/118 .event edge, v0xc511e0_212, v0xc511e0_213, v0xc511e0_214, v0xc511e0_215;
v0xc511e0_216 .array/port v0xc511e0, 216;
v0xc511e0_217 .array/port v0xc511e0, 217;
v0xc511e0_218 .array/port v0xc511e0, 218;
v0xc511e0_219 .array/port v0xc511e0, 219;
E_0xc13890/119 .event edge, v0xc511e0_216, v0xc511e0_217, v0xc511e0_218, v0xc511e0_219;
v0xc511e0_220 .array/port v0xc511e0, 220;
v0xc511e0_221 .array/port v0xc511e0, 221;
v0xc511e0_222 .array/port v0xc511e0, 222;
v0xc511e0_223 .array/port v0xc511e0, 223;
E_0xc13890/120 .event edge, v0xc511e0_220, v0xc511e0_221, v0xc511e0_222, v0xc511e0_223;
v0xc511e0_224 .array/port v0xc511e0, 224;
v0xc511e0_225 .array/port v0xc511e0, 225;
v0xc511e0_226 .array/port v0xc511e0, 226;
v0xc511e0_227 .array/port v0xc511e0, 227;
E_0xc13890/121 .event edge, v0xc511e0_224, v0xc511e0_225, v0xc511e0_226, v0xc511e0_227;
v0xc511e0_228 .array/port v0xc511e0, 228;
v0xc511e0_229 .array/port v0xc511e0, 229;
v0xc511e0_230 .array/port v0xc511e0, 230;
v0xc511e0_231 .array/port v0xc511e0, 231;
E_0xc13890/122 .event edge, v0xc511e0_228, v0xc511e0_229, v0xc511e0_230, v0xc511e0_231;
v0xc511e0_232 .array/port v0xc511e0, 232;
v0xc511e0_233 .array/port v0xc511e0, 233;
v0xc511e0_234 .array/port v0xc511e0, 234;
v0xc511e0_235 .array/port v0xc511e0, 235;
E_0xc13890/123 .event edge, v0xc511e0_232, v0xc511e0_233, v0xc511e0_234, v0xc511e0_235;
v0xc511e0_236 .array/port v0xc511e0, 236;
v0xc511e0_237 .array/port v0xc511e0, 237;
v0xc511e0_238 .array/port v0xc511e0, 238;
v0xc511e0_239 .array/port v0xc511e0, 239;
E_0xc13890/124 .event edge, v0xc511e0_236, v0xc511e0_237, v0xc511e0_238, v0xc511e0_239;
v0xc511e0_240 .array/port v0xc511e0, 240;
v0xc511e0_241 .array/port v0xc511e0, 241;
v0xc511e0_242 .array/port v0xc511e0, 242;
v0xc511e0_243 .array/port v0xc511e0, 243;
E_0xc13890/125 .event edge, v0xc511e0_240, v0xc511e0_241, v0xc511e0_242, v0xc511e0_243;
v0xc511e0_244 .array/port v0xc511e0, 244;
v0xc511e0_245 .array/port v0xc511e0, 245;
v0xc511e0_246 .array/port v0xc511e0, 246;
v0xc511e0_247 .array/port v0xc511e0, 247;
E_0xc13890/126 .event edge, v0xc511e0_244, v0xc511e0_245, v0xc511e0_246, v0xc511e0_247;
v0xc511e0_248 .array/port v0xc511e0, 248;
v0xc511e0_249 .array/port v0xc511e0, 249;
v0xc511e0_250 .array/port v0xc511e0, 250;
v0xc511e0_251 .array/port v0xc511e0, 251;
E_0xc13890/127 .event edge, v0xc511e0_248, v0xc511e0_249, v0xc511e0_250, v0xc511e0_251;
v0xc511e0_252 .array/port v0xc511e0, 252;
v0xc511e0_253 .array/port v0xc511e0, 253;
v0xc511e0_254 .array/port v0xc511e0, 254;
v0xc511e0_255 .array/port v0xc511e0, 255;
E_0xc13890/128 .event edge, v0xc511e0_252, v0xc511e0_253, v0xc511e0_254, v0xc511e0_255;
E_0xc13890/129 .event edge, v0xc4e390_0, v0xc54670_0, v0xc4e430_0;
E_0xc13890 .event/or E_0xc13890/0, E_0xc13890/1, E_0xc13890/2, E_0xc13890/3, E_0xc13890/4, E_0xc13890/5, E_0xc13890/6, E_0xc13890/7, E_0xc13890/8, E_0xc13890/9, E_0xc13890/10, E_0xc13890/11, E_0xc13890/12, E_0xc13890/13, E_0xc13890/14, E_0xc13890/15, E_0xc13890/16, E_0xc13890/17, E_0xc13890/18, E_0xc13890/19, E_0xc13890/20, E_0xc13890/21, E_0xc13890/22, E_0xc13890/23, E_0xc13890/24, E_0xc13890/25, E_0xc13890/26, E_0xc13890/27, E_0xc13890/28, E_0xc13890/29, E_0xc13890/30, E_0xc13890/31, E_0xc13890/32, E_0xc13890/33, E_0xc13890/34, E_0xc13890/35, E_0xc13890/36, E_0xc13890/37, E_0xc13890/38, E_0xc13890/39, E_0xc13890/40, E_0xc13890/41, E_0xc13890/42, E_0xc13890/43, E_0xc13890/44, E_0xc13890/45, E_0xc13890/46, E_0xc13890/47, E_0xc13890/48, E_0xc13890/49, E_0xc13890/50, E_0xc13890/51, E_0xc13890/52, E_0xc13890/53, E_0xc13890/54, E_0xc13890/55, E_0xc13890/56, E_0xc13890/57, E_0xc13890/58, E_0xc13890/59, E_0xc13890/60, E_0xc13890/61, E_0xc13890/62, E_0xc13890/63, E_0xc13890/64, E_0xc13890/65, E_0xc13890/66, E_0xc13890/67, E_0xc13890/68, E_0xc13890/69, E_0xc13890/70, E_0xc13890/71, E_0xc13890/72, E_0xc13890/73, E_0xc13890/74, E_0xc13890/75, E_0xc13890/76, E_0xc13890/77, E_0xc13890/78, E_0xc13890/79, E_0xc13890/80, E_0xc13890/81, E_0xc13890/82, E_0xc13890/83, E_0xc13890/84, E_0xc13890/85, E_0xc13890/86, E_0xc13890/87, E_0xc13890/88, E_0xc13890/89, E_0xc13890/90, E_0xc13890/91, E_0xc13890/92, E_0xc13890/93, E_0xc13890/94, E_0xc13890/95, E_0xc13890/96, E_0xc13890/97, E_0xc13890/98, E_0xc13890/99, E_0xc13890/100, E_0xc13890/101, E_0xc13890/102, E_0xc13890/103, E_0xc13890/104, E_0xc13890/105, E_0xc13890/106, E_0xc13890/107, E_0xc13890/108, E_0xc13890/109, E_0xc13890/110, E_0xc13890/111, E_0xc13890/112, E_0xc13890/113, E_0xc13890/114, E_0xc13890/115, E_0xc13890/116, E_0xc13890/117, E_0xc13890/118, E_0xc13890/119, E_0xc13890/120, E_0xc13890/121, E_0xc13890/122, E_0xc13890/123, E_0xc13890/124, E_0xc13890/125, E_0xc13890/126, E_0xc13890/127, E_0xc13890/128, E_0xc13890/129;
L_0xc5aa10 .part v0xc589d0_0, 0, 2;
L_0xc5aab0 .part v0xc589d0_0, 2, 10;
L_0xc5abe0 .part v0xc589d0_0, 12, 20;
S_0xbd8110 .scope module, "peripheral_inst" "Peripheral" 8 38, 9 14, S_0xbd9050;
 .timescale -9 -12;
L_0xc5a590 .functor BUFZ 1, v0xc55050_0, C4<0>, C4<0>, C4<0>;
L_0xc5a730 .functor BUFZ 1, v0xc578c0_0, C4<0>, C4<0>, C4<0>;
L_0xc5a910 .functor BUFZ 1, v0xc4d9a0_0, C4<0>, C4<0>, C4<0>;
v0xbf7eb0_0 .alias "RX_EFF", 0 0, v0xc58390_0;
v0xc4d710_0 .var "RX_READ", 0 0;
v0xc4d7b0_0 .var "TCON", 2 0;
v0xc4d850_0 .var "TH", 31 0;
v0xc4d900_0 .var "TL", 31 0;
v0xc4d9a0_0 .var "TX_EN", 0 0;
v0xc4da80_0 .alias "TX_STATUS", 0 0, v0xc585a0_0;
RS_0x7f4984650168 .resolv tri, L_0xc5a4f0, L_0xc5a640, L_0xc5a870, C4<zzz>;
v0xc4db20_0 .net8 "UART_CON", 2 0, RS_0x7f4984650168; 3 drivers
v0xc4dc10_0 .alias "UART_RXD", 7 0, v0xc58730_0;
v0xc4dcb0_0 .var "UART_TXD", 7 0;
v0xc4ddb0_0 .net *"_s11", 0 0, L_0xc5a910; 1 drivers
v0xc4de50_0 .net *"_s3", 0 0, L_0xc5a590; 1 drivers
v0xc4df60_0 .net *"_s7", 0 0, L_0xc5a730; 1 drivers
v0xc4e000_0 .alias "addr", 31 0, v0xc53d50_0;
v0xc4e120_0 .alias "clk", 0 0, v0xc54050_0;
v0xc4e1c0_0 .var "digits", 11 0;
v0xc4e080_0 .alias "interrupt", 0 0, v0xc58b50_0;
v0xc4e310_0 .var "led", 7 0;
v0xc4e430_0 .var "rdata", 31 0;
v0xc4e4b0_0 .alias "read", 0 0, v0xc546f0_0;
v0xc4e390_0 .var "read_acc", 0 0;
v0xc4e5e0_0 .alias "reset", 0 0, v0xc58100_0;
v0xc4e530_0 .alias "switch", 7 0, v0xc547a0_0;
v0xc4e720_0 .alias "wdata", 31 0, v0xc54980_0;
v0xc4e680_0 .alias "write", 0 0, v0xc548b0_0;
v0xc4e870_0 .var "write_acc", 0 0;
E_0xbdae90/0 .event negedge, v0xc4e5e0_0;
E_0xbdae90/1 .event posedge, v0xc4e120_0;
E_0xbdae90 .event/or E_0xbdae90/0, E_0xbdae90/1;
E_0xbd9280/0 .event edge, v0xc4e4b0_0, v0xc4e000_0, v0xc4d850_0, v0xc4d900_0;
E_0xbd9280/1 .event edge, v0xc4d7b0_0, v0xc4e310_0, v0xc4e530_0, v0xc4e1c0_0;
E_0xbd9280/2 .event edge, v0xc4dcb0_0, v0xc4dc10_0, v0xc4db20_0;
E_0xbd9280 .event/or E_0xbd9280/0, E_0xbd9280/1, E_0xbd9280/2;
L_0xc5a4f0 .part/pv L_0xc5a590, 2, 1, 3;
L_0xc5a640 .part/pv L_0xc5a730, 1, 1, 3;
L_0xc5a870 .part/pv L_0xc5a910, 0, 1, 3;
L_0xc5a970 .part v0xc4d7b0_0, 2, 1;
    .scope S_0xc56c80;
T_0 ;
    %wait E_0xc56710;
    %load/v 8, v0xc576b0_0, 2;
    %ix/load 0, 2, 0;
    %assign/v0 v0xc57840_0, 0, 8;
    %jmp T_0;
    .thread T_0;
    .scope S_0xc56840;
T_1 ;
    %wait E_0xc56930;
    %load/v 8, v0xc56aa0_0, 1;
    %inv 8, 1;
    %jmp/0xz  T_1.0, 8;
    %ix/load 0, 9, 0;
    %assign/v0 v0xc56b50_0, 0, 0;
    %ix/load 0, 1, 0;
    %assign/v0 v0xc56a00_0, 0, 0;
    %jmp T_1.1;
T_1.0 ;
    %load/v 8, v0xc56b50_0, 9;
    %cmpi/u 8, 325, 9;
    %jmp/0xz  T_1.2, 4;
    %ix/load 0, 9, 0;
    %assign/v0 v0xc56b50_0, 0, 0;
    %load/v 8, v0xc56a00_0, 1;
    %inv 8, 1;
    %ix/load 0, 1, 0;
    %assign/v0 v0xc56a00_0, 0, 8;
    %jmp T_1.3;
T_1.2 ;
    %ix/load 0, 1, 0;
    %load/vp0 8, v0xc56b50_0, 9;
    %ix/load 0, 9, 0;
    %assign/v0 v0xc56b50_0, 0, 8;
T_1.3 ;
T_1.1 ;
    %jmp T_1;
    .thread T_1;
    .scope S_0xc559c0;
T_2 ;
    %wait E_0xc55ab0;
    %load/v 8, v0xc55d10_0, 1;
    %inv 8, 1;
    %jmp/0xz  T_2.0, 8;
    %ix/load 0, 3, 0;
    %assign/v0 v0xc55dc0_0, 0, 0;
    %ix/load 0, 1, 0;
    %assign/v0 v0xc55c70_0, 0, 0;
    %jmp T_2.1;
T_2.0 ;
    %load/v 8, v0xc55dc0_0, 3;
    %cmpi/u 8, 7, 3;
    %jmp/0xz  T_2.2, 4;
    %ix/load 0, 3, 0;
    %assign/v0 v0xc55dc0_0, 0, 0;
    %load/v 8, v0xc55c70_0, 1;
    %inv 8, 1;
    %ix/load 0, 1, 0;
    %assign/v0 v0xc55c70_0, 0, 8;
    %jmp T_2.3;
T_2.2 ;
    %ix/load 0, 1, 0;
    %load/vp0 8, v0xc55dc0_0, 3;
    %ix/load 0, 3, 0;
    %assign/v0 v0xc55dc0_0, 0, 8;
T_2.3 ;
T_2.1 ;
    %jmp T_2;
    .thread T_2;
    .scope S_0xc557f0;
T_3 ;
    %wait E_0xc55970;
    %load/v 8, v0xc564b0_0, 1;
    %inv 8, 1;
    %jmp/0xz  T_3.0, 8;
    %ix/load 0, 8, 0;
    %assign/v0 v0xc56410_0, 0, 0;
    %ix/load 0, 1, 0;
    %assign/v0 v0xc56610_0, 0, 0;
    %jmp T_3.1;
T_3.0 ;
    %load/v 8, v0xc561b0_0, 1;
    %inv 8, 1;
    %load/v 9, v0xc56410_0, 8;
    %cmpi/u 9, 0, 8;
    %mov 9, 4, 1;
    %and 8, 9, 1;
    %jmp/0xz  T_3.2, 8;
    %movi 8, 1, 8;
    %ix/load 0, 8, 0;
    %assign/v0 v0xc56410_0, 0, 8;
    %ix/load 0, 1, 0;
    %assign/v0 v0xc56610_0, 0, 0;
    %jmp T_3.3;
T_3.2 ;
    %load/v 8, v0xc56410_0, 8;
    %cmp/u 0, 8, 8;
    %jmp/0xz  T_3.4, 5;
    %load/v 8, v0xc56410_0, 8;
    %cmpi/u 8, 144, 8;
    %jmp/1 T_3.6, 6;
    %cmpi/u 8, 9, 8;
    %jmp/1 T_3.7, 6;
    %ix/load 0, 1, 0;
    %load/vp0 8, v0xc56410_0, 8;
    %ix/load 0, 8, 0;
    %assign/v0 v0xc56410_0, 0, 8;
    %jmp T_3.9;
T_3.6 ;
    %ix/load 0, 1, 0;
    %assign/v0 v0xc56610_0, 0, 0;
    %ix/load 0, 8, 0;
    %assign/v0 v0xc56410_0, 0, 0;
    %jmp T_3.9;
T_3.7 ;
    %ix/load 0, 1, 0;
    %load/vp0 8, v0xc56410_0, 8;
    %ix/load 0, 8, 0;
    %assign/v0 v0xc56410_0, 0, 8;
    %ix/load 0, 1, 0;
    %assign/v0 v0xc56610_0, 0, 1;
    %jmp T_3.9;
T_3.9 ;
T_3.4 ;
T_3.3 ;
T_3.1 ;
    %jmp T_3;
    .thread T_3;
    .scope S_0xc557f0;
T_4 ;
    %wait E_0xc55920;
    %load/v 8, v0xc564b0_0, 1;
    %inv 8, 1;
    %jmp/0xz  T_4.0, 8;
    %ix/load 0, 1, 0;
    %assign/v0 v0xc56740_0, 0, 0;
    %jmp T_4.1;
T_4.0 ;
    %load/v 8, v0xc56410_0, 8;
    %cmpi/u 8, 144, 8;
    %jmp/0xz  T_4.2, 4;
    %ix/load 0, 1, 0;
    %assign/v0 v0xc56740_0, 0, 1;
    %jmp T_4.3;
T_4.2 ;
    %ix/load 0, 1, 0;
    %assign/v0 v0xc56740_0, 0, 0;
T_4.3 ;
T_4.1 ;
    %jmp T_4;
    .thread T_4;
    .scope S_0xc557f0;
T_5 ;
    %wait E_0xc55920;
    %load/v 8, v0xc564b0_0, 1;
    %inv 8, 1;
    %jmp/0xz  T_5.0, 8;
    %ix/load 0, 1, 0;
    %assign/v0 v0xc56110_0, 0, 0;
    %ix/load 0, 8, 0;
    %assign/v0 v0xc55f50_0, 0, 0;
    %jmp T_5.1;
T_5.0 ;
    %load/v 8, v0xc56410_0, 8;
    %cmpi/u 8, 144, 8;
    %jmp/0xz  T_5.2, 4;
    %load/v 8, v0xc55ff0_0, 8;
    %ix/load 0, 8, 0;
    %assign/v0 v0xc55f50_0, 0, 8;
T_5.2 ;
    %load/v 8, v0xc56740_0, 1;
    %ix/load 0, 1, 0;
    %assign/v0 v0xc56110_0, 0, 8;
T_5.1 ;
    %jmp T_5;
    .thread T_5;
    .scope S_0xc557f0;
T_6 ;
    %wait E_0xc53d20;
    %load/v 8, v0xc564b0_0, 1;
    %inv 8, 1;
    %jmp/0xz  T_6.0, 8;
    %ix/load 0, 8, 0;
    %assign/v0 v0xc55ff0_0, 0, 0;
    %jmp T_6.1;
T_6.0 ;
    %vpi_call 5 91 "$display", "sample = %d", v0xc561b0_0;
    %load/v 8, v0xc55ff0_0, 8;
    %ix/load 0, 1, 0;
    %mov 4, 0, 1;
    %shiftr/i0  8, 8;
    %ix/load 0, 8, 0;
    %assign/v0 v0xc55ff0_0, 0, 8;
    %load/v 8, v0xc561b0_0, 1;
    %ix/load 0, 1, 0;
    %ix/load 1, 7, 0;
    %assign/v0/x1 v0xc55ff0_0, 0, 8;
T_6.1 ;
    %jmp T_6;
    .thread T_6;
    .scope S_0xc55420;
T_7 ;
    %wait E_0xc54770;
    %load/v 8, v0xc556d0_0, 1;
    %inv 8, 1;
    %jmp/0xz  T_7.0, 8;
    %ix/load 0, 3, 0;
    %assign/v0 v0xc55750_0, 0, 0;
    %ix/load 0, 1, 0;
    %assign/v0 v0xc55650_0, 0, 0;
    %jmp T_7.1;
T_7.0 ;
    %load/v 8, v0xc55750_0, 3;
    %cmpi/u 8, 7, 3;
    %jmp/0xz  T_7.2, 4;
    %ix/load 0, 3, 0;
    %assign/v0 v0xc55750_0, 0, 0;
    %load/v 8, v0xc55650_0, 1;
    %inv 8, 1;
    %ix/load 0, 1, 0;
    %assign/v0 v0xc55650_0, 0, 8;
    %jmp T_7.3;
T_7.2 ;
    %ix/load 0, 1, 0;
    %load/vp0 8, v0xc55750_0, 3;
    %ix/load 0, 3, 0;
    %assign/v0 v0xc55750_0, 0, 8;
T_7.3 ;
T_7.1 ;
    %jmp T_7;
    .thread T_7;
    .scope S_0xc54d40;
T_8 ;
    %wait E_0xc54a00;
    %load/v 8, v0xc55320_0, 1;
    %inv 8, 1;
    %jmp/0xz  T_8.0, 8;
    %ix/load 0, 8, 0;
    %assign/v0 v0xc54e30_0, 0, 0;
    %ix/load 0, 1, 0;
    %assign/v0 v0xc55150_0, 0, 1;
    %ix/load 0, 4, 0;
    %assign/v0 v0xc552a0_0, 0, 0;
    %ix/load 0, 1, 0;
    %assign/v0 v0xc55050_0, 0, 1;
    %jmp T_8.1;
T_8.0 ;
    %load/v 8, v0xc54eb0_0, 1;
    %jmp/0xz  T_8.2, 8;
    %load/v 8, v0xc54a30_0, 8;
    %ix/load 0, 8, 0;
    %assign/v0 v0xc54e30_0, 0, 8;
    %movi 8, 1, 4;
    %ix/load 0, 4, 0;
    %assign/v0 v0xc552a0_0, 0, 8;
    %jmp T_8.3;
T_8.2 ;
    %load/v 8, v0xc552a0_0, 4;
    %cmpi/u 8, 10, 4;
    %jmp/1 T_8.4, 6;
    %cmpi/u 8, 11, 4;
    %jmp/1 T_8.5, 6;
    %cmpi/u 8, 1, 4;
    %jmp/1 T_8.6, 6;
    %cmpi/u 8, 0, 4;
    %jmp/1 T_8.7, 6;
    %load/v 8, v0xc54e30_0, 1; Only need 1 of 8 bits
; Save base=8 wid=1 in lookaside.
    %ix/load 0, 1, 0;
    %assign/v0 v0xc55150_0, 0, 8;
    %load/v 8, v0xc54e30_0, 8;
    %ix/load 0, 1, 0;
    %mov 4, 0, 1;
    %shiftr/i0  8, 8;
    %ix/load 0, 8, 0;
    %assign/v0 v0xc54e30_0, 0, 8;
    %ix/load 0, 1, 0;
    %load/vp0 8, v0xc552a0_0, 4;
    %ix/load 0, 4, 0;
    %assign/v0 v0xc552a0_0, 0, 8;
    %jmp T_8.9;
T_8.4 ;
    %movi 8, 11, 4;
    %ix/load 0, 4, 0;
    %assign/v0 v0xc552a0_0, 0, 8;
    %ix/load 0, 1, 0;
    %assign/v0 v0xc55150_0, 0, 1;
    %jmp T_8.9;
T_8.5 ;
    %ix/load 0, 1, 0;
    %assign/v0 v0xc55050_0, 0, 1;
    %ix/load 0, 4, 0;
    %assign/v0 v0xc552a0_0, 0, 0;
    %jmp T_8.9;
T_8.6 ;
    %ix/load 0, 1, 0;
    %assign/v0 v0xc55150_0, 0, 0;
    %movi 8, 2, 4;
    %ix/load 0, 4, 0;
    %assign/v0 v0xc552a0_0, 0, 8;
    %ix/load 0, 1, 0;
    %assign/v0 v0xc55050_0, 0, 0;
    %jmp T_8.9;
T_8.7 ;
    %jmp T_8.9;
T_8.9 ;
T_8.3 ;
T_8.1 ;
    %jmp T_8;
    .thread T_8;
    .scope S_0xc54c50;
T_9 ;
    %wait E_0xc55920;
    %load/v 8, v0xc58100_0, 1;
    %inv 8, 1;
    %jmp/0xz  T_9.0, 8;
    %ix/load 0, 1, 0;
    %assign/v0 v0xc578c0_0, 0, 0;
    %jmp T_9.1;
T_9.0 ;
    %load/v 8, v0xc57ad0_0, 1;
    %jmp/0xz  T_9.2, 8;
    %ix/load 0, 1, 0;
    %assign/v0 v0xc578c0_0, 0, 0;
    %jmp T_9.3;
T_9.2 ;
    %load/v 8, v0xc57ba0_0, 1;
    %jmp/0xz  T_9.4, 8;
    %ix/load 0, 1, 0;
    %assign/v0 v0xc578c0_0, 0, 1;
T_9.4 ;
T_9.3 ;
T_9.1 ;
    %jmp T_9;
    .thread T_9;
    .scope S_0xbd8110;
T_10 ;
    %wait E_0xbd9280;
    %set/v v0xc4e390_0, 1, 1;
    %set/v v0xc4d710_0, 0, 1;
    %load/v 8, v0xc4e4b0_0, 1;
    %jmp/0xz  T_10.0, 8;
    %load/v 8, v0xc4e000_0, 32;
    %movi 40, 1073741824, 32;
    %cmp/u 8, 40, 32;
    %jmp/1 T_10.2, 6;
    %movi 40, 1073741828, 32;
    %cmp/u 8, 40, 32;
    %jmp/1 T_10.3, 6;
    %movi 40, 1073741832, 32;
    %cmp/u 8, 40, 32;
    %jmp/1 T_10.4, 6;
    %movi 40, 1073741836, 32;
    %cmp/u 8, 40, 32;
    %jmp/1 T_10.5, 6;
    %movi 40, 1073741840, 32;
    %cmp/u 8, 40, 32;
    %jmp/1 T_10.6, 6;
    %movi 40, 1073741844, 32;
    %cmp/u 8, 40, 32;
    %jmp/1 T_10.7, 6;
    %movi 40, 1073741848, 32;
    %cmp/u 8, 40, 32;
    %jmp/1 T_10.8, 6;
    %movi 40, 1073741852, 32;
    %cmp/u 8, 40, 32;
    %jmp/1 T_10.9, 6;
    %movi 40, 1073741856, 32;
    %cmp/u 8, 40, 32;
    %jmp/1 T_10.10, 6;
    %movi 8, 3435973836, 32;
    %set/v v0xc4e430_0, 8, 32;
    %set/v v0xc4e390_0, 0, 1;
    %jmp T_10.12;
T_10.2 ;
    %load/v 8, v0xc4d850_0, 32;
    %set/v v0xc4e430_0, 8, 32;
    %jmp T_10.12;
T_10.3 ;
    %load/v 8, v0xc4d900_0, 32;
    %set/v v0xc4e430_0, 8, 32;
    %jmp T_10.12;
T_10.4 ;
    %load/v 8, v0xc4d7b0_0, 3;
    %mov 11, 0, 29;
    %set/v v0xc4e430_0, 8, 32;
    %jmp T_10.12;
T_10.5 ;
    %load/v 8, v0xc4e310_0, 8;
    %mov 16, 0, 24;
    %set/v v0xc4e430_0, 8, 32;
    %jmp T_10.12;
T_10.6 ;
    %load/v 8, v0xc4e530_0, 8;
    %mov 16, 0, 24;
    %set/v v0xc4e430_0, 8, 32;
    %jmp T_10.12;
T_10.7 ;
    %load/v 8, v0xc4e1c0_0, 12;
    %mov 20, 0, 20;
    %set/v v0xc4e430_0, 8, 32;
    %jmp T_10.12;
T_10.8 ;
    %load/v 8, v0xc4dcb0_0, 8;
    %mov 16, 0, 24;
    %set/v v0xc4e430_0, 8, 32;
    %jmp T_10.12;
T_10.9 ;
    %load/v 8, v0xc4dc10_0, 8;
    %mov 16, 0, 24;
    %set/v v0xc4e430_0, 8, 32;
    %set/v v0xc4d710_0, 1, 1;
    %jmp T_10.12;
T_10.10 ;
    %load/v 8, v0xc4db20_0, 3;
    %mov 11, 0, 29;
    %set/v v0xc4e430_0, 8, 32;
    %jmp T_10.12;
T_10.12 ;
T_10.0 ;
    %jmp T_10;
    .thread T_10, $push;
    .scope S_0xbd8110;
T_11 ;
    %wait E_0xbdae90;
    %load/v 8, v0xc4e5e0_0, 1;
    %inv 8, 1;
    %jmp/0xz  T_11.0, 8;
    %ix/load 0, 32, 0;
    %assign/v0 v0xc4d850_0, 0, 0;
    %ix/load 0, 32, 0;
    %assign/v0 v0xc4d900_0, 0, 1;
    %ix/load 0, 3, 0;
    %assign/v0 v0xc4d7b0_0, 0, 0;
    %ix/load 0, 8, 0;
    %assign/v0 v0xc4e310_0, 0, 0;
    %ix/load 0, 12, 0;
    %assign/v0 v0xc4e1c0_0, 0, 0;
    %ix/load 0, 8, 0;
    %assign/v0 v0xc4dcb0_0, 0, 0;
    %ix/load 0, 1, 0;
    %assign/v0 v0xc4d9a0_0, 0, 0;
    %ix/load 0, 1, 0;
    %assign/v0 v0xc4e870_0, 0, 0;
    %jmp T_11.1;
T_11.0 ;
    %load/v 8, v0xc4d7b0_0, 1; Only need 1 of 3 bits
; Save base=8 wid=1 in lookaside.
    %jmp/0xz  T_11.2, 8;
    %load/v 8, v0xc4d900_0, 32;
    %cmp/u 8, 1, 32;
    %jmp/0xz  T_11.4, 4;
    %load/v 8, v0xc4d850_0, 32;
    %ix/load 0, 32, 0;
    %assign/v0 v0xc4d900_0, 0, 8;
    %ix/load 1, 1, 0;
    %mov 4, 0, 1;
    %jmp/1 T_11.6, 4;
    %load/x1p 8, v0xc4d7b0_0, 1;
    %jmp T_11.7;
T_11.6 ;
    %mov 8, 2, 1;
T_11.7 ;
; Save base=8 wid=1 in lookaside.
    %jmp/0xz  T_11.8, 8;
    %ix/load 0, 1, 0;
    %ix/load 1, 2, 0;
    %assign/v0/x1 v0xc4d7b0_0, 0, 1;
T_11.8 ;
    %jmp T_11.5;
T_11.4 ;
    %ix/load 0, 1, 0;
    %load/vp0 8, v0xc4d900_0, 32;
    %ix/load 0, 32, 0;
    %assign/v0 v0xc4d900_0, 0, 8;
T_11.5 ;
T_11.2 ;
    %load/v 8, v0xc4e680_0, 1;
    %jmp/0xz  T_11.10, 8;
    %ix/load 0, 1, 0;
    %assign/v0 v0xc4e870_0, 0, 1;
    %load/v 8, v0xc4e000_0, 32;
    %movi 40, 1073741824, 32;
    %cmp/u 8, 40, 32;
    %jmp/1 T_11.12, 6;
    %movi 40, 1073741828, 32;
    %cmp/u 8, 40, 32;
    %jmp/1 T_11.13, 6;
    %movi 40, 1073741832, 32;
    %cmp/u 8, 40, 32;
    %jmp/1 T_11.14, 6;
    %movi 40, 1073741836, 32;
    %cmp/u 8, 40, 32;
    %jmp/1 T_11.15, 6;
    %movi 40, 1073741844, 32;
    %cmp/u 8, 40, 32;
    %jmp/1 T_11.16, 6;
    %movi 40, 1073741848, 32;
    %cmp/u 8, 40, 32;
    %jmp/1 T_11.17, 6;
    %movi 40, 1073741856, 32;
    %cmp/u 8, 40, 32;
    %jmp/1 T_11.18, 6;
    %ix/load 0, 1, 0;
    %assign/v0 v0xc4e870_0, 0, 0;
    %jmp T_11.20;
T_11.12 ;
    %load/v 8, v0xc4e720_0, 32;
    %ix/load 0, 32, 0;
    %assign/v0 v0xc4d850_0, 0, 8;
    %jmp T_11.20;
T_11.13 ;
    %load/v 8, v0xc4e720_0, 32;
    %ix/load 0, 32, 0;
    %assign/v0 v0xc4d900_0, 0, 8;
    %jmp T_11.20;
T_11.14 ;
    %load/v 8, v0xc4e720_0, 3; Only need 3 of 32 bits
; Save base=8 wid=3 in lookaside.
    %ix/load 0, 3, 0;
    %assign/v0 v0xc4d7b0_0, 0, 8;
    %jmp T_11.20;
T_11.15 ;
    %load/v 8, v0xc4e720_0, 8; Only need 8 of 32 bits
; Save base=8 wid=8 in lookaside.
    %ix/load 0, 8, 0;
    %assign/v0 v0xc4e310_0, 0, 8;
    %jmp T_11.20;
T_11.16 ;
    %load/v 8, v0xc4e720_0, 12; Only need 12 of 32 bits
; Save base=8 wid=12 in lookaside.
    %ix/load 0, 12, 0;
    %assign/v0 v0xc4e1c0_0, 0, 8;
    %jmp T_11.20;
T_11.17 ;
    %load/v 8, v0xc4e720_0, 8; Only need 8 of 32 bits
; Save base=8 wid=8 in lookaside.
    %ix/load 0, 8, 0;
    %assign/v0 v0xc4dcb0_0, 0, 8;
    %jmp T_11.20;
T_11.18 ;
    %load/v 8, v0xc4e720_0, 1; Only need 1 of 32 bits
; Save base=8 wid=1 in lookaside.
    %ix/load 0, 1, 0;
    %assign/v0 v0xc4d9a0_0, 0, 8;
    %jmp T_11.20;
T_11.20 ;
T_11.10 ;
T_11.1 ;
    %jmp T_11;
    .thread T_11;
    .scope S_0xbd9050;
T_12 ;
    %wait E_0xc13890;
    %set/v v0xc54670_0, 0, 1;
    %movi 8, 3435973836, 32;
    %set/v v0xc544a0_0, 8, 32;
    %load/v 8, v0xc546f0_0, 1;
    %jmp/0xz  T_12.0, 8;
    %load/v 8, v0xc53ee0_0, 2;
    %cmpi/u 8, 0, 2;
    %jmp/0xz  T_12.2, 4;
    %load/v 8, v0xc53f60_0, 20;
    %cmpi/u 8, 0, 20;
    %jmp/1 T_12.4, 6;
    %movi 28, 262143, 20;
    %cmp/u 8, 28, 20;
    %jmp/1 T_12.5, 6;
    %movi 28, 262144, 20;
    %cmp/u 8, 28, 20;
    %jmp/1 T_12.6, 6;
    %set/v v0xc54670_0, 0, 1;
    %movi 8, 3435973836, 32;
    %set/v v0xc544a0_0, 8, 32;
    %jmp T_12.8;
T_12.4 ;
    %load/v 8, v0xc53e00_0, 10;
    %mov 18, 0, 1;
   %cmpi/u 8, 256, 11;
    %jmp/0xz  T_12.9, 5;
    %ix/getv 3, v0xc53e00_0;
    %load/av 8, v0xc4e7c0, 32;
    %set/v v0xc544a0_0, 8, 32;
    %set/v v0xc54670_0, 1, 1;
T_12.9 ;
    %jmp T_12.8;
T_12.5 ;
    %movi 8, 767, 12;
    %load/v 20, v0xc53e00_0, 10;
    %mov 30, 0, 2;
    %cmp/u 8, 20, 12;
    %jmp/0xz  T_12.11, 5;
    %load/v 40, v0xc53e00_0, 10;
    %mov 50, 0, 2;
    %mov 52, 0, 20;
    %subi 40, 768, 32;
    %ix/get/s 3, 40, 32;
    %load/av 8, v0xc511e0, 32;
    %set/v v0xc544a0_0, 8, 32;
    %set/v v0xc54670_0, 1, 1;
T_12.11 ;
    %jmp T_12.8;
T_12.6 ;
    %load/v 8, v0xc54420_0, 1;
    %set/v v0xc54670_0, 8, 1;
    %load/v 8, v0xc54670_0, 1;
    %jmp/0xz  T_12.13, 8;
    %load/v 8, v0xc54540_0, 32;
    %set/v v0xc544a0_0, 8, 32;
T_12.13 ;
    %jmp T_12.8;
T_12.8 ;
T_12.2 ;
T_12.0 ;
    %jmp T_12;
    .thread T_12, $push;
    .scope S_0xbd9050;
T_13 ;
    %wait E_0xbdae90;
    %load/v 8, v0xc54830_0, 1;
    %inv 8, 1;
    %jmp/0xz  T_13.0, 8;
    %set/v v0xc54230_0, 0, 32;
T_13.2 ;
    %load/v 8, v0xc54230_0, 32;
   %cmpi/s 8, 256, 32;
    %jmp/0xz T_13.3, 5;
    %ix/getv/s 3, v0xc54230_0;
    %jmp/1 t_0, 4;
    %ix/load 0, 32, 0; word width
    %ix/load 1, 0, 0; part off
    %assign/av v0xc4e7c0, 0, 0;
t_0 ;
    %ix/load 0, 1, 0;
    %load/vp0/s 8, v0xc54230_0, 32;
    %set/v v0xc54230_0, 8, 32;
    %jmp T_13.2;
T_13.3 ;
    %set/v v0xc54230_0, 0, 32;
T_13.4 ;
    %load/v 8, v0xc54230_0, 32;
   %cmpi/s 8, 256, 32;
    %jmp/0xz T_13.5, 5;
    %movi 41, 1023, 32;
    %load/v 73, v0xc54230_0, 32;
    %sub 41, 73, 32;
    %mov 8, 41, 32;
    %mov 40, 0, 1;
    %subi 8, 768, 33;
    %ix/get/s 3, 8, 33;
    %jmp/1 t_1, 4;
    %ix/load 0, 32, 0; word width
    %ix/load 1, 0, 0; part off
    %assign/av v0xc511e0, 0, 0;
t_1 ;
    %ix/load 0, 1, 0;
    %load/vp0/s 8, v0xc54230_0, 32;
    %set/v v0xc54230_0, 8, 32;
    %jmp T_13.4;
T_13.5 ;
    %ix/load 0, 1, 0;
    %assign/v0 v0xc54ae0_0, 0, 0;
    %jmp T_13.1;
T_13.0 ;
    %load/v 8, v0xc548b0_0, 1;
    %jmp/0xz  T_13.6, 8;
    %ix/load 0, 1, 0;
    %assign/v0 v0xc54ae0_0, 0, 0;
    %load/v 8, v0xc53ee0_0, 2;
    %cmpi/u 8, 0, 2;
    %jmp/0xz  T_13.8, 4;
    %load/v 8, v0xc53f60_0, 20;
    %cmpi/u 8, 0, 20;
    %jmp/1 T_13.10, 6;
    %movi 28, 262143, 20;
    %cmp/u 8, 28, 20;
    %jmp/1 T_13.11, 6;
    %movi 28, 262144, 20;
    %cmp/u 8, 28, 20;
    %jmp/1 T_13.12, 6;
    %jmp T_13.13;
T_13.10 ;
    %load/v 8, v0xc53e00_0, 10;
    %mov 18, 0, 1;
   %cmpi/u 8, 256, 11;
    %jmp/0xz  T_13.14, 5;
    %load/v 8, v0xc54980_0, 32;
    %ix/getv 3, v0xc53e00_0;
    %jmp/1 t_2, 4;
    %ix/load 0, 32, 0; word width
    %ix/load 1, 0, 0; part off
    %assign/av v0xc4e7c0, 0, 8;
t_2 ;
    %ix/load 0, 1, 0;
    %assign/v0 v0xc54ae0_0, 0, 1;
T_13.14 ;
    %jmp T_13.13;
T_13.11 ;
    %movi 8, 767, 12;
    %load/v 20, v0xc53e00_0, 10;
    %mov 30, 0, 2;
    %cmp/u 8, 20, 12;
    %jmp/0xz  T_13.16, 5;
    %load/v 8, v0xc54980_0, 32;
    %load/v 40, v0xc53e00_0, 10;
    %mov 50, 0, 2;
    %mov 52, 0, 20;
    %subi 40, 768, 32;
    %ix/get/s 3, 40, 32;
    %jmp/1 t_3, 4;
    %ix/load 0, 32, 0; word width
    %ix/load 1, 0, 0; part off
    %assign/av v0xc511e0, 0, 8;
t_3 ;
    %ix/load 0, 1, 0;
    %assign/v0 v0xc54ae0_0, 0, 1;
T_13.16 ;
    %jmp T_13.13;
T_13.12 ;
    %load/v 8, v0xc545c0_0, 1;
    %ix/load 0, 1, 0;
    %assign/v0 v0xc54ae0_0, 0, 8;
    %jmp T_13.13;
T_13.13 ;
T_13.8 ;
T_13.6 ;
T_13.1 ;
    %jmp T_13;
    .thread T_13;
    .scope S_0xbd71c0;
T_14 ;
    %vpi_call 2 76 "$dumpfile", "testuart.vcd";
    %vpi_call 2 77 "$dumpvars", 1'sb0, S_0xc54c50, S_0xbd9050;
    %set/v v0xc586b0_0, 1, 1;
    %set/v v0xc590a0_0, 0, 1;
    %set/v v0xc58a50_0, 0, 1;
    %set/v v0xc58d20_0, 1, 1;
    %set/v v0xc589d0_0, 0, 32;
    %set/v v0xc58da0_0, 0, 1;
    %set/v v0xc59250_0, 0, 1;
    %set/v v0xc59120_0, 0, 32;
    %set/v v0xc58f80_0, 0, 8;
    %delay 1000, 0;
    %set/v v0xc58d20_0, 0, 1;
    %delay 1000, 0;
    %set/v v0xc58d20_0, 1, 1;
    %delay 15000000, 0;
    %delay 20833000, 0;
    %set/v v0xc586b0_0, 0, 1;
    %delay 20833000, 0;
    %set/v v0xc586b0_0, 1, 1;
    %delay 20833000, 0;
    %set/v v0xc586b0_0, 0, 1;
    %delay 20833000, 0;
    %set/v v0xc586b0_0, 0, 1;
    %delay 20833000, 0;
    %set/v v0xc586b0_0, 0, 1;
    %vpi_call 2 131 "$display", "RX_EFF = ", v0xc58390_0;
    %delay 20833000, 0;
    %set/v v0xc586b0_0, 0, 1;
    %delay 20833000, 0;
    %set/v v0xc586b0_0, 0, 1;
    %delay 20833000, 0;
    %set/v v0xc586b0_0, 0, 1;
    %delay 20833000, 0;
    %set/v v0xc586b0_0, 0, 1;
    %delay 20833000, 0;
    %set/v v0xc586b0_0, 1, 1;
    %vpi_call 2 137 "$display", "RX_EFF = ", v0xc58390_0;
    %delay 40000, 0;
    %vpi_call 2 139 "$display", "RX_EFF = ", v0xc58390_0;
    %movi 8, 1073741852, 32;
    %set/v v0xc589d0_0, 8, 32;
    %set/v v0xc58da0_0, 1, 1;
    %delay 40000, 0;
    %set/v v0xc58da0_0, 0, 1;
    %end;
    .thread T_14;
    .scope S_0xbd71c0;
T_15 ;
    %delay 20000, 0;
    %load/v 8, v0xc58a50_0, 1;
    %inv 8, 1;
    %set/v v0xc58a50_0, 8, 1;
    %jmp T_15;
    .thread T_15;
    .scope S_0xbd71c0;
T_16 ;
    %delay 1000, 0;
    %load/v 8, v0xc590a0_0, 1;
    %inv 8, 1;
    %set/v v0xc590a0_0, 8, 1;
    %jmp T_16;
    .thread T_16;
# The file index is used to find the file name in the following table.
:file_names 10;
    "N/A";
    "<interactive>";
    "test_UART.v";
    "UART.v";
    "UART_Baud_Rate_Generator.v";
    "UART_Receiver.v";
    "divider_16.v";
    "UART_Sender.v";
    "DataMem.v";
    "Peripheral.v";
