--------------------------------------------------------------------------------
Release 14.7 Trace  (lin64)
Copyright (c) 1995-2013 Xilinx, Inc.  All rights reserved.

/opt/Xilinx/14.7/ISE_DS/ISE/bin/lin64/unwrapped/trce -intstyle ise -v 3 -s 3 -n
3 -fastpaths -xml ALU.twx ALU.ncd -o ALU.twr ALU.pcf

Design file:              ALU.ncd
Physical constraint file: ALU.pcf
Device,package,speed:     xc6slx16,csg324,C,-3 (PRODUCTION 1.23 2013-10-13)
Report level:             verbose report

Environment Variable      Effect 
--------------------      ------ 
NONE                      No environment variables were set
--------------------------------------------------------------------------------

INFO:Timing:2698 - No timing constraints found, doing default enumeration.
INFO:Timing:3412 - To improve timing, see the Timing Closure User Guide (UG612).
INFO:Timing:2752 - To get complete path coverage, use the unconstrained paths 
   option. All paths that are not constrained will be reported in the 
   unconstrained paths section(s) of the report.
INFO:Timing:3339 - The clock-to-out numbers in this timing report are based on 
   a 50 Ohm transmission line loading model.  For the details of this model, 
   and for more information on accounting for different loading conditions, 
   please see the device datasheet.



Data Sheet report:
-----------------
All values displayed in nanoseconds (ns)

Pad to Pad
---------------+---------------+---------+
Source Pad     |Destination Pad|  Delay  |
---------------+---------------+---------+
A<0>           |S<0>           |   17.774|
A<0>           |S<1>           |   14.754|
A<0>           |S<2>           |   14.496|
A<0>           |S<3>           |   13.914|
A<0>           |S<4>           |   14.415|
A<0>           |S<5>           |   13.911|
A<0>           |S<6>           |   13.466|
A<0>           |S<7>           |   13.702|
A<0>           |S<8>           |   13.676|
A<0>           |S<9>           |   14.008|
A<0>           |S<10>          |   14.128|
A<0>           |S<11>          |   14.086|
A<0>           |S<12>          |   14.534|
A<0>           |S<13>          |   14.253|
A<0>           |S<14>          |   14.011|
A<0>           |S<15>          |   13.759|
A<0>           |S<16>          |   13.829|
A<0>           |S<17>          |   14.269|
A<0>           |S<18>          |   14.032|
A<0>           |S<19>          |   13.997|
A<0>           |S<20>          |   13.794|
A<0>           |S<21>          |   14.417|
A<0>           |S<22>          |   13.893|
A<0>           |S<23>          |   14.161|
A<0>           |S<24>          |   14.479|
A<0>           |S<25>          |   14.306|
A<0>           |S<26>          |   14.704|
A<0>           |S<27>          |   14.505|
A<0>           |S<28>          |   14.328|
A<0>           |S<29>          |   14.682|
A<0>           |S<30>          |   14.862|
A<0>           |S<31>          |   14.715|
A<1>           |S<0>           |   17.614|
A<1>           |S<1>           |   14.181|
A<1>           |S<2>           |   14.121|
A<1>           |S<3>           |   13.535|
A<1>           |S<4>           |   14.760|
A<1>           |S<5>           |   13.619|
A<1>           |S<6>           |   13.734|
A<1>           |S<7>           |   13.454|
A<1>           |S<8>           |   14.195|
A<1>           |S<9>           |   14.100|
A<1>           |S<10>          |   13.795|
A<1>           |S<11>          |   13.784|
A<1>           |S<12>          |   14.201|
A<1>           |S<13>          |   13.920|
A<1>           |S<14>          |   13.678|
A<1>           |S<15>          |   13.609|
A<1>           |S<16>          |   13.496|
A<1>           |S<17>          |   13.936|
A<1>           |S<18>          |   13.699|
A<1>           |S<19>          |   14.217|
A<1>           |S<20>          |   13.461|
A<1>           |S<21>          |   14.084|
A<1>           |S<22>          |   13.560|
A<1>           |S<23>          |   15.061|
A<1>           |S<24>          |   14.338|
A<1>           |S<25>          |   13.973|
A<1>           |S<26>          |   14.371|
A<1>           |S<27>          |   14.172|
A<1>           |S<28>          |   13.995|
A<1>           |S<29>          |   14.587|
A<1>           |S<30>          |   14.529|
A<1>           |S<31>          |   14.382|
A<2>           |S<0>           |   17.781|
A<2>           |S<1>           |   15.479|
A<2>           |S<2>           |   15.595|
A<2>           |S<3>           |   14.813|
A<2>           |S<4>           |   14.777|
A<2>           |S<5>           |   13.691|
A<2>           |S<6>           |   13.751|
A<2>           |S<7>           |   14.123|
A<2>           |S<8>           |   14.273|
A<2>           |S<9>           |   14.602|
A<2>           |S<10>          |   13.908|
A<2>           |S<11>          |   14.566|
A<2>           |S<12>          |   14.326|
A<2>           |S<13>          |   14.033|
A<2>           |S<14>          |   14.264|
A<2>           |S<15>          |   13.765|
A<2>           |S<16>          |   14.671|
A<2>           |S<17>          |   14.629|
A<2>           |S<18>          |   14.443|
A<2>           |S<19>          |   14.944|
A<2>           |S<20>          |   13.778|
A<2>           |S<21>          |   14.197|
A<2>           |S<22>          |   14.662|
A<2>           |S<23>          |   15.078|
A<2>           |S<24>          |   15.434|
A<2>           |S<25>          |   14.086|
A<2>           |S<26>          |   14.484|
A<2>           |S<27>          |   14.285|
A<2>           |S<28>          |   14.570|
A<2>           |S<29>          |   15.083|
A<2>           |S<30>          |   14.642|
A<2>           |S<31>          |   14.495|
A<3>           |S<0>           |   17.511|
A<3>           |S<1>           |   16.091|
A<3>           |S<2>           |   15.974|
A<3>           |S<3>           |   15.885|
A<3>           |S<4>           |   16.363|
A<3>           |S<5>           |   15.525|
A<3>           |S<6>           |   15.428|
A<3>           |S<7>           |   15.625|
A<3>           |S<8>           |   16.121|
A<3>           |S<9>           |   16.247|
A<3>           |S<10>          |   15.185|
A<3>           |S<11>          |   15.306|
A<3>           |S<12>          |   15.179|
A<3>           |S<13>          |   15.107|
A<3>           |S<14>          |   15.048|
A<3>           |S<15>          |   14.634|
A<3>           |S<16>          |   15.312|
A<3>           |S<17>          |   15.438|
A<3>           |S<18>          |   14.663|
A<3>           |S<19>          |   15.004|
A<3>           |S<20>          |   15.392|
A<3>           |S<21>          |   15.431|
A<3>           |S<22>          |   15.908|
A<3>           |S<23>          |   16.016|
A<3>           |S<24>          |   16.128|
A<3>           |S<25>          |   14.918|
A<3>           |S<26>          |   14.723|
A<3>           |S<27>          |   15.214|
A<3>           |S<28>          |   15.175|
A<3>           |S<29>          |   15.688|
A<3>           |S<30>          |   15.181|
A<3>           |S<31>          |   14.918|
A<4>           |S<0>           |   18.215|
A<4>           |S<1>           |   15.054|
A<4>           |S<2>           |   14.907|
A<4>           |S<3>           |   14.848|
A<4>           |S<4>           |   15.326|
A<4>           |S<5>           |   14.247|
A<4>           |S<6>           |   14.126|
A<4>           |S<7>           |   15.209|
A<4>           |S<8>           |   15.299|
A<4>           |S<9>           |   15.201|
A<4>           |S<10>          |   14.824|
A<4>           |S<11>          |   14.782|
A<4>           |S<12>          |   15.431|
A<4>           |S<13>          |   14.949|
A<4>           |S<14>          |   14.996|
A<4>           |S<15>          |   14.497|
A<4>           |S<16>          |   14.525|
A<4>           |S<17>          |   14.965|
A<4>           |S<18>          |   14.728|
A<4>           |S<19>          |   14.693|
A<4>           |S<20>          |   14.693|
A<4>           |S<21>          |   15.113|
A<4>           |S<22>          |   14.693|
A<4>           |S<23>          |   14.857|
A<4>           |S<24>          |   15.175|
A<4>           |S<25>          |   15.002|
A<4>           |S<26>          |   15.400|
A<4>           |S<27>          |   15.201|
A<4>           |S<28>          |   15.024|
A<4>           |S<29>          |   15.378|
A<4>           |S<30>          |   15.558|
A<4>           |S<31>          |   15.411|
A<5>           |S<0>           |   18.333|
A<5>           |S<5>           |   13.980|
A<5>           |S<6>           |   14.181|
A<5>           |S<7>           |   14.436|
A<5>           |S<8>           |   14.490|
A<5>           |S<9>           |   14.822|
A<5>           |S<10>          |   14.942|
A<5>           |S<11>          |   14.900|
A<5>           |S<12>          |   15.348|
A<5>           |S<13>          |   15.067|
A<5>           |S<14>          |   14.825|
A<5>           |S<15>          |   14.573|
A<5>           |S<16>          |   14.643|
A<5>           |S<17>          |   15.083|
A<5>           |S<18>          |   14.846|
A<5>           |S<19>          |   14.811|
A<5>           |S<20>          |   14.608|
A<5>           |S<21>          |   15.231|
A<5>           |S<22>          |   14.707|
A<5>           |S<23>          |   14.975|
A<5>           |S<24>          |   15.293|
A<5>           |S<25>          |   15.120|
A<5>           |S<26>          |   15.518|
A<5>           |S<27>          |   15.319|
A<5>           |S<28>          |   15.142|
A<5>           |S<29>          |   15.496|
A<5>           |S<30>          |   15.676|
A<5>           |S<31>          |   15.529|
A<6>           |S<0>           |   18.110|
A<6>           |S<6>           |   13.354|
A<6>           |S<7>           |   14.134|
A<6>           |S<8>           |   14.267|
A<6>           |S<9>           |   14.599|
A<6>           |S<10>          |   14.719|
A<6>           |S<11>          |   14.677|
A<6>           |S<12>          |   15.125|
A<6>           |S<13>          |   14.844|
A<6>           |S<14>          |   14.602|
A<6>           |S<15>          |   14.350|
A<6>           |S<16>          |   14.420|
A<6>           |S<17>          |   14.860|
A<6>           |S<18>          |   14.623|
A<6>           |S<19>          |   14.588|
A<6>           |S<20>          |   14.385|
A<6>           |S<21>          |   15.008|
A<6>           |S<22>          |   14.484|
A<6>           |S<23>          |   14.752|
A<6>           |S<24>          |   15.070|
A<6>           |S<25>          |   14.897|
A<6>           |S<26>          |   15.295|
A<6>           |S<27>          |   15.096|
A<6>           |S<28>          |   14.919|
A<6>           |S<29>          |   15.273|
A<6>           |S<30>          |   15.453|
A<6>           |S<31>          |   15.306|
A<7>           |S<0>           |   17.640|
A<7>           |S<7>           |   12.675|
A<7>           |S<8>           |   12.450|
A<7>           |S<9>           |   12.754|
A<7>           |S<10>          |   13.086|
A<7>           |S<11>          |   12.938|
A<7>           |S<12>          |   13.427|
A<7>           |S<13>          |   13.146|
A<7>           |S<14>          |   12.904|
A<7>           |S<15>          |   12.803|
A<7>           |S<16>          |   12.782|
A<7>           |S<17>          |   13.162|
A<7>           |S<18>          |   13.115|
A<7>           |S<19>          |   12.890|
A<7>           |S<20>          |   12.687|
A<7>           |S<21>          |   13.310|
A<7>           |S<22>          |   12.970|
A<7>           |S<23>          |   13.121|
A<7>           |S<24>          |   13.372|
A<7>           |S<25>          |   13.199|
A<7>           |S<26>          |   13.597|
A<7>           |S<27>          |   13.398|
A<7>           |S<28>          |   13.288|
A<7>           |S<29>          |   13.575|
A<7>           |S<30>          |   14.420|
A<7>           |S<31>          |   13.608|
A<8>           |S<0>           |   17.855|
A<8>           |S<8>           |   13.219|
A<8>           |S<9>           |   14.020|
A<8>           |S<10>          |   14.464|
A<8>           |S<11>          |   14.415|
A<8>           |S<12>          |   14.906|
A<8>           |S<13>          |   14.625|
A<8>           |S<14>          |   14.383|
A<8>           |S<15>          |   14.131|
A<8>           |S<16>          |   14.201|
A<8>           |S<17>          |   14.641|
A<8>           |S<18>          |   14.404|
A<8>           |S<19>          |   14.369|
A<8>           |S<20>          |   14.166|
A<8>           |S<21>          |   14.789|
A<8>           |S<22>          |   14.265|
A<8>           |S<23>          |   14.533|
A<8>           |S<24>          |   14.851|
A<8>           |S<25>          |   14.678|
A<8>           |S<26>          |   15.076|
A<8>           |S<27>          |   14.877|
A<8>           |S<28>          |   14.700|
A<8>           |S<29>          |   15.054|
A<8>           |S<30>          |   15.234|
A<8>           |S<31>          |   15.087|
A<9>           |S<0>           |   17.828|
A<9>           |S<9>           |   13.644|
A<9>           |S<10>          |   14.410|
A<9>           |S<11>          |   14.387|
A<9>           |S<12>          |   14.915|
A<9>           |S<13>          |   14.634|
A<9>           |S<14>          |   14.392|
A<9>           |S<15>          |   14.140|
A<9>           |S<16>          |   14.210|
A<9>           |S<17>          |   14.650|
A<9>           |S<18>          |   14.413|
A<9>           |S<19>          |   14.378|
A<9>           |S<20>          |   14.175|
A<9>           |S<21>          |   14.798|
A<9>           |S<22>          |   14.274|
A<9>           |S<23>          |   14.542|
A<9>           |S<24>          |   14.860|
A<9>           |S<25>          |   14.687|
A<9>           |S<26>          |   15.085|
A<9>           |S<27>          |   14.886|
A<9>           |S<28>          |   14.709|
A<9>           |S<29>          |   15.063|
A<9>           |S<30>          |   15.243|
A<9>           |S<31>          |   15.096|
A<10>          |S<0>           |   17.611|
A<10>          |S<10>          |   13.578|
A<10>          |S<11>          |   14.168|
A<10>          |S<12>          |   14.698|
A<10>          |S<13>          |   14.417|
A<10>          |S<14>          |   14.175|
A<10>          |S<15>          |   13.923|
A<10>          |S<16>          |   13.993|
A<10>          |S<17>          |   14.433|
A<10>          |S<18>          |   14.196|
A<10>          |S<19>          |   14.161|
A<10>          |S<20>          |   13.958|
A<10>          |S<21>          |   14.581|
A<10>          |S<22>          |   14.057|
A<10>          |S<23>          |   14.325|
A<10>          |S<24>          |   14.643|
A<10>          |S<25>          |   14.470|
A<10>          |S<26>          |   14.868|
A<10>          |S<27>          |   14.669|
A<10>          |S<28>          |   14.492|
A<10>          |S<29>          |   14.846|
A<10>          |S<30>          |   15.026|
A<10>          |S<31>          |   14.879|
A<11>          |S<0>           |   17.543|
A<11>          |S<11>          |   13.427|
A<11>          |S<12>          |   14.511|
A<11>          |S<13>          |   14.202|
A<11>          |S<14>          |   14.049|
A<11>          |S<15>          |   13.814|
A<11>          |S<16>          |   13.925|
A<11>          |S<17>          |   14.365|
A<11>          |S<18>          |   14.128|
A<11>          |S<19>          |   14.093|
A<11>          |S<20>          |   13.890|
A<11>          |S<21>          |   14.513|
A<11>          |S<22>          |   13.989|
A<11>          |S<23>          |   14.257|
A<11>          |S<24>          |   14.575|
A<11>          |S<25>          |   14.402|
A<11>          |S<26>          |   14.800|
A<11>          |S<27>          |   14.601|
A<11>          |S<28>          |   14.424|
A<11>          |S<29>          |   14.778|
A<11>          |S<30>          |   14.958|
A<11>          |S<31>          |   14.811|
A<12>          |S<0>           |   17.885|
A<12>          |S<12>          |   14.143|
A<12>          |S<13>          |   14.331|
A<12>          |S<14>          |   14.413|
A<12>          |S<15>          |   14.154|
A<12>          |S<16>          |   14.267|
A<12>          |S<17>          |   14.707|
A<12>          |S<18>          |   14.470|
A<12>          |S<19>          |   14.435|
A<12>          |S<20>          |   14.232|
A<12>          |S<21>          |   14.855|
A<12>          |S<22>          |   14.331|
A<12>          |S<23>          |   14.599|
A<12>          |S<24>          |   14.917|
A<12>          |S<25>          |   14.744|
A<12>          |S<26>          |   15.142|
A<12>          |S<27>          |   14.943|
A<12>          |S<28>          |   14.766|
A<12>          |S<29>          |   15.120|
A<12>          |S<30>          |   15.300|
A<12>          |S<31>          |   15.153|
A<13>          |S<0>           |   17.527|
A<13>          |S<13>          |   13.588|
A<13>          |S<14>          |   13.992|
A<13>          |S<15>          |   13.759|
A<13>          |S<16>          |   13.909|
A<13>          |S<17>          |   14.349|
A<13>          |S<18>          |   14.112|
A<13>          |S<19>          |   14.077|
A<13>          |S<20>          |   13.874|
A<13>          |S<21>          |   14.497|
A<13>          |S<22>          |   13.973|
A<13>          |S<23>          |   14.241|
A<13>          |S<24>          |   14.559|
A<13>          |S<25>          |   14.386|
A<13>          |S<26>          |   14.784|
A<13>          |S<27>          |   14.585|
A<13>          |S<28>          |   14.408|
A<13>          |S<29>          |   14.762|
A<13>          |S<30>          |   14.942|
A<13>          |S<31>          |   14.795|
A<14>          |S<0>           |   17.342|
A<14>          |S<14>          |   13.203|
A<14>          |S<15>          |   13.495|
A<14>          |S<16>          |   13.724|
A<14>          |S<17>          |   14.164|
A<14>          |S<18>          |   13.927|
A<14>          |S<19>          |   13.892|
A<14>          |S<20>          |   13.689|
A<14>          |S<21>          |   14.312|
A<14>          |S<22>          |   13.788|
A<14>          |S<23>          |   14.056|
A<14>          |S<24>          |   14.374|
A<14>          |S<25>          |   14.201|
A<14>          |S<26>          |   14.599|
A<14>          |S<27>          |   14.400|
A<14>          |S<28>          |   14.223|
A<14>          |S<29>          |   14.577|
A<14>          |S<30>          |   14.757|
A<14>          |S<31>          |   14.610|
A<15>          |S<0>           |   17.419|
A<15>          |S<15>          |   12.976|
A<15>          |S<16>          |   13.682|
A<15>          |S<17>          |   14.094|
A<15>          |S<18>          |   13.946|
A<15>          |S<19>          |   13.928|
A<15>          |S<20>          |   13.766|
A<15>          |S<21>          |   14.389|
A<15>          |S<22>          |   13.865|
A<15>          |S<23>          |   14.133|
A<15>          |S<24>          |   14.451|
A<15>          |S<25>          |   14.278|
A<15>          |S<26>          |   14.676|
A<15>          |S<27>          |   14.477|
A<15>          |S<28>          |   14.300|
A<15>          |S<29>          |   14.654|
A<15>          |S<30>          |   14.834|
A<15>          |S<31>          |   14.687|
A<16>          |S<0>           |   17.316|
A<16>          |S<16>          |   12.869|
A<16>          |S<17>          |   13.778|
A<16>          |S<18>          |   13.865|
A<16>          |S<19>          |   13.823|
A<16>          |S<20>          |   13.663|
A<16>          |S<21>          |   14.286|
A<16>          |S<22>          |   13.762|
A<16>          |S<23>          |   14.030|
A<16>          |S<24>          |   14.348|
A<16>          |S<25>          |   14.175|
A<16>          |S<26>          |   14.573|
A<16>          |S<27>          |   14.374|
A<16>          |S<28>          |   14.197|
A<16>          |S<29>          |   14.551|
A<16>          |S<30>          |   14.731|
A<16>          |S<31>          |   14.584|
A<17>          |S<0>           |   17.628|
A<17>          |S<17>          |   13.705|
A<17>          |S<18>          |   14.114|
A<17>          |S<19>          |   14.098|
A<17>          |S<20>          |   13.975|
A<17>          |S<21>          |   14.598|
A<17>          |S<22>          |   14.074|
A<17>          |S<23>          |   14.342|
A<17>          |S<24>          |   14.660|
A<17>          |S<25>          |   14.487|
A<17>          |S<26>          |   14.885|
A<17>          |S<27>          |   14.686|
A<17>          |S<28>          |   14.509|
A<17>          |S<29>          |   14.863|
A<17>          |S<30>          |   15.043|
A<17>          |S<31>          |   14.896|
A<18>          |S<0>           |   17.203|
A<18>          |S<18>          |   13.085|
A<18>          |S<19>          |   13.594|
A<18>          |S<20>          |   13.550|
A<18>          |S<21>          |   14.173|
A<18>          |S<22>          |   13.649|
A<18>          |S<23>          |   13.917|
A<18>          |S<24>          |   14.235|
A<18>          |S<25>          |   14.062|
A<18>          |S<26>          |   14.460|
A<18>          |S<27>          |   14.261|
A<18>          |S<28>          |   14.084|
A<18>          |S<29>          |   14.438|
A<18>          |S<30>          |   14.618|
A<18>          |S<31>          |   14.471|
A<19>          |S<0>           |   17.294|
A<19>          |S<19>          |   13.089|
A<19>          |S<20>          |   13.522|
A<19>          |S<21>          |   14.117|
A<19>          |S<22>          |   13.682|
A<19>          |S<23>          |   13.967|
A<19>          |S<24>          |   14.326|
A<19>          |S<25>          |   14.153|
A<19>          |S<26>          |   14.551|
A<19>          |S<27>          |   14.352|
A<19>          |S<28>          |   14.175|
A<19>          |S<29>          |   14.529|
A<19>          |S<30>          |   14.709|
A<19>          |S<31>          |   14.562|
A<20>          |S<0>           |   17.195|
A<20>          |S<20>          |   12.713|
A<20>          |S<21>          |   13.805|
A<20>          |S<22>          |   13.605|
A<20>          |S<23>          |   13.866|
A<20>          |S<24>          |   14.227|
A<20>          |S<25>          |   14.054|
A<20>          |S<26>          |   14.452|
A<20>          |S<27>          |   14.253|
A<20>          |S<28>          |   14.076|
A<20>          |S<29>          |   14.430|
A<20>          |S<30>          |   14.610|
A<20>          |S<31>          |   14.463|
A<21>          |S<0>           |   16.969|
A<21>          |S<21>          |   13.194|
A<21>          |S<22>          |   13.316|
A<21>          |S<23>          |   13.603|
A<21>          |S<24>          |   14.001|
A<21>          |S<25>          |   13.828|
A<21>          |S<26>          |   14.226|
A<21>          |S<27>          |   14.027|
A<21>          |S<28>          |   13.850|
A<21>          |S<29>          |   14.204|
A<21>          |S<30>          |   14.384|
A<21>          |S<31>          |   14.237|
A<22>          |S<0>           |   16.897|
A<22>          |S<22>          |   12.640|
A<22>          |S<23>          |   13.452|
A<22>          |S<24>          |   13.929|
A<22>          |S<25>          |   13.756|
A<22>          |S<26>          |   14.154|
A<22>          |S<27>          |   13.955|
A<22>          |S<28>          |   13.778|
A<22>          |S<29>          |   14.132|
A<22>          |S<30>          |   14.312|
A<22>          |S<31>          |   14.165|
A<23>          |S<0>           |   17.116|
A<23>          |S<23>          |   13.133|
A<23>          |S<24>          |   14.087|
A<23>          |S<25>          |   13.886|
A<23>          |S<26>          |   14.373|
A<23>          |S<27>          |   14.191|
A<23>          |S<28>          |   14.055|
A<23>          |S<29>          |   14.409|
A<23>          |S<30>          |   14.589|
A<23>          |S<31>          |   14.442|
A<24>          |S<0>           |   17.091|
A<24>          |S<24>          |   13.330|
A<24>          |S<25>          |   13.626|
A<24>          |S<26>          |   14.348|
A<24>          |S<27>          |   14.142|
A<24>          |S<28>          |   14.008|
A<24>          |S<29>          |   14.362|
A<24>          |S<30>          |   14.542|
A<24>          |S<31>          |   14.395|
A<25>          |S<0>           |   16.753|
A<25>          |S<25>          |   12.966|
A<25>          |S<26>          |   14.010|
A<25>          |S<27>          |   13.830|
A<25>          |S<28>          |   13.733|
A<25>          |S<29>          |   14.087|
A<25>          |S<30>          |   14.267|
A<25>          |S<31>          |   14.120|
A<26>          |S<0>           |   16.903|
A<26>          |S<26>          |   13.659|
A<26>          |S<27>          |   14.004|
A<26>          |S<28>          |   13.986|
A<26>          |S<29>          |   14.340|
A<26>          |S<30>          |   14.520|
A<26>          |S<31>          |   14.373|
A<27>          |S<0>           |   16.925|
A<27>          |S<27>          |   13.394|
A<27>          |S<28>          |   13.853|
A<27>          |S<29>          |   14.179|
A<27>          |S<30>          |   14.448|
A<27>          |S<31>          |   14.318|
A<28>          |S<0>           |   16.683|
A<28>          |S<28>          |   13.256|
A<28>          |S<29>          |   14.080|
A<28>          |S<30>          |   14.465|
A<28>          |S<31>          |   14.311|
A<29>          |S<0>           |   16.445|
A<29>          |S<29>          |   13.418|
A<29>          |S<30>          |   14.244|
A<29>          |S<31>          |   14.116|
A<30>          |S<0>           |   17.003|
A<30>          |S<30>          |   13.938|
A<30>          |S<31>          |   13.810|
A<31>          |S<0>           |   15.537|
A<31>          |S<31>          |   13.417|
ALUFunc<0>     |S<0>           |   16.626|
ALUFunc<0>     |S<1>           |   14.466|
ALUFunc<0>     |S<2>           |   12.793|
ALUFunc<0>     |S<3>           |   14.415|
ALUFunc<0>     |S<4>           |   15.208|
ALUFunc<0>     |S<5>           |   14.067|
ALUFunc<0>     |S<6>           |   14.182|
ALUFunc<0>     |S<7>           |   13.268|
ALUFunc<0>     |S<8>           |   14.643|
ALUFunc<0>     |S<9>           |   14.548|
ALUFunc<0>     |S<10>          |   13.962|
ALUFunc<0>     |S<11>          |   14.232|
ALUFunc<0>     |S<12>          |   13.529|
ALUFunc<0>     |S<13>          |   13.042|
ALUFunc<0>     |S<14>          |   13.444|
ALUFunc<0>     |S<15>          |   14.057|
ALUFunc<0>     |S<16>          |   13.868|
ALUFunc<0>     |S<17>          |   13.388|
ALUFunc<0>     |S<18>          |   13.287|
ALUFunc<0>     |S<19>          |   14.665|
ALUFunc<0>     |S<20>          |   13.601|
ALUFunc<0>     |S<21>          |   13.541|
ALUFunc<0>     |S<22>          |   13.624|
ALUFunc<0>     |S<23>          |   15.509|
ALUFunc<0>     |S<24>          |   14.720|
ALUFunc<0>     |S<25>          |   13.409|
ALUFunc<0>     |S<26>          |   13.645|
ALUFunc<0>     |S<27>          |   13.688|
ALUFunc<0>     |S<28>          |   13.304|
ALUFunc<0>     |S<29>          |   13.216|
ALUFunc<0>     |S<30>          |   13.456|
ALUFunc<0>     |S<31>          |   13.197|
ALUFunc<1>     |S<0>           |   14.814|
ALUFunc<1>     |S<1>           |   15.164|
ALUFunc<1>     |S<2>           |   14.411|
ALUFunc<1>     |S<3>           |   14.771|
ALUFunc<1>     |S<4>           |   15.249|
ALUFunc<1>     |S<5>           |   14.221|
ALUFunc<1>     |S<6>           |   14.124|
ALUFunc<1>     |S<7>           |   14.691|
ALUFunc<1>     |S<8>           |   15.036|
ALUFunc<1>     |S<9>           |   15.162|
ALUFunc<1>     |S<10>          |   14.272|
ALUFunc<1>     |S<11>          |   14.856|
ALUFunc<1>     |S<12>          |   13.890|
ALUFunc<1>     |S<13>          |   13.743|
ALUFunc<1>     |S<14>          |   14.618|
ALUFunc<1>     |S<15>          |   14.119|
ALUFunc<1>     |S<16>          |   15.482|
ALUFunc<1>     |S<17>          |   15.403|
ALUFunc<1>     |S<18>          |   15.254|
ALUFunc<1>     |S<19>          |   15.442|
ALUFunc<1>     |S<20>          |   15.210|
ALUFunc<1>     |S<21>          |   15.249|
ALUFunc<1>     |S<22>          |   14.789|
ALUFunc<1>     |S<23>          |   15.184|
ALUFunc<1>     |S<24>          |   14.983|
ALUFunc<1>     |S<25>          |   13.834|
ALUFunc<1>     |S<26>          |   14.070|
ALUFunc<1>     |S<27>          |   14.116|
ALUFunc<1>     |S<28>          |   13.739|
ALUFunc<1>     |S<29>          |   14.324|
ALUFunc<1>     |S<30>          |   13.617|
ALUFunc<1>     |S<31>          |   13.541|
ALUFunc<2>     |S<0>           |   13.638|
ALUFunc<2>     |S<1>           |   14.138|
ALUFunc<2>     |S<2>           |   12.282|
ALUFunc<2>     |S<3>           |   13.293|
ALUFunc<2>     |S<4>           |   12.512|
ALUFunc<2>     |S<5>           |   11.960|
ALUFunc<2>     |S<6>           |   12.829|
ALUFunc<2>     |S<7>           |   12.269|
ALUFunc<2>     |S<8>           |   13.836|
ALUFunc<2>     |S<9>           |   12.206|
ALUFunc<2>     |S<10>          |   11.873|
ALUFunc<2>     |S<11>          |   12.390|
ALUFunc<2>     |S<12>          |   12.345|
ALUFunc<2>     |S<13>          |   12.008|
ALUFunc<2>     |S<14>          |   12.094|
ALUFunc<2>     |S<15>          |   12.237|
ALUFunc<2>     |S<16>          |   11.455|
ALUFunc<2>     |S<17>          |   11.956|
ALUFunc<2>     |S<18>          |   12.106|
ALUFunc<2>     |S<19>          |   11.766|
ALUFunc<2>     |S<20>          |   11.588|
ALUFunc<2>     |S<21>          |   11.774|
ALUFunc<2>     |S<22>          |   12.083|
ALUFunc<2>     |S<23>          |   13.054|
ALUFunc<2>     |S<24>          |   12.945|
ALUFunc<2>     |S<25>          |   12.129|
ALUFunc<2>     |S<26>          |   12.371|
ALUFunc<2>     |S<27>          |   13.303|
ALUFunc<2>     |S<28>          |   12.625|
ALUFunc<2>     |S<29>          |   12.503|
ALUFunc<2>     |S<30>          |   12.365|
ALUFunc<2>     |S<31>          |   12.828|
ALUFunc<3>     |S<0>           |   13.127|
ALUFunc<3>     |S<1>           |   14.420|
ALUFunc<3>     |S<2>           |   12.564|
ALUFunc<3>     |S<3>           |   13.575|
ALUFunc<3>     |S<4>           |   12.794|
ALUFunc<3>     |S<5>           |   12.212|
ALUFunc<3>     |S<6>           |   13.079|
ALUFunc<3>     |S<7>           |   12.551|
ALUFunc<3>     |S<8>           |   14.118|
ALUFunc<3>     |S<9>           |   12.488|
ALUFunc<3>     |S<10>          |   12.107|
ALUFunc<3>     |S<11>          |   12.806|
ALUFunc<3>     |S<12>          |   12.627|
ALUFunc<3>     |S<13>          |   12.290|
ALUFunc<3>     |S<14>          |   12.376|
ALUFunc<3>     |S<15>          |   12.519|
ALUFunc<3>     |S<16>          |   11.737|
ALUFunc<3>     |S<17>          |   11.759|
ALUFunc<3>     |S<18>          |   11.913|
ALUFunc<3>     |S<19>          |   11.938|
ALUFunc<3>     |S<20>          |   11.661|
ALUFunc<3>     |S<21>          |   12.056|
ALUFunc<3>     |S<22>          |   12.064|
ALUFunc<3>     |S<23>          |   13.011|
ALUFunc<3>     |S<24>          |   12.943|
ALUFunc<3>     |S<25>          |   12.233|
ALUFunc<3>     |S<26>          |   12.653|
ALUFunc<3>     |S<27>          |   13.585|
ALUFunc<3>     |S<28>          |   12.907|
ALUFunc<3>     |S<29>          |   12.782|
ALUFunc<3>     |S<30>          |   12.803|
ALUFunc<3>     |S<31>          |   13.110|
ALUFunc<4>     |S<0>           |   12.347|
ALUFunc<4>     |S<1>           |   14.377|
ALUFunc<4>     |S<2>           |   10.978|
ALUFunc<4>     |S<3>           |   11.241|
ALUFunc<4>     |S<4>           |   13.848|
ALUFunc<4>     |S<5>           |   14.657|
ALUFunc<4>     |S<6>           |   13.435|
ALUFunc<4>     |S<7>           |   13.223|
ALUFunc<4>     |S<8>           |   14.851|
ALUFunc<4>     |S<9>           |   15.016|
ALUFunc<4>     |S<10>          |   14.178|
ALUFunc<4>     |S<11>          |   14.153|
ALUFunc<4>     |S<12>          |   13.620|
ALUFunc<4>     |S<13>          |   13.774|
ALUFunc<4>     |S<14>          |   13.995|
ALUFunc<4>     |S<15>          |   14.223|
ALUFunc<4>     |S<16>          |   13.159|
ALUFunc<4>     |S<17>          |   13.380|
ALUFunc<4>     |S<18>          |   14.224|
ALUFunc<4>     |S<19>          |   14.189|
ALUFunc<4>     |S<20>          |   13.853|
ALUFunc<4>     |S<21>          |   12.556|
ALUFunc<4>     |S<22>          |   13.817|
ALUFunc<4>     |S<23>          |   15.796|
ALUFunc<4>     |S<24>          |   14.144|
ALUFunc<4>     |S<25>          |   12.071|
ALUFunc<4>     |S<26>          |   14.706|
ALUFunc<4>     |S<27>          |   13.197|
ALUFunc<4>     |S<28>          |   12.224|
ALUFunc<4>     |S<29>          |   12.641|
ALUFunc<4>     |S<30>          |   12.319|
ALUFunc<4>     |S<31>          |   12.689|
ALUFunc<5>     |S<0>           |   13.286|
ALUFunc<5>     |S<1>           |   14.563|
ALUFunc<5>     |S<2>           |   12.962|
ALUFunc<5>     |S<3>           |   11.422|
ALUFunc<5>     |S<4>           |   14.034|
ALUFunc<5>     |S<5>           |   14.843|
ALUFunc<5>     |S<6>           |   13.621|
ALUFunc<5>     |S<7>           |   13.409|
ALUFunc<5>     |S<8>           |   15.037|
ALUFunc<5>     |S<9>           |   15.202|
ALUFunc<5>     |S<10>          |   14.364|
ALUFunc<5>     |S<11>          |   14.339|
ALUFunc<5>     |S<12>          |   13.806|
ALUFunc<5>     |S<13>          |   13.960|
ALUFunc<5>     |S<14>          |   14.181|
ALUFunc<5>     |S<15>          |   14.409|
ALUFunc<5>     |S<16>          |   13.345|
ALUFunc<5>     |S<17>          |   13.566|
ALUFunc<5>     |S<18>          |   14.410|
ALUFunc<5>     |S<19>          |   14.375|
ALUFunc<5>     |S<20>          |   14.039|
ALUFunc<5>     |S<21>          |   13.103|
ALUFunc<5>     |S<22>          |   14.003|
ALUFunc<5>     |S<23>          |   15.982|
ALUFunc<5>     |S<24>          |   14.330|
ALUFunc<5>     |S<25>          |   12.775|
ALUFunc<5>     |S<26>          |   14.892|
ALUFunc<5>     |S<27>          |   13.549|
ALUFunc<5>     |S<28>          |   13.028|
ALUFunc<5>     |S<29>          |   12.827|
ALUFunc<5>     |S<30>          |   12.505|
ALUFunc<5>     |S<31>          |   12.875|
B<0>           |S<0>           |   18.868|
B<0>           |S<1>           |   15.848|
B<0>           |S<2>           |   15.590|
B<0>           |S<3>           |   15.008|
B<0>           |S<4>           |   14.925|
B<0>           |S<5>           |   15.005|
B<0>           |S<6>           |   14.560|
B<0>           |S<7>           |   14.796|
B<0>           |S<8>           |   14.770|
B<0>           |S<9>           |   15.102|
B<0>           |S<10>          |   15.222|
B<0>           |S<11>          |   15.180|
B<0>           |S<12>          |   15.628|
B<0>           |S<13>          |   15.347|
B<0>           |S<14>          |   15.105|
B<0>           |S<15>          |   14.853|
B<0>           |S<16>          |   14.923|
B<0>           |S<17>          |   15.363|
B<0>           |S<18>          |   15.126|
B<0>           |S<19>          |   15.091|
B<0>           |S<20>          |   14.888|
B<0>           |S<21>          |   15.511|
B<0>           |S<22>          |   14.987|
B<0>           |S<23>          |   15.255|
B<0>           |S<24>          |   15.573|
B<0>           |S<25>          |   15.400|
B<0>           |S<26>          |   15.798|
B<0>           |S<27>          |   15.599|
B<0>           |S<28>          |   15.422|
B<0>           |S<29>          |   15.776|
B<0>           |S<30>          |   15.956|
B<0>           |S<31>          |   15.809|
B<1>           |S<0>           |   19.090|
B<1>           |S<1>           |   15.423|
B<1>           |S<2>           |   15.770|
B<1>           |S<3>           |   15.184|
B<1>           |S<4>           |   15.147|
B<1>           |S<5>           |   15.227|
B<1>           |S<6>           |   14.782|
B<1>           |S<7>           |   15.018|
B<1>           |S<8>           |   14.992|
B<1>           |S<9>           |   15.324|
B<1>           |S<10>          |   15.444|
B<1>           |S<11>          |   15.402|
B<1>           |S<12>          |   15.850|
B<1>           |S<13>          |   15.569|
B<1>           |S<14>          |   15.327|
B<1>           |S<15>          |   15.075|
B<1>           |S<16>          |   15.145|
B<1>           |S<17>          |   15.585|
B<1>           |S<18>          |   15.348|
B<1>           |S<19>          |   15.313|
B<1>           |S<20>          |   15.110|
B<1>           |S<21>          |   15.733|
B<1>           |S<22>          |   15.209|
B<1>           |S<23>          |   15.477|
B<1>           |S<24>          |   15.795|
B<1>           |S<25>          |   15.622|
B<1>           |S<26>          |   16.020|
B<1>           |S<27>          |   15.821|
B<1>           |S<28>          |   15.644|
B<1>           |S<29>          |   15.998|
B<1>           |S<30>          |   16.178|
B<1>           |S<31>          |   16.031|
B<2>           |S<0>           |   19.497|
B<2>           |S<1>           |   14.922|
B<2>           |S<2>           |   15.573|
B<2>           |S<3>           |   15.512|
B<2>           |S<4>           |   15.554|
B<2>           |S<5>           |   15.634|
B<2>           |S<6>           |   15.189|
B<2>           |S<7>           |   15.425|
B<2>           |S<8>           |   15.399|
B<2>           |S<9>           |   15.731|
B<2>           |S<10>          |   15.851|
B<2>           |S<11>          |   15.809|
B<2>           |S<12>          |   16.257|
B<2>           |S<13>          |   15.976|
B<2>           |S<14>          |   15.734|
B<2>           |S<15>          |   15.482|
B<2>           |S<16>          |   15.552|
B<2>           |S<17>          |   15.992|
B<2>           |S<18>          |   15.755|
B<2>           |S<19>          |   15.720|
B<2>           |S<20>          |   15.517|
B<2>           |S<21>          |   16.140|
B<2>           |S<22>          |   15.616|
B<2>           |S<23>          |   15.884|
B<2>           |S<24>          |   16.202|
B<2>           |S<25>          |   16.029|
B<2>           |S<26>          |   16.427|
B<2>           |S<27>          |   16.228|
B<2>           |S<28>          |   16.051|
B<2>           |S<29>          |   16.405|
B<2>           |S<30>          |   16.585|
B<2>           |S<31>          |   16.438|
B<3>           |S<0>           |   18.772|
B<3>           |S<1>           |   14.686|
B<3>           |S<2>           |   14.802|
B<3>           |S<3>           |   14.062|
B<3>           |S<4>           |   14.857|
B<3>           |S<5>           |   14.909|
B<3>           |S<6>           |   14.553|
B<3>           |S<7>           |   14.806|
B<3>           |S<8>           |   14.821|
B<3>           |S<9>           |   15.153|
B<3>           |S<10>          |   15.273|
B<3>           |S<11>          |   15.231|
B<3>           |S<12>          |   15.679|
B<3>           |S<13>          |   15.398|
B<3>           |S<14>          |   15.156|
B<3>           |S<15>          |   14.904|
B<3>           |S<16>          |   14.974|
B<3>           |S<17>          |   15.414|
B<3>           |S<18>          |   15.177|
B<3>           |S<19>          |   15.142|
B<3>           |S<20>          |   14.939|
B<3>           |S<21>          |   15.562|
B<3>           |S<22>          |   15.038|
B<3>           |S<23>          |   15.306|
B<3>           |S<24>          |   15.624|
B<3>           |S<25>          |   15.451|
B<3>           |S<26>          |   15.849|
B<3>           |S<27>          |   15.650|
B<3>           |S<28>          |   15.473|
B<3>           |S<29>          |   15.827|
B<3>           |S<30>          |   16.007|
B<3>           |S<31>          |   15.860|
B<4>           |S<0>           |   19.153|
B<4>           |S<1>           |   14.908|
B<4>           |S<2>           |   14.501|
B<4>           |S<3>           |   14.702|
B<4>           |S<4>           |   15.180|
B<4>           |S<5>           |   15.185|
B<4>           |S<6>           |   15.064|
B<4>           |S<7>           |   15.293|
B<4>           |S<8>           |   15.310|
B<4>           |S<9>           |   15.642|
B<4>           |S<10>          |   15.762|
B<4>           |S<11>          |   15.720|
B<4>           |S<12>          |   16.168|
B<4>           |S<13>          |   15.887|
B<4>           |S<14>          |   15.645|
B<4>           |S<15>          |   15.393|
B<4>           |S<16>          |   15.463|
B<4>           |S<17>          |   15.903|
B<4>           |S<18>          |   15.666|
B<4>           |S<19>          |   15.631|
B<4>           |S<20>          |   15.428|
B<4>           |S<21>          |   16.051|
B<4>           |S<22>          |   15.527|
B<4>           |S<23>          |   15.795|
B<4>           |S<24>          |   16.113|
B<4>           |S<25>          |   15.940|
B<4>           |S<26>          |   16.338|
B<4>           |S<27>          |   16.139|
B<4>           |S<28>          |   15.962|
B<4>           |S<29>          |   16.316|
B<4>           |S<30>          |   16.496|
B<4>           |S<31>          |   16.349|
B<5>           |S<0>           |   18.852|
B<5>           |S<1>           |   15.157|
B<5>           |S<2>           |   15.544|
B<5>           |S<3>           |   14.243|
B<5>           |S<4>           |   15.818|
B<5>           |S<5>           |   14.569|
B<5>           |S<6>           |   14.700|
B<5>           |S<7>           |   14.955|
B<5>           |S<8>           |   15.009|
B<5>           |S<9>           |   15.341|
B<5>           |S<10>          |   15.461|
B<5>           |S<11>          |   15.419|
B<5>           |S<12>          |   15.867|
B<5>           |S<13>          |   15.586|
B<5>           |S<14>          |   15.344|
B<5>           |S<15>          |   15.092|
B<5>           |S<16>          |   15.162|
B<5>           |S<17>          |   15.602|
B<5>           |S<18>          |   15.365|
B<5>           |S<19>          |   15.330|
B<5>           |S<20>          |   15.127|
B<5>           |S<21>          |   15.750|
B<5>           |S<22>          |   15.226|
B<5>           |S<23>          |   15.494|
B<5>           |S<24>          |   15.812|
B<5>           |S<25>          |   15.639|
B<5>           |S<26>          |   16.037|
B<5>           |S<27>          |   15.838|
B<5>           |S<28>          |   15.661|
B<5>           |S<29>          |   16.015|
B<5>           |S<30>          |   16.195|
B<5>           |S<31>          |   16.048|
B<6>           |S<0>           |   18.646|
B<6>           |S<1>           |   13.402|
B<6>           |S<2>           |   13.641|
B<6>           |S<3>           |   13.871|
B<6>           |S<4>           |   14.349|
B<6>           |S<5>           |   13.321|
B<6>           |S<6>           |   13.890|
B<6>           |S<7>           |   14.670|
B<6>           |S<8>           |   14.803|
B<6>           |S<9>           |   15.135|
B<6>           |S<10>          |   15.255|
B<6>           |S<11>          |   15.213|
B<6>           |S<12>          |   15.661|
B<6>           |S<13>          |   15.380|
B<6>           |S<14>          |   15.138|
B<6>           |S<15>          |   14.886|
B<6>           |S<16>          |   14.956|
B<6>           |S<17>          |   15.396|
B<6>           |S<18>          |   15.159|
B<6>           |S<19>          |   15.124|
B<6>           |S<20>          |   14.921|
B<6>           |S<21>          |   15.544|
B<6>           |S<22>          |   15.020|
B<6>           |S<23>          |   15.288|
B<6>           |S<24>          |   15.606|
B<6>           |S<25>          |   15.433|
B<6>           |S<26>          |   15.831|
B<6>           |S<27>          |   15.632|
B<6>           |S<28>          |   15.455|
B<6>           |S<29>          |   15.809|
B<6>           |S<30>          |   15.989|
B<6>           |S<31>          |   15.842|
B<7>           |S<0>           |   18.142|
B<7>           |S<1>           |   13.713|
B<7>           |S<2>           |   13.829|
B<7>           |S<3>           |   13.047|
B<7>           |S<4>           |   14.130|
B<7>           |S<5>           |   13.008|
B<7>           |S<6>           |   12.865|
B<7>           |S<7>           |   13.628|
B<7>           |S<8>           |   14.238|
B<7>           |S<9>           |   14.542|
B<7>           |S<10>          |   14.751|
B<7>           |S<11>          |   14.726|
B<7>           |S<12>          |   15.215|
B<7>           |S<13>          |   14.934|
B<7>           |S<14>          |   14.692|
B<7>           |S<15>          |   14.440|
B<7>           |S<16>          |   14.510|
B<7>           |S<17>          |   14.950|
B<7>           |S<18>          |   14.713|
B<7>           |S<19>          |   14.678|
B<7>           |S<20>          |   14.475|
B<7>           |S<21>          |   15.098|
B<7>           |S<22>          |   14.574|
B<7>           |S<23>          |   14.842|
B<7>           |S<24>          |   15.160|
B<7>           |S<25>          |   14.987|
B<7>           |S<26>          |   15.385|
B<7>           |S<27>          |   15.186|
B<7>           |S<28>          |   15.009|
B<7>           |S<29>          |   15.363|
B<7>           |S<30>          |   15.543|
B<7>           |S<31>          |   15.396|
B<8>           |S<0>           |   18.726|
B<8>           |S<1>           |   14.415|
B<8>           |S<2>           |   14.008|
B<8>           |S<3>           |   14.209|
B<8>           |S<4>           |   14.687|
B<8>           |S<5>           |   13.849|
B<8>           |S<6>           |   13.752|
B<8>           |S<7>           |   13.949|
B<8>           |S<8>           |   14.090|
B<8>           |S<9>           |   14.891|
B<8>           |S<10>          |   15.335|
B<8>           |S<11>          |   15.286|
B<8>           |S<12>          |   15.777|
B<8>           |S<13>          |   15.496|
B<8>           |S<14>          |   15.254|
B<8>           |S<15>          |   15.002|
B<8>           |S<16>          |   15.072|
B<8>           |S<17>          |   15.512|
B<8>           |S<18>          |   15.275|
B<8>           |S<19>          |   15.240|
B<8>           |S<20>          |   15.037|
B<8>           |S<21>          |   15.660|
B<8>           |S<22>          |   15.136|
B<8>           |S<23>          |   15.404|
B<8>           |S<24>          |   15.722|
B<8>           |S<25>          |   15.549|
B<8>           |S<26>          |   15.947|
B<8>           |S<27>          |   15.748|
B<8>           |S<28>          |   15.571|
B<8>           |S<29>          |   15.925|
B<8>           |S<30>          |   16.105|
B<8>           |S<31>          |   15.958|
B<9>           |S<0>           |   17.804|
B<9>           |S<1>           |   14.386|
B<9>           |S<2>           |   14.714|
B<9>           |S<3>           |   13.413|
B<9>           |S<4>           |   14.988|
B<9>           |S<5>           |   13.739|
B<9>           |S<6>           |   13.482|
B<9>           |S<7>           |   13.151|
B<9>           |S<8>           |   14.381|
B<9>           |S<9>           |   14.507|
B<9>           |S<10>          |   14.386|
B<9>           |S<11>          |   14.363|
B<9>           |S<12>          |   14.891|
B<9>           |S<13>          |   14.610|
B<9>           |S<14>          |   14.368|
B<9>           |S<15>          |   14.116|
B<9>           |S<16>          |   14.186|
B<9>           |S<17>          |   14.626|
B<9>           |S<18>          |   14.389|
B<9>           |S<19>          |   14.354|
B<9>           |S<20>          |   14.151|
B<9>           |S<21>          |   14.774|
B<9>           |S<22>          |   14.250|
B<9>           |S<23>          |   14.518|
B<9>           |S<24>          |   14.836|
B<9>           |S<25>          |   14.663|
B<9>           |S<26>          |   15.061|
B<9>           |S<27>          |   14.862|
B<9>           |S<28>          |   14.685|
B<9>           |S<29>          |   15.039|
B<9>           |S<30>          |   15.219|
B<9>           |S<31>          |   15.072|
B<10>          |S<0>           |   18.023|
B<10>          |S<1>           |   13.602|
B<10>          |S<2>           |   13.841|
B<10>          |S<3>           |   14.824|
B<10>          |S<4>           |   15.302|
B<10>          |S<5>           |   14.274|
B<10>          |S<6>           |   14.177|
B<10>          |S<7>           |   14.563|
B<10>          |S<8>           |   14.653|
B<10>          |S<9>           |   14.555|
B<10>          |S<10>          |   14.124|
B<10>          |S<11>          |   14.580|
B<10>          |S<12>          |   15.110|
B<10>          |S<13>          |   14.829|
B<10>          |S<14>          |   14.587|
B<10>          |S<15>          |   14.335|
B<10>          |S<16>          |   14.405|
B<10>          |S<17>          |   14.845|
B<10>          |S<18>          |   14.608|
B<10>          |S<19>          |   14.573|
B<10>          |S<20>          |   14.370|
B<10>          |S<21>          |   14.993|
B<10>          |S<22>          |   14.469|
B<10>          |S<23>          |   14.737|
B<10>          |S<24>          |   15.055|
B<10>          |S<25>          |   14.882|
B<10>          |S<26>          |   15.280|
B<10>          |S<27>          |   15.081|
B<10>          |S<28>          |   14.904|
B<10>          |S<29>          |   15.258|
B<10>          |S<30>          |   15.438|
B<10>          |S<31>          |   15.291|
B<11>          |S<0>           |   18.139|
B<11>          |S<1>           |   14.261|
B<11>          |S<2>           |   14.377|
B<11>          |S<3>           |   13.595|
B<11>          |S<4>           |   13.700|
B<11>          |S<5>           |   12.578|
B<11>          |S<6>           |   12.435|
B<11>          |S<7>           |   12.231|
B<11>          |S<8>           |   13.713|
B<11>          |S<9>           |   13.839|
B<11>          |S<10>          |   12.949|
B<11>          |S<11>          |   14.023|
B<11>          |S<12>          |   15.107|
B<11>          |S<13>          |   14.798|
B<11>          |S<14>          |   14.645|
B<11>          |S<15>          |   14.410|
B<11>          |S<16>          |   14.521|
B<11>          |S<17>          |   14.961|
B<11>          |S<18>          |   14.724|
B<11>          |S<19>          |   14.689|
B<11>          |S<20>          |   14.486|
B<11>          |S<21>          |   15.109|
B<11>          |S<22>          |   14.585|
B<11>          |S<23>          |   14.853|
B<11>          |S<24>          |   15.171|
B<11>          |S<25>          |   14.998|
B<11>          |S<26>          |   15.396|
B<11>          |S<27>          |   15.197|
B<11>          |S<28>          |   15.020|
B<11>          |S<29>          |   15.374|
B<11>          |S<30>          |   15.554|
B<11>          |S<31>          |   15.407|
B<12>          |S<0>           |   18.374|
B<12>          |S<1>           |   14.819|
B<12>          |S<2>           |   14.412|
B<12>          |S<3>           |   14.613|
B<12>          |S<4>           |   15.091|
B<12>          |S<5>           |   13.634|
B<12>          |S<6>           |   13.537|
B<12>          |S<7>           |   13.734|
B<12>          |S<8>           |   13.824|
B<12>          |S<9>           |   14.025|
B<12>          |S<10>          |   13.594|
B<12>          |S<11>          |   13.742|
B<12>          |S<12>          |   14.632|
B<12>          |S<13>          |   14.820|
B<12>          |S<14>          |   14.902|
B<12>          |S<15>          |   14.643|
B<12>          |S<16>          |   14.756|
B<12>          |S<17>          |   15.196|
B<12>          |S<18>          |   14.959|
B<12>          |S<19>          |   14.924|
B<12>          |S<20>          |   14.721|
B<12>          |S<21>          |   15.344|
B<12>          |S<22>          |   14.820|
B<12>          |S<23>          |   15.088|
B<12>          |S<24>          |   15.406|
B<12>          |S<25>          |   15.233|
B<12>          |S<26>          |   15.631|
B<12>          |S<27>          |   15.432|
B<12>          |S<28>          |   15.255|
B<12>          |S<29>          |   15.609|
B<12>          |S<30>          |   15.789|
B<12>          |S<31>          |   15.642|
B<13>          |S<0>           |   18.251|
B<13>          |S<1>           |   14.898|
B<13>          |S<2>           |   15.285|
B<13>          |S<3>           |   13.984|
B<13>          |S<4>           |   15.559|
B<13>          |S<5>           |   14.310|
B<13>          |S<6>           |   14.181|
B<13>          |S<7>           |   13.850|
B<13>          |S<8>           |   15.080|
B<13>          |S<9>           |   15.206|
B<13>          |S<10>          |   14.144|
B<13>          |S<11>          |   14.219|
B<13>          |S<12>          |   14.094|
B<13>          |S<13>          |   14.312|
B<13>          |S<14>          |   14.716|
B<13>          |S<15>          |   14.510|
B<13>          |S<16>          |   14.633|
B<13>          |S<17>          |   15.073|
B<13>          |S<18>          |   14.836|
B<13>          |S<19>          |   14.801|
B<13>          |S<20>          |   14.598|
B<13>          |S<21>          |   15.221|
B<13>          |S<22>          |   14.697|
B<13>          |S<23>          |   15.122|
B<13>          |S<24>          |   15.795|
B<13>          |S<25>          |   15.110|
B<13>          |S<26>          |   15.508|
B<13>          |S<27>          |   15.309|
B<13>          |S<28>          |   15.132|
B<13>          |S<29>          |   15.486|
B<13>          |S<30>          |   15.666|
B<13>          |S<31>          |   15.519|
B<14>          |S<0>           |   18.167|
B<14>          |S<1>           |   15.182|
B<14>          |S<2>           |   15.421|
B<14>          |S<3>           |   15.651|
B<14>          |S<4>           |   16.129|
B<14>          |S<5>           |   15.101|
B<14>          |S<6>           |   15.004|
B<14>          |S<7>           |   15.526|
B<14>          |S<8>           |   15.616|
B<14>          |S<9>           |   15.518|
B<14>          |S<10>          |   15.087|
B<14>          |S<11>          |   14.921|
B<14>          |S<12>          |   14.616|
B<14>          |S<13>          |   14.735|
B<14>          |S<14>          |   14.649|
B<14>          |S<15>          |   14.320|
B<14>          |S<16>          |   14.666|
B<14>          |S<17>          |   15.270|
B<14>          |S<18>          |   14.752|
B<14>          |S<19>          |   14.717|
B<14>          |S<20>          |   14.514|
B<14>          |S<21>          |   15.137|
B<14>          |S<22>          |   14.613|
B<14>          |S<23>          |   14.881|
B<14>          |S<24>          |   15.299|
B<14>          |S<25>          |   15.026|
B<14>          |S<26>          |   15.424|
B<14>          |S<27>          |   15.225|
B<14>          |S<28>          |   15.048|
B<14>          |S<29>          |   15.402|
B<14>          |S<30>          |   15.582|
B<14>          |S<31>          |   15.435|
B<15>          |S<0>           |   18.358|
B<15>          |S<1>           |   15.479|
B<15>          |S<2>           |   15.595|
B<15>          |S<3>           |   14.813|
B<15>          |S<4>           |   15.159|
B<15>          |S<5>           |   14.037|
B<15>          |S<6>           |   13.894|
B<15>          |S<7>           |   13.690|
B<15>          |S<8>           |   15.591|
B<15>          |S<9>           |   15.717|
B<15>          |S<10>          |   14.827|
B<15>          |S<11>          |   14.902|
B<15>          |S<12>          |   15.374|
B<15>          |S<13>          |   14.837|
B<15>          |S<14>          |   14.560|
B<15>          |S<15>          |   14.856|
B<15>          |S<16>          |   14.690|
B<15>          |S<17>          |   15.033|
B<15>          |S<18>          |   14.885|
B<15>          |S<19>          |   14.867|
B<15>          |S<20>          |   14.705|
B<15>          |S<21>          |   15.328|
B<15>          |S<22>          |   14.804|
B<15>          |S<23>          |   15.072|
B<15>          |S<24>          |   15.712|
B<15>          |S<25>          |   15.217|
B<15>          |S<26>          |   15.615|
B<15>          |S<27>          |   15.416|
B<15>          |S<28>          |   15.239|
B<15>          |S<29>          |   15.593|
B<15>          |S<30>          |   15.773|
B<15>          |S<31>          |   15.626|
B<16>          |S<0>           |   18.760|
B<16>          |S<1>           |   16.540|
B<16>          |S<2>           |   16.133|
B<16>          |S<3>           |   16.334|
B<16>          |S<4>           |   16.812|
B<16>          |S<5>           |   15.974|
B<16>          |S<6>           |   15.877|
B<16>          |S<7>           |   16.074|
B<16>          |S<8>           |   16.164|
B<16>          |S<9>           |   16.509|
B<16>          |S<10>          |   16.078|
B<16>          |S<11>          |   16.226|
B<16>          |S<12>          |   15.921|
B<16>          |S<13>          |   14.855|
B<16>          |S<14>          |   14.769|
B<16>          |S<15>          |   14.954|
B<16>          |S<16>          |   15.632|
B<16>          |S<17>          |   15.222|
B<16>          |S<18>          |   15.309|
B<16>          |S<19>          |   15.269|
B<16>          |S<20>          |   15.107|
B<16>          |S<21>          |   15.730|
B<16>          |S<22>          |   15.206|
B<16>          |S<23>          |   15.474|
B<16>          |S<24>          |   16.534|
B<16>          |S<25>          |   15.619|
B<16>          |S<26>          |   16.017|
B<16>          |S<27>          |   15.818|
B<16>          |S<28>          |   15.641|
B<16>          |S<29>          |   15.995|
B<16>          |S<30>          |   16.175|
B<16>          |S<31>          |   16.028|
B<17>          |S<0>           |   18.235|
B<17>          |S<1>           |   16.047|
B<17>          |S<2>           |   16.009|
B<17>          |S<3>           |   14.708|
B<17>          |S<4>           |   16.283|
B<17>          |S<5>           |   15.034|
B<17>          |S<6>           |   14.765|
B<17>          |S<7>           |   14.434|
B<17>          |S<8>           |   15.664|
B<17>          |S<9>           |   15.790|
B<17>          |S<10>          |   14.043|
B<17>          |S<11>          |   14.118|
B<17>          |S<12>          |   14.268|
B<17>          |S<13>          |   13.731|
B<17>          |S<14>          |   14.366|
B<17>          |S<15>          |   13.867|
B<17>          |S<16>          |   13.807|
B<17>          |S<17>          |   14.892|
B<17>          |S<18>          |   14.721|
B<17>          |S<19>          |   14.845|
B<17>          |S<20>          |   14.656|
B<17>          |S<21>          |   15.205|
B<17>          |S<22>          |   14.681|
B<17>          |S<23>          |   15.406|
B<17>          |S<24>          |   16.079|
B<17>          |S<25>          |   15.094|
B<17>          |S<26>          |   15.492|
B<17>          |S<27>          |   15.293|
B<17>          |S<28>          |   15.116|
B<17>          |S<29>          |   15.470|
B<17>          |S<30>          |   15.650|
B<17>          |S<31>          |   15.503|
B<18>          |S<0>           |   18.248|
B<18>          |S<1>           |   14.636|
B<18>          |S<2>           |   14.875|
B<18>          |S<3>           |   15.107|
B<18>          |S<4>           |   15.585|
B<18>          |S<5>           |   14.557|
B<18>          |S<6>           |   14.460|
B<18>          |S<7>           |   14.631|
B<18>          |S<8>           |   14.721|
B<18>          |S<9>           |   14.623|
B<18>          |S<10>          |   14.192|
B<18>          |S<11>          |   14.374|
B<18>          |S<12>          |   14.069|
B<18>          |S<13>          |   14.188|
B<18>          |S<14>          |   14.102|
B<18>          |S<15>          |   13.613|
B<18>          |S<16>          |   14.291|
B<18>          |S<17>          |   14.144|
B<18>          |S<18>          |   14.130|
B<18>          |S<19>          |   14.639|
B<18>          |S<20>          |   14.595|
B<18>          |S<21>          |   15.218|
B<18>          |S<22>          |   14.694|
B<18>          |S<23>          |   14.962|
B<18>          |S<24>          |   15.280|
B<18>          |S<25>          |   15.107|
B<18>          |S<26>          |   15.505|
B<18>          |S<27>          |   15.306|
B<18>          |S<28>          |   15.129|
B<18>          |S<29>          |   15.483|
B<18>          |S<30>          |   15.663|
B<18>          |S<31>          |   15.516|
B<19>          |S<0>           |   18.027|
B<19>          |S<1>           |   14.333|
B<19>          |S<2>           |   14.449|
B<19>          |S<3>           |   13.667|
B<19>          |S<4>           |   14.180|
B<19>          |S<5>           |   13.058|
B<19>          |S<6>           |   12.915|
B<19>          |S<7>           |   12.711|
B<19>          |S<8>           |   14.150|
B<19>          |S<9>           |   14.276|
B<19>          |S<10>          |   13.386|
B<19>          |S<11>          |   13.461|
B<19>          |S<12>          |   14.870|
B<19>          |S<13>          |   14.333|
B<19>          |S<14>          |   14.056|
B<19>          |S<15>          |   13.557|
B<19>          |S<16>          |   14.554|
B<19>          |S<17>          |   14.475|
B<19>          |S<18>          |   14.326|
B<19>          |S<19>          |   14.514|
B<19>          |S<20>          |   14.255|
B<19>          |S<21>          |   14.850|
B<19>          |S<22>          |   14.415|
B<19>          |S<23>          |   14.700|
B<19>          |S<24>          |   15.059|
B<19>          |S<25>          |   14.886|
B<19>          |S<26>          |   15.284|
B<19>          |S<27>          |   15.085|
B<19>          |S<28>          |   14.908|
B<19>          |S<29>          |   15.262|
B<19>          |S<30>          |   15.442|
B<19>          |S<31>          |   15.295|
B<20>          |S<0>           |   18.475|
B<20>          |S<1>           |   15.480|
B<20>          |S<2>           |   15.073|
B<20>          |S<3>           |   15.274|
B<20>          |S<4>           |   15.752|
B<20>          |S<5>           |   14.230|
B<20>          |S<6>           |   14.133|
B<20>          |S<7>           |   14.330|
B<20>          |S<8>           |   14.420|
B<20>          |S<9>           |   14.621|
B<20>          |S<10>          |   14.190|
B<20>          |S<11>          |   14.338|
B<20>          |S<12>          |   14.033|
B<20>          |S<13>          |   14.124|
B<20>          |S<14>          |   14.038|
B<20>          |S<15>          |   14.223|
B<20>          |S<16>          |   14.901|
B<20>          |S<17>          |   14.276|
B<20>          |S<18>          |   13.062|
B<20>          |S<19>          |   12.927|
B<20>          |S<20>          |   13.993|
B<20>          |S<21>          |   15.085|
B<20>          |S<22>          |   14.885|
B<20>          |S<23>          |   15.146|
B<20>          |S<24>          |   15.507|
B<20>          |S<25>          |   15.334|
B<20>          |S<26>          |   15.732|
B<20>          |S<27>          |   15.533|
B<20>          |S<28>          |   15.356|
B<20>          |S<29>          |   15.710|
B<20>          |S<30>          |   15.890|
B<20>          |S<31>          |   15.743|
B<21>          |S<0>           |   17.964|
B<21>          |S<1>           |   14.968|
B<21>          |S<2>           |   15.355|
B<21>          |S<3>           |   14.054|
B<21>          |S<4>           |   15.629|
B<21>          |S<5>           |   14.380|
B<21>          |S<6>           |   14.244|
B<21>          |S<7>           |   13.913|
B<21>          |S<8>           |   15.143|
B<21>          |S<9>           |   15.269|
B<21>          |S<10>          |   14.947|
B<21>          |S<11>          |   15.022|
B<21>          |S<12>          |   14.817|
B<21>          |S<13>          |   14.280|
B<21>          |S<14>          |   14.611|
B<21>          |S<15>          |   14.112|
B<21>          |S<16>          |   14.052|
B<21>          |S<17>          |   14.115|
B<21>          |S<18>          |   14.226|
B<21>          |S<19>          |   14.414|
B<21>          |S<20>          |   14.537|
B<21>          |S<21>          |   14.576|
B<21>          |S<22>          |   14.372|
B<21>          |S<23>          |   15.151|
B<21>          |S<24>          |   15.824|
B<21>          |S<25>          |   14.823|
B<21>          |S<26>          |   15.221|
B<21>          |S<27>          |   15.022|
B<21>          |S<28>          |   14.845|
B<21>          |S<29>          |   15.199|
B<21>          |S<30>          |   15.379|
B<21>          |S<31>          |   15.232|
B<22>          |S<0>           |   17.991|
B<22>          |S<1>           |   14.304|
B<22>          |S<2>           |   14.543|
B<22>          |S<3>           |   14.773|
B<22>          |S<4>           |   15.251|
B<22>          |S<5>           |   14.223|
B<22>          |S<6>           |   14.126|
B<22>          |S<7>           |   15.601|
B<22>          |S<8>           |   15.691|
B<22>          |S<9>           |   15.593|
B<22>          |S<10>          |   15.162|
B<22>          |S<11>          |   15.014|
B<22>          |S<12>          |   14.709|
B<22>          |S<13>          |   14.828|
B<22>          |S<14>          |   14.742|
B<22>          |S<15>          |   13.982|
B<22>          |S<16>          |   14.660|
B<22>          |S<17>          |   14.513|
B<22>          |S<18>          |   13.401|
B<22>          |S<19>          |   13.016|
B<22>          |S<20>          |   13.889|
B<22>          |S<21>          |   13.644|
B<22>          |S<22>          |   14.741|
B<22>          |S<23>          |   15.226|
B<22>          |S<24>          |   15.970|
B<22>          |S<25>          |   14.850|
B<22>          |S<26>          |   15.248|
B<22>          |S<27>          |   15.049|
B<22>          |S<28>          |   14.872|
B<22>          |S<29>          |   15.226|
B<22>          |S<30>          |   15.406|
B<22>          |S<31>          |   15.259|
B<23>          |S<0>           |   18.073|
B<23>          |S<1>           |   16.414|
B<23>          |S<2>           |   16.530|
B<23>          |S<3>           |   15.748|
B<23>          |S<4>           |   15.571|
B<23>          |S<5>           |   14.449|
B<23>          |S<6>           |   14.306|
B<23>          |S<7>           |   14.102|
B<23>          |S<8>           |   16.025|
B<23>          |S<9>           |   16.151|
B<23>          |S<10>          |   15.261|
B<23>          |S<11>          |   15.336|
B<23>          |S<12>          |   15.285|
B<23>          |S<13>          |   14.748|
B<23>          |S<14>          |   14.834|
B<23>          |S<15>          |   14.335|
B<23>          |S<16>          |   15.383|
B<23>          |S<17>          |   15.304|
B<23>          |S<18>          |   15.155|
B<23>          |S<19>          |   15.343|
B<23>          |S<20>          |   14.531|
B<23>          |S<21>          |   14.570|
B<23>          |S<22>          |   14.110|
B<23>          |S<23>          |   15.677|
B<23>          |S<24>          |   16.350|
B<23>          |S<25>          |   14.843|
B<23>          |S<26>          |   15.330|
B<23>          |S<27>          |   15.148|
B<23>          |S<28>          |   15.012|
B<23>          |S<29>          |   15.925|
B<23>          |S<30>          |   15.994|
B<23>          |S<31>          |   15.695|
B<24>          |S<0>           |   18.232|
B<24>          |S<1>           |   16.041|
B<24>          |S<2>           |   15.634|
B<24>          |S<3>           |   15.835|
B<24>          |S<4>           |   16.313|
B<24>          |S<5>           |   15.475|
B<24>          |S<6>           |   15.378|
B<24>          |S<7>           |   15.575|
B<24>          |S<8>           |   15.665|
B<24>          |S<9>           |   15.806|
B<24>          |S<10>          |   15.375|
B<24>          |S<11>          |   15.523|
B<24>          |S<12>          |   15.218|
B<24>          |S<13>          |   14.152|
B<24>          |S<14>          |   14.066|
B<24>          |S<15>          |   14.251|
B<24>          |S<16>          |   14.929|
B<24>          |S<17>          |   15.154|
B<24>          |S<18>          |   13.940|
B<24>          |S<19>          |   13.805|
B<24>          |S<20>          |   14.695|
B<24>          |S<21>          |   14.597|
B<24>          |S<22>          |   15.624|
B<24>          |S<23>          |   15.584|
B<24>          |S<24>          |   15.844|
B<24>          |S<25>          |   14.767|
B<24>          |S<26>          |   15.489|
B<24>          |S<27>          |   15.283|
B<24>          |S<28>          |   15.464|
B<24>          |S<29>          |   15.977|
B<24>          |S<30>          |   15.683|
B<24>          |S<31>          |   15.536|
B<25>          |S<0>           |   17.956|
B<25>          |S<1>           |   15.870|
B<25>          |S<2>           |   16.523|
B<25>          |S<3>           |   15.222|
B<25>          |S<4>           |   16.797|
B<25>          |S<5>           |   15.548|
B<25>          |S<6>           |   15.291|
B<25>          |S<7>           |   14.960|
B<25>          |S<8>           |   16.190|
B<25>          |S<9>           |   16.316|
B<25>          |S<10>          |   15.271|
B<25>          |S<11>          |   15.346|
B<25>          |S<12>          |   15.689|
B<25>          |S<13>          |   15.152|
B<25>          |S<14>          |   16.267|
B<25>          |S<15>          |   15.768|
B<25>          |S<16>          |   15.708|
B<25>          |S<17>          |   15.771|
B<25>          |S<18>          |   14.698|
B<25>          |S<19>          |   14.886|
B<25>          |S<20>          |   15.009|
B<25>          |S<21>          |   15.048|
B<25>          |S<22>          |   16.228|
B<25>          |S<23>          |   16.360|
B<25>          |S<24>          |   16.063|
B<25>          |S<25>          |   14.033|
B<25>          |S<26>          |   14.969|
B<25>          |S<27>          |   15.056|
B<25>          |S<28>          |   14.692|
B<25>          |S<29>          |   15.046|
B<25>          |S<30>          |   15.226|
B<25>          |S<31>          |   15.079|
B<26>          |S<0>           |   17.527|
B<26>          |S<1>           |   15.181|
B<26>          |S<2>           |   15.420|
B<26>          |S<3>           |   14.892|
B<26>          |S<4>           |   15.370|
B<26>          |S<5>           |   14.342|
B<26>          |S<6>           |   14.245|
B<26>          |S<7>           |   14.919|
B<26>          |S<8>           |   15.009|
B<26>          |S<9>           |   14.911|
B<26>          |S<10>          |   14.480|
B<26>          |S<11>          |   15.352|
B<26>          |S<12>          |   15.047|
B<26>          |S<13>          |   15.166|
B<26>          |S<14>          |   15.080|
B<26>          |S<15>          |   14.591|
B<26>          |S<16>          |   15.269|
B<26>          |S<17>          |   15.122|
B<26>          |S<18>          |   14.010|
B<26>          |S<19>          |   13.111|
B<26>          |S<20>          |   13.984|
B<26>          |S<21>          |   13.739|
B<26>          |S<22>          |   14.836|
B<26>          |S<23>          |   14.972|
B<26>          |S<24>          |   14.475|
B<26>          |S<25>          |   13.874|
B<26>          |S<26>          |   14.522|
B<26>          |S<27>          |   14.867|
B<26>          |S<28>          |   14.849|
B<26>          |S<29>          |   15.203|
B<26>          |S<30>          |   15.383|
B<26>          |S<31>          |   15.236|
B<27>          |S<0>           |   17.605|
B<27>          |S<1>           |   16.076|
B<27>          |S<2>           |   16.192|
B<27>          |S<3>           |   15.410|
B<27>          |S<4>           |   15.544|
B<27>          |S<5>           |   14.422|
B<27>          |S<6>           |   14.279|
B<27>          |S<7>           |   14.075|
B<27>          |S<8>           |   15.528|
B<27>          |S<9>           |   15.654|
B<27>          |S<10>          |   14.764|
B<27>          |S<11>          |   14.839|
B<27>          |S<12>          |   15.594|
B<27>          |S<13>          |   15.057|
B<27>          |S<14>          |   15.159|
B<27>          |S<15>          |   14.660|
B<27>          |S<16>          |   15.173|
B<27>          |S<17>          |   15.094|
B<27>          |S<18>          |   14.945|
B<27>          |S<19>          |   15.133|
B<27>          |S<20>          |   15.812|
B<27>          |S<21>          |   15.851|
B<27>          |S<22>          |   15.391|
B<27>          |S<23>          |   15.648|
B<27>          |S<24>          |   16.031|
B<27>          |S<25>          |   14.274|
B<27>          |S<26>          |   14.859|
B<27>          |S<27>          |   15.388|
B<27>          |S<28>          |   14.742|
B<27>          |S<29>          |   15.068|
B<27>          |S<30>          |   15.337|
B<27>          |S<31>          |   15.207|
B<28>          |S<0>           |   17.359|
B<28>          |S<1>           |   15.342|
B<28>          |S<2>           |   14.935|
B<28>          |S<3>           |   15.136|
B<28>          |S<4>           |   15.614|
B<28>          |S<5>           |   15.117|
B<28>          |S<6>           |   15.020|
B<28>          |S<7>           |   15.217|
B<28>          |S<8>           |   15.307|
B<28>          |S<9>           |   14.999|
B<28>          |S<10>          |   14.568|
B<28>          |S<11>          |   14.716|
B<28>          |S<12>          |   14.411|
B<28>          |S<13>          |   14.481|
B<28>          |S<14>          |   14.395|
B<28>          |S<15>          |   14.580|
B<28>          |S<16>          |   15.258|
B<28>          |S<17>          |   14.633|
B<28>          |S<18>          |   13.419|
B<28>          |S<19>          |   13.284|
B<28>          |S<20>          |   14.174|
B<28>          |S<21>          |   13.579|
B<28>          |S<22>          |   14.606|
B<28>          |S<23>          |   14.566|
B<28>          |S<24>          |   14.826|
B<28>          |S<25>          |   13.842|
B<28>          |S<26>          |   13.533|
B<28>          |S<27>          |   13.475|
B<28>          |S<28>          |   15.896|
B<28>          |S<29>          |   16.409|
B<28>          |S<30>          |   15.151|
B<28>          |S<31>          |   15.037|
B<29>          |S<0>           |   17.696|
B<29>          |S<1>           |   15.100|
B<29>          |S<2>           |   15.487|
B<29>          |S<3>           |   14.186|
B<29>          |S<4>           |   15.761|
B<29>          |S<5>           |   14.512|
B<29>          |S<6>           |   15.191|
B<29>          |S<7>           |   14.860|
B<29>          |S<8>           |   16.090|
B<29>          |S<9>           |   16.216|
B<29>          |S<10>          |   15.154|
B<29>          |S<11>          |   15.229|
B<29>          |S<12>          |   15.024|
B<29>          |S<13>          |   14.487|
B<29>          |S<14>          |   15.285|
B<29>          |S<15>          |   14.786|
B<29>          |S<16>          |   14.726|
B<29>          |S<17>          |   14.789|
B<29>          |S<18>          |   14.900|
B<29>          |S<19>          |   15.088|
B<29>          |S<20>          |   15.211|
B<29>          |S<21>          |   15.250|
B<29>          |S<22>          |   15.332|
B<29>          |S<23>          |   15.464|
B<29>          |S<24>          |   15.167|
B<29>          |S<25>          |   13.137|
B<29>          |S<26>          |   13.867|
B<29>          |S<27>          |   14.396|
B<29>          |S<28>          |   14.019|
B<29>          |S<29>          |   14.604|
B<29>          |S<30>          |   15.193|
B<29>          |S<31>          |   15.065|
B<30>          |S<0>           |   17.162|
B<30>          |S<1>           |   14.516|
B<30>          |S<2>           |   14.755|
B<30>          |S<3>           |   14.985|
B<30>          |S<4>           |   15.463|
B<30>          |S<5>           |   14.435|
B<30>          |S<6>           |   14.338|
B<30>          |S<7>           |   15.074|
B<30>          |S<8>           |   15.164|
B<30>          |S<9>           |   15.066|
B<30>          |S<10>          |   14.635|
B<30>          |S<11>          |   14.487|
B<30>          |S<12>          |   14.182|
B<30>          |S<13>          |   14.301|
B<30>          |S<14>          |   14.215|
B<30>          |S<15>          |   14.085|
B<30>          |S<16>          |   14.763|
B<30>          |S<17>          |   14.616|
B<30>          |S<18>          |   13.504|
B<30>          |S<19>          |   13.119|
B<30>          |S<20>          |   13.992|
B<30>          |S<21>          |   13.747|
B<30>          |S<22>          |   14.844|
B<30>          |S<23>          |   15.348|
B<30>          |S<24>          |   14.851|
B<30>          |S<25>          |   14.250|
B<30>          |S<26>          |   13.887|
B<30>          |S<27>          |   13.583|
B<30>          |S<28>          |   13.410|
B<30>          |S<29>          |   14.220|
B<30>          |S<30>          |   14.136|
B<30>          |S<31>          |   14.395|
B<31>          |S<0>           |   16.854|
B<31>          |S<1>           |   15.770|
B<31>          |S<2>           |   15.763|
B<31>          |S<3>           |   15.564|
B<31>          |S<4>           |   16.042|
B<31>          |S<5>           |   15.204|
B<31>          |S<6>           |   15.107|
B<31>          |S<7>           |   15.529|
B<31>          |S<8>           |   15.619|
B<31>          |S<9>           |   15.873|
B<31>          |S<10>          |   15.442|
B<31>          |S<11>          |   15.590|
B<31>          |S<12>          |   15.407|
B<31>          |S<13>          |   15.190|
B<31>          |S<14>          |   15.691|
B<31>          |S<15>          |   15.192|
B<31>          |S<16>          |   15.499|
B<31>          |S<17>          |   15.540|
B<31>          |S<18>          |   15.306|
B<31>          |S<19>          |   15.494|
B<31>          |S<20>          |   15.617|
B<31>          |S<21>          |   15.656|
B<31>          |S<22>          |   16.039|
B<31>          |S<23>          |   15.999|
B<31>          |S<24>          |   16.259|
B<31>          |S<25>          |   14.858|
B<31>          |S<26>          |   14.495|
B<31>          |S<27>          |   15.015|
B<31>          |S<28>          |   13.976|
B<31>          |S<29>          |   14.561|
B<31>          |S<30>          |   14.074|
B<31>          |S<31>          |   14.447|
Signed         |S<0>           |   15.351|
---------------+---------------+---------+


Analysis completed Wed Jul  2 13:15:56 2014 
--------------------------------------------------------------------------------

Trace Settings:
-------------------------
Trace Settings 

Peak Memory Usage: 392 MB



