Release 14.7 Map P.20131013 (lin64)
Xilinx Mapping Report File for Design 'ALU'

Design Information
------------------
Command Line   : map -intstyle ise -p xc6slx16-csg324-3 -w -logic_opt off -ol
high -t 1 -xt 0 -register_duplication off -r 4 -global_opt off -mt off -ir off
-pr off -lc off -power off -o ALU_map.ncd ALU.ngd ALU.pcf 
Target Device  : xc6slx16
Target Package : csg324
Target Speed   : -3
Mapper Version : spartan6 -- $Revision: 1.55 $
Mapped Date    : Wed Jul  2 13:15:19 2014

Design Summary
--------------
Number of errors:      0
Number of warnings:    0
Slice Logic Utilization:
  Number of Slice Registers:                    29 out of  18,224    1%
    Number used as Flip Flops:                   0
    Number used as Latches:                      0
    Number used as Latch-thrus:                  0
    Number used as AND/OR logics:               29
  Number of Slice LUTs:                        439 out of   9,112    4%
    Number used as logic:                      439 out of   9,112    4%
      Number using O6 output only:             358
      Number using O5 output only:               0
      Number using O5 and O6:                   81
      Number used as ROM:                        0
    Number used as Memory:                       0 out of   2,176    0%

Slice Logic Distribution:
  Number of occupied Slices:                   134 out of   2,278    5%
  Number of MUXCYs used:                        64 out of   4,556    1%
  Number of LUT Flip Flop pairs used:          439
    Number with an unused Flip Flop:           410 out of     439   93%
    Number with an unused LUT:                   0 out of     439    0%
    Number of fully used LUT-FF pairs:          29 out of     439    6%
    Number of slice register sites lost
      to control set restrictions:               0 out of  18,224    0%

  A LUT Flip Flop pair for this architecture represents one LUT paired with
  one Flip Flop within a slice.  A control set is a unique combination of
  clock, reset, set, and enable signals for a registered element.
  The Slice Logic Distribution report is not meaningful if the design is
  over-mapped for a non-slice resource or if Placement fails.

IO Utilization:
  Number of bonded IOBs:                       103 out of     232   44%

Specific Feature Utilization:
  Number of RAMB16BWERs:                         0 out of      32    0%
  Number of RAMB8BWERs:                          0 out of      64    0%
  Number of BUFIO2/BUFIO2_2CLKs:                 0 out of      32    0%
  Number of BUFIO2FB/BUFIO2FB_2CLKs:             0 out of      32    0%
  Number of BUFG/BUFGMUXs:                       0 out of      16    0%
  Number of DCM/DCM_CLKGENs:                     0 out of       4    0%
  Number of ILOGIC2/ISERDES2s:                   0 out of     248    0%
  Number of IODELAY2/IODRP2/IODRP2_MCBs:         0 out of     248    0%
  Number of OLOGIC2/OSERDES2s:                   0 out of     248    0%
  Number of BSCANs:                              0 out of       4    0%
  Number of BUFHs:                               0 out of     128    0%
  Number of BUFPLLs:                             0 out of       8    0%
  Number of BUFPLL_MCBs:                         0 out of       4    0%
  Number of DSP48A1s:                            0 out of      32    0%
  Number of ICAPs:                               0 out of       1    0%
  Number of MCBs:                                0 out of       2    0%
  Number of PCILOGICSEs:                         0 out of       2    0%
  Number of PLL_ADVs:                            0 out of       2    0%
  Number of PMVs:                                0 out of       1    0%
  Number of STARTUPs:                            0 out of       1    0%
  Number of SUSPEND_SYNCs:                       0 out of       1    0%

Average Fanout of Non-Clock Nets:                3.81

Peak Memory Usage:  675 MB
Total REAL time to MAP completion:  23 secs 
Total CPU time to MAP completion:   21 secs 

Table of Contents
-----------------
Section 1 - Errors
Section 2 - Warnings
Section 3 - Informational
Section 4 - Removed Logic Summary
Section 5 - Removed Logic
Section 6 - IOB Properties
Section 7 - RPMs
Section 8 - Guide Report
Section 9 - Area Group and Partition Summary
Section 10 - Timing Report
Section 11 - Configuration String Information
Section 12 - Control Set Information
Section 13 - Utilization by Hierarchy

Section 1 - Errors
------------------

Section 2 - Warnings
--------------------

Section 3 - Informational
-------------------------
INFO:MapLib:562 - No environment variables are currently set.
INFO:LIT:244 - All of the single ended outputs in this design are using slew
   rate limited output drivers. The delay on speed critical single ended outputs
   can be dramatically reduced by designating them as fast outputs.
INFO:Pack:1716 - Initializing temperature to 85.000 Celsius. (default - Range:
   0.000 to 85.000 Celsius)
INFO:Pack:1720 - Initializing voltage to 1.140 Volts. (default - Range: 1.140 to
   1.260 Volts)
INFO:Map:215 - The Interim Design Summary has been generated in the MAP Report
   (.mrp).
INFO:Pack:1650 - Map created a placed design.

Section 4 - Removed Logic Summary
---------------------------------
   1 block(s) removed
   1 block(s) optimized away

Section 5 - Removed Logic
-------------------------

The trimmed logic report below shows the logic removed from your design due to
sourceless or loadless signals, and VCC or ground connections.  If the removal
of a signal or symbol results in the subsequent removal of an additional signal
or symbol, the message explaining that second removal will be indented.  This
indentation will be repeated as a chain of related logic is removed.

To quickly locate the original cause for the removal of a chain of logic, look
above the place where that logic is listed in the trimming report, then locate
the lines that are least indented (begin at the leftmost edge).

Loadless block "m_arith/m_sub/m_add/Madd_S31" (ROM) removed.

Optimized Block(s):
TYPE 		BLOCK
GND 		XST_GND

To enable printing of redundant blocks removed and signals merged, set the
detailed map report option and rerun map.

Section 6 - IOB Properties
--------------------------

+---------------------------------------------------------------------------------------------------------------------------------------------------------+
| IOB Name                           | Type             | Direction | IO Standard          | Diff  | Drive    | Slew | Reg (s)      | Resistor | IOB      |
|                                    |                  |           |                      | Term  | Strength | Rate |              |          | Delay    |
+---------------------------------------------------------------------------------------------------------------------------------------------------------+
| A<0>                               | IOB              | INPUT     | LVCMOS25             |       |          |      |              |          |          |
| A<1>                               | IOB              | INPUT     | LVCMOS25             |       |          |      |              |          |          |
| A<2>                               | IOB              | INPUT     | LVCMOS25             |       |          |      |              |          |          |
| A<3>                               | IOB              | INPUT     | LVCMOS25             |       |          |      |              |          |          |
| A<4>                               | IOB              | INPUT     | LVCMOS25             |       |          |      |              |          |          |
| A<5>                               | IOB              | INPUT     | LVCMOS25             |       |          |      |              |          |          |
| A<6>                               | IOB              | INPUT     | LVCMOS25             |       |          |      |              |          |          |
| A<7>                               | IOB              | INPUT     | LVCMOS25             |       |          |      |              |          |          |
| A<8>                               | IOB              | INPUT     | LVCMOS25             |       |          |      |              |          |          |
| A<9>                               | IOB              | INPUT     | LVCMOS25             |       |          |      |              |          |          |
| A<10>                              | IOB              | INPUT     | LVCMOS25             |       |          |      |              |          |          |
| A<11>                              | IOB              | INPUT     | LVCMOS25             |       |          |      |              |          |          |
| A<12>                              | IOB              | INPUT     | LVCMOS25             |       |          |      |              |          |          |
| A<13>                              | IOB              | INPUT     | LVCMOS25             |       |          |      |              |          |          |
| A<14>                              | IOB              | INPUT     | LVCMOS25             |       |          |      |              |          |          |
| A<15>                              | IOB              | INPUT     | LVCMOS25             |       |          |      |              |          |          |
| A<16>                              | IOB              | INPUT     | LVCMOS25             |       |          |      |              |          |          |
| A<17>                              | IOB              | INPUT     | LVCMOS25             |       |          |      |              |          |          |
| A<18>                              | IOB              | INPUT     | LVCMOS25             |       |          |      |              |          |          |
| A<19>                              | IOB              | INPUT     | LVCMOS25             |       |          |      |              |          |          |
| A<20>                              | IOB              | INPUT     | LVCMOS25             |       |          |      |              |          |          |
| A<21>                              | IOB              | INPUT     | LVCMOS25             |       |          |      |              |          |          |
| A<22>                              | IOB              | INPUT     | LVCMOS25             |       |          |      |              |          |          |
| A<23>                              | IOB              | INPUT     | LVCMOS25             |       |          |      |              |          |          |
| A<24>                              | IOB              | INPUT     | LVCMOS25             |       |          |      |              |          |          |
| A<25>                              | IOB              | INPUT     | LVCMOS25             |       |          |      |              |          |          |
| A<26>                              | IOB              | INPUT     | LVCMOS25             |       |          |      |              |          |          |
| A<27>                              | IOB              | INPUT     | LVCMOS25             |       |          |      |              |          |          |
| A<28>                              | IOB              | INPUT     | LVCMOS25             |       |          |      |              |          |          |
| A<29>                              | IOB              | INPUT     | LVCMOS25             |       |          |      |              |          |          |
| A<30>                              | IOB              | INPUT     | LVCMOS25             |       |          |      |              |          |          |
| A<31>                              | IOB              | INPUT     | LVCMOS25             |       |          |      |              |          |          |
| ALUFunc<0>                         | IOB              | INPUT     | LVCMOS25             |       |          |      |              |          |          |
| ALUFunc<1>                         | IOB              | INPUT     | LVCMOS25             |       |          |      |              |          |          |
| ALUFunc<2>                         | IOB              | INPUT     | LVCMOS25             |       |          |      |              |          |          |
| ALUFunc<3>                         | IOB              | INPUT     | LVCMOS25             |       |          |      |              |          |          |
| ALUFunc<4>                         | IOB              | INPUT     | LVCMOS25             |       |          |      |              |          |          |
| ALUFunc<5>                         | IOB              | INPUT     | LVCMOS25             |       |          |      |              |          |          |
| B<0>                               | IOB              | INPUT     | LVCMOS25             |       |          |      |              |          |          |
| B<1>                               | IOB              | INPUT     | LVCMOS25             |       |          |      |              |          |          |
| B<2>                               | IOB              | INPUT     | LVCMOS25             |       |          |      |              |          |          |
| B<3>                               | IOB              | INPUT     | LVCMOS25             |       |          |      |              |          |          |
| B<4>                               | IOB              | INPUT     | LVCMOS25             |       |          |      |              |          |          |
| B<5>                               | IOB              | INPUT     | LVCMOS25             |       |          |      |              |          |          |
| B<6>                               | IOB              | INPUT     | LVCMOS25             |       |          |      |              |          |          |
| B<7>                               | IOB              | INPUT     | LVCMOS25             |       |          |      |              |          |          |
| B<8>                               | IOB              | INPUT     | LVCMOS25             |       |          |      |              |          |          |
| B<9>                               | IOB              | INPUT     | LVCMOS25             |       |          |      |              |          |          |
| B<10>                              | IOB              | INPUT     | LVCMOS25             |       |          |      |              |          |          |
| B<11>                              | IOB              | INPUT     | LVCMOS25             |       |          |      |              |          |          |
| B<12>                              | IOB              | INPUT     | LVCMOS25             |       |          |      |              |          |          |
| B<13>                              | IOB              | INPUT     | LVCMOS25             |       |          |      |              |          |          |
| B<14>                              | IOB              | INPUT     | LVCMOS25             |       |          |      |              |          |          |
| B<15>                              | IOB              | INPUT     | LVCMOS25             |       |          |      |              |          |          |
| B<16>                              | IOB              | INPUT     | LVCMOS25             |       |          |      |              |          |          |
| B<17>                              | IOB              | INPUT     | LVCMOS25             |       |          |      |              |          |          |
| B<18>                              | IOB              | INPUT     | LVCMOS25             |       |          |      |              |          |          |
| B<19>                              | IOB              | INPUT     | LVCMOS25             |       |          |      |              |          |          |
| B<20>                              | IOB              | INPUT     | LVCMOS25             |       |          |      |              |          |          |
| B<21>                              | IOB              | INPUT     | LVCMOS25             |       |          |      |              |          |          |
| B<22>                              | IOB              | INPUT     | LVCMOS25             |       |          |      |              |          |          |
| B<23>                              | IOB              | INPUT     | LVCMOS25             |       |          |      |              |          |          |
| B<24>                              | IOB              | INPUT     | LVCMOS25             |       |          |      |              |          |          |
| B<25>                              | IOB              | INPUT     | LVCMOS25             |       |          |      |              |          |          |
| B<26>                              | IOB              | INPUT     | LVCMOS25             |       |          |      |              |          |          |
| B<27>                              | IOB              | INPUT     | LVCMOS25             |       |          |      |              |          |          |
| B<28>                              | IOB              | INPUT     | LVCMOS25             |       |          |      |              |          |          |
| B<29>                              | IOB              | INPUT     | LVCMOS25             |       |          |      |              |          |          |
| B<30>                              | IOB              | INPUT     | LVCMOS25             |       |          |      |              |          |          |
| B<31>                              | IOB              | INPUT     | LVCMOS25             |       |          |      |              |          |          |
| S<0>                               | IOB              | OUTPUT    | LVCMOS25             |       | 12       | SLOW |              |          |          |
| S<1>                               | IOB              | OUTPUT    | LVCMOS25             |       | 12       | SLOW |              |          |          |
| S<2>                               | IOB              | OUTPUT    | LVCMOS25             |       | 12       | SLOW |              |          |          |
| S<3>                               | IOB              | OUTPUT    | LVCMOS25             |       | 12       | SLOW |              |          |          |
| S<4>                               | IOB              | OUTPUT    | LVCMOS25             |       | 12       | SLOW |              |          |          |
| S<5>                               | IOB              | OUTPUT    | LVCMOS25             |       | 12       | SLOW |              |          |          |
| S<6>                               | IOB              | OUTPUT    | LVCMOS25             |       | 12       | SLOW |              |          |          |
| S<7>                               | IOB              | OUTPUT    | LVCMOS25             |       | 12       | SLOW |              |          |          |
| S<8>                               | IOB              | OUTPUT    | LVCMOS25             |       | 12       | SLOW |              |          |          |
| S<9>                               | IOB              | OUTPUT    | LVCMOS25             |       | 12       | SLOW |              |          |          |
| S<10>                              | IOB              | OUTPUT    | LVCMOS25             |       | 12       | SLOW |              |          |          |
| S<11>                              | IOB              | OUTPUT    | LVCMOS25             |       | 12       | SLOW |              |          |          |
| S<12>                              | IOB              | OUTPUT    | LVCMOS25             |       | 12       | SLOW |              |          |          |
| S<13>                              | IOB              | OUTPUT    | LVCMOS25             |       | 12       | SLOW |              |          |          |
| S<14>                              | IOB              | OUTPUT    | LVCMOS25             |       | 12       | SLOW |              |          |          |
| S<15>                              | IOB              | OUTPUT    | LVCMOS25             |       | 12       | SLOW |              |          |          |
| S<16>                              | IOB              | OUTPUT    | LVCMOS25             |       | 12       | SLOW |              |          |          |
| S<17>                              | IOB              | OUTPUT    | LVCMOS25             |       | 12       | SLOW |              |          |          |
| S<18>                              | IOB              | OUTPUT    | LVCMOS25             |       | 12       | SLOW |              |          |          |
| S<19>                              | IOB              | OUTPUT    | LVCMOS25             |       | 12       | SLOW |              |          |          |
| S<20>                              | IOB              | OUTPUT    | LVCMOS25             |       | 12       | SLOW |              |          |          |
| S<21>                              | IOB              | OUTPUT    | LVCMOS25             |       | 12       | SLOW |              |          |          |
| S<22>                              | IOB              | OUTPUT    | LVCMOS25             |       | 12       | SLOW |              |          |          |
| S<23>                              | IOB              | OUTPUT    | LVCMOS25             |       | 12       | SLOW |              |          |          |
| S<24>                              | IOB              | OUTPUT    | LVCMOS25             |       | 12       | SLOW |              |          |          |
| S<25>                              | IOB              | OUTPUT    | LVCMOS25             |       | 12       | SLOW |              |          |          |
| S<26>                              | IOB              | OUTPUT    | LVCMOS25             |       | 12       | SLOW |              |          |          |
| S<27>                              | IOB              | OUTPUT    | LVCMOS25             |       | 12       | SLOW |              |          |          |
| S<28>                              | IOB              | OUTPUT    | LVCMOS25             |       | 12       | SLOW |              |          |          |
| S<29>                              | IOB              | OUTPUT    | LVCMOS25             |       | 12       | SLOW |              |          |          |
| S<30>                              | IOB              | OUTPUT    | LVCMOS25             |       | 12       | SLOW |              |          |          |
| S<31>                              | IOB              | OUTPUT    | LVCMOS25             |       | 12       | SLOW |              |          |          |
| Signed                             | IOB              | INPUT     | LVCMOS25             |       |          |      |              |          |          |
+---------------------------------------------------------------------------------------------------------------------------------------------------------+

Section 7 - RPMs
----------------

Section 8 - Guide Report
------------------------
Guide not run on this design.

Section 9 - Area Group and Partition Summary
--------------------------------------------

Partition Implementation Status
-------------------------------

  No Partitions were found in this design.

-------------------------------

Area Group Information
----------------------

  No area groups were found in this design.

----------------------

Section 10 - Timing Report
--------------------------
A logic-level (pre-route) timing report can be generated by using Xilinx static
timing analysis tools, Timing Analyzer (GUI) or TRCE (command line), with the
mapped NCD and PCF files. Please note that this timing report will be generated
using estimated delay information. For accurate numbers, please generate a
timing report with the post Place and Route NCD file.

For more information about the Timing Analyzer, consult the Xilinx Timing
Analyzer Reference Manual; for more information about TRCE, consult the Xilinx
Command Line Tools User Guide "TRACE" chapter.

Section 11 - Configuration String Details
-----------------------------------------
Use the "-detail" map option to print out Configuration Strings

Section 12 - Control Set Information
------------------------------------
Use the "-detail" map option to print out Control Set Information.

Section 13 - Utilization by Hierarchy
-------------------------------------
Use the "-detail" map option to print out the Utilization by Hierarchy section.
