Release 14.7 - xst P.20131013 (lin64)
Copyright (c) 1995-2013 Xilinx, Inc.  All rights reserved.
--> 
Parameter TMPDIR set to xst/projnav.tmp


Total REAL time to Xst completion: 0.00 secs
Total CPU time to Xst completion: 0.06 secs
 
--> 
Parameter xsthdpdir set to xst


Total REAL time to Xst completion: 0.00 secs
Total CPU time to Xst completion: 0.06 secs
 
--> 
Reading design: Arith.prj

TABLE OF CONTENTS
  1) Synthesis Options Summary
  2) HDL Parsing
  3) HDL Elaboration
  4) HDL Synthesis
       4.1) HDL Synthesis Report
  5) Advanced HDL Synthesis
       5.1) Advanced HDL Synthesis Report
  6) Low Level Synthesis
  7) Partition Report
  8) Design Summary
       8.1) Primitive and Black Box Usage
       8.2) Device utilization summary
       8.3) Partition Resource Summary
       8.4) Timing Report
            8.4.1) Clock Information
            8.4.2) Asynchronous Control Signals Information
            8.4.3) Timing Summary
            8.4.4) Timing Details
            8.4.5) Cross Clock Domains Report


=========================================================================
*                      Synthesis Options Summary                        *
=========================================================================
---- Source Parameters
Input File Name                    : "Arith.prj"
Ignore Synthesis Constraint File   : NO

---- Target Parameters
Output File Name                   : "Arith"
Output Format                      : NGC
Target Device                      : xc6slx16-3-csg324

---- Source Options
Top Module Name                    : Arith
Automatic FSM Extraction           : YES
FSM Encoding Algorithm             : Auto
Safe Implementation                : No
FSM Style                          : LUT
RAM Extraction                     : Yes
RAM Style                          : Auto
ROM Extraction                     : Yes
Shift Register Extraction          : YES
ROM Style                          : Auto
Resource Sharing                   : YES
Asynchronous To Synchronous        : NO
Shift Register Minimum Size        : 2
Use DSP Block                      : Auto
Automatic Register Balancing       : No

---- Target Options
LUT Combining                      : Auto
Reduce Control Sets                : Auto
Add IO Buffers                     : YES
Global Maximum Fanout              : 100000
Add Generic Clock Buffer(BUFG)     : 16
Register Duplication               : YES
Optimize Instantiated Primitives   : NO
Use Clock Enable                   : Auto
Use Synchronous Set                : Auto
Use Synchronous Reset              : Auto
Pack IO Registers into IOBs        : Auto
Equivalent register Removal        : YES

---- General Options
Optimization Goal                  : Speed
Optimization Effort                : 1
Power Reduction                    : NO
Keep Hierarchy                     : No
Netlist Hierarchy                  : As_Optimized
RTL Output                         : Yes
Global Optimization                : AllClockNets
Read Cores                         : YES
Write Timing Constraints           : NO
Cross Clock Analysis               : NO
Hierarchy Separator                : /
Bus Delimiter                      : <>
Case Specifier                     : Maintain
Slice Utilization Ratio            : 100
BRAM Utilization Ratio             : 100
DSP48 Utilization Ratio            : 100
Auto BRAM Packing                  : NO
Slice Utilization Ratio Delta      : 5

=========================================================================


=========================================================================
*                          HDL Parsing                                  *
=========================================================================
Analyzing Verilog file "/home/johnson/GitHub/CPU/ALU/ADD.v" into library work
Parsing module <ADD>.
Analyzing Verilog file "/home/johnson/GitHub/CPU/ALU/SUB.v" into library work
Parsing module <SUB>.
Analyzing Verilog file "/home/johnson/GitHub/CPU/ALU/ARITH.v" into library work
Parsing module <Arith>.

=========================================================================
*                            HDL Elaboration                            *
=========================================================================

Elaborating module <Arith>.

Elaborating module <ADD>.

Elaborating module <SUB>.
WARNING:HDLCompiler:1127 - "/home/johnson/GitHub/CPU/ALU/SUB.v" Line 31: Assignment to m_zero ignored, since the identifier is never used

=========================================================================
*                           HDL Synthesis                               *
=========================================================================

Synthesizing Unit <Arith>.
    Related source file is "/home/johnson/GitHub/CPU/ALU/ARITH.v".
    Summary:
	inferred   4 Multiplexer(s).
Unit <Arith> synthesized.

Synthesizing Unit <ADD>.
    Related source file is "/home/johnson/GitHub/CPU/ALU/ADD.v".
    Found 32-bit adder for signal <S> created at line 27.
    Summary:
	inferred   1 Adder/Subtractor(s).
	inferred   2 Multiplexer(s).
Unit <ADD> synthesized.

Synthesizing Unit <SUB>.
    Related source file is "/home/johnson/GitHub/CPU/ALU/SUB.v".
INFO:Xst:3210 - "/home/johnson/GitHub/CPU/ALU/SUB.v" line 31: Output port <Zero> of the instance <m_add> is unconnected or connected to loadless signal.
INFO:Xst:3210 - "/home/johnson/GitHub/CPU/ALU/SUB.v" line 31: Output port <Overflow> of the instance <m_add> is unconnected or connected to loadless signal.
INFO:Xst:3210 - "/home/johnson/GitHub/CPU/ALU/SUB.v" line 31: Output port <Negative> of the instance <m_add> is unconnected or connected to loadless signal.
    Found 32-bit adder for signal <B[31]_GND_3_o_add_1_OUT> created at line 31.
    Found 1-bit comparator equal for signal <A[31]_B[31]_equal_4_o> created at line 62
    Summary:
	inferred   1 Adder/Subtractor(s).
	inferred   1 Comparator(s).
	inferred   3 Multiplexer(s).
Unit <SUB> synthesized.

=========================================================================
HDL Synthesis Report

Macro Statistics
# Adders/Subtractors                                   : 3
 32-bit adder                                          : 3
# Comparators                                          : 1
 1-bit comparator equal                                : 1
# Multiplexers                                         : 11
 1-bit 2-to-1 multiplexer                              : 10
 32-bit 2-to-1 multiplexer                             : 1
# Xors                                                 : 3
 1-bit xor2                                            : 3

=========================================================================

=========================================================================
*                       Advanced HDL Synthesis                          *
=========================================================================


=========================================================================
Advanced HDL Synthesis Report

Macro Statistics
# Adders/Subtractors                                   : 3
 32-bit adder                                          : 3
# Comparators                                          : 1
 1-bit comparator equal                                : 1
# Multiplexers                                         : 8
 1-bit 2-to-1 multiplexer                              : 7
 32-bit 2-to-1 multiplexer                             : 1
# Xors                                                 : 2
 1-bit xor2                                            : 2

=========================================================================

=========================================================================
*                         Low Level Synthesis                           *
=========================================================================

Optimizing unit <Arith> ...

Optimizing unit <SUB> ...

Mapping all equations...
Building and optimizing final netlist ...
Found area constraint ratio of 100 (+ 5) on block Arith, actual ratio is 2.

Final Macro Processing ...

=========================================================================
Final Register Report

Found no macro
=========================================================================

=========================================================================
*                           Partition Report                            *
=========================================================================

Partition Implementation Status
-------------------------------

  No Partitions were found in this design.

-------------------------------

=========================================================================
*                            Design Summary                             *
=========================================================================

Top Level Output File Name         : Arith.ngc

Primitive and Black Box Usage:
------------------------------
# BELS                             : 305
#      GND                         : 1
#      INV                         : 31
#      LUT2                        : 66
#      LUT3                        : 64
#      LUT4                        : 2
#      LUT5                        : 3
#      LUT6                        : 12
#      MUXCY                       : 62
#      XORCY                       : 64
# IO Buffers                       : 101
#      IBUF                        : 66
#      OBUF                        : 35

Device utilization summary:
---------------------------

Selected Device : 6slx16csg324-3 


Slice Logic Utilization: 
 Number of Slice LUTs:                  178  out of   9112     1%  
    Number used as Logic:               178  out of   9112     1%  

Slice Logic Distribution: 
 Number of LUT Flip Flop pairs used:    178
   Number with an unused Flip Flop:     178  out of    178   100%  
   Number with an unused LUT:             0  out of    178     0%  
   Number of fully used LUT-FF pairs:     0  out of    178     0%  
   Number of unique control sets:         0

IO Utilization: 
 Number of IOs:                         101
 Number of bonded IOBs:                 101  out of    232    43%  

Specific Feature Utilization:

---------------------------
Partition Resource Summary:
---------------------------

  No Partitions were found in this design.

---------------------------


=========================================================================
Timing Report

NOTE: THESE TIMING NUMBERS ARE ONLY A SYNTHESIS ESTIMATE.
      FOR ACCURATE TIMING INFORMATION PLEASE REFER TO THE TRACE REPORT
      GENERATED AFTER PLACE-and-ROUTE.

Clock Information:
------------------
No clock signals found in this design

Asynchronous Control Signals Information:
----------------------------------------
No asynchronous control signals found in this design

Timing Summary:
---------------
Speed Grade: -3

   Minimum period: No path found
   Minimum input arrival time before clock: No path found
   Maximum output required time after clock: No path found
   Maximum combinational path delay: 10.452ns

Timing Details:
---------------
All values displayed in nanoseconds (ns)

=========================================================================
Timing constraint: Default path analysis
  Total number of paths / destination ports: 9670 / 35
-------------------------------------------------------------------------
Delay:               10.452ns (Levels of Logic = 11)
  Source:            B<1> (PAD)
  Destination:       Zero (PAD)

  Data Path: B<1> to Zero
                                Gate     Net
    Cell:in->out      fanout   Delay   Delay  Logical Name (Net Name)
    ----------------------------------------  ------------
     IBUF:I->O             2   1.222   0.616  B_1_IBUF (B_1_IBUF)
     INV:I->O              2   0.206   0.721  m_sub/n0025<1>1_INV_0 (m_sub/n0025<1>)
     LUT2:I0->O            1   0.203   0.580  m_sub/m_add/Madd_S1 (m_sub/m_add/Madd_S1)
     LUT3:I2->O            1   0.205   0.000  m_sub/m_add/Madd_S_lut<0>2 (m_sub/m_add/Madd_S_lut<0>2)
     MUXCY:S->O            1   0.172   0.000  m_sub/m_add/Madd_S_cy<0>_1 (m_sub/m_add/Madd_S_cy<0>2)
     MUXCY:CI->O           1   0.019   0.000  m_sub/m_add/Madd_S_cy<0>_2 (m_sub/m_add/Madd_S_cy<0>3)
     XORCY:CI->O           2   0.180   0.961  m_sub/m_add/Madd_S_xor<0>_3 (S_SUB<4>)
     LUT5:I0->O            1   0.203   0.684  Mmux_Zero114 (Mmux_Zero113)
     LUT6:I4->O            1   0.203   0.924  Mmux_Zero115 (Mmux_Zero114)
     LUT6:I1->O            1   0.203   0.579  Mmux_Zero117 (Zero_OBUF)
     OBUF:I->O                 2.571          Zero_OBUF (Zero)
    ----------------------------------------
    Total                     10.452ns (5.387ns logic, 5.065ns route)
                                       (51.5% logic, 48.5% route)

=========================================================================

Cross Clock Domains Report:
--------------------------

=========================================================================


Total REAL time to Xst completion: 6.00 secs
Total CPU time to Xst completion: 5.67 secs
 
--> 


Total memory usage is 381892 kilobytes

Number of errors   :    0 (   0 filtered)
Number of warnings :    1 (   0 filtered)
Number of infos    :    3 (   0 filtered)

