Release 14.7 - xst P.20131013 (lin64)
Copyright (c) 1995-2013 Xilinx, Inc.  All rights reserved.
--> 
Parameter TMPDIR set to xst/projnav.tmp


Total REAL time to Xst completion: 0.00 secs
Total CPU time to Xst completion: 0.06 secs
 
--> 
Parameter xsthdpdir set to xst


Total REAL time to Xst completion: 0.00 secs
Total CPU time to Xst completion: 0.06 secs
 
--> 
Reading design: main.prj

TABLE OF CONTENTS
  1) Synthesis Options Summary
  2) HDL Parsing
  3) HDL Elaboration
  4) HDL Synthesis
       4.1) HDL Synthesis Report
  5) Advanced HDL Synthesis
       5.1) Advanced HDL Synthesis Report
  6) Low Level Synthesis
  7) Partition Report
  8) Design Summary
       8.1) Primitive and Black Box Usage
       8.2) Device utilization summary
       8.3) Partition Resource Summary
       8.4) Timing Report
            8.4.1) Clock Information
            8.4.2) Asynchronous Control Signals Information
            8.4.3) Timing Summary
            8.4.4) Timing Details
            8.4.5) Cross Clock Domains Report


=========================================================================
*                      Synthesis Options Summary                        *
=========================================================================
---- Source Parameters
Input File Name                    : "main.prj"
Ignore Synthesis Constraint File   : NO

---- Target Parameters
Output File Name                   : "main"
Output Format                      : NGC
Target Device                      : xc6slx16-3-csg324

---- Source Options
Top Module Name                    : main
Automatic FSM Extraction           : YES
FSM Encoding Algorithm             : Auto
Safe Implementation                : No
FSM Style                          : LUT
RAM Extraction                     : Yes
RAM Style                          : Auto
ROM Extraction                     : Yes
Shift Register Extraction          : YES
ROM Style                          : Auto
Resource Sharing                   : YES
Asynchronous To Synchronous        : NO
Shift Register Minimum Size        : 2
Use DSP Block                      : Auto
Automatic Register Balancing       : No

---- Target Options
LUT Combining                      : Auto
Reduce Control Sets                : Auto
Add IO Buffers                     : YES
Global Maximum Fanout              : 100000
Add Generic Clock Buffer(BUFG)     : 16
Register Duplication               : YES
Optimize Instantiated Primitives   : NO
Use Clock Enable                   : Auto
Use Synchronous Set                : Auto
Use Synchronous Reset              : Auto
Pack IO Registers into IOBs        : Auto
Equivalent register Removal        : YES

---- General Options
Optimization Goal                  : Speed
Optimization Effort                : 1
Power Reduction                    : NO
Keep Hierarchy                     : No
Netlist Hierarchy                  : As_Optimized
RTL Output                         : Yes
Global Optimization                : AllClockNets
Read Cores                         : YES
Write Timing Constraints           : NO
Cross Clock Analysis               : NO
Hierarchy Separator                : /
Bus Delimiter                      : <>
Case Specifier                     : Maintain
Slice Utilization Ratio            : 100
BRAM Utilization Ratio             : 100
DSP48 Utilization Ratio            : 100
Auto BRAM Packing                  : NO
Slice Utilization Ratio Delta      : 5

=========================================================================


=========================================================================
*                          HDL Parsing                                  *
=========================================================================
Analyzing Verilog file "/home/johnson/GitHub/CPU/ALU/ADD.v" into library work
Parsing module <ADD>.
Analyzing Verilog file "/home/johnson/GitHub/CPU/ALU/SUB.v" into library work
Parsing module <SUB>.
Analyzing Verilog file "/home/johnson/GitHub/CPU/ALU/SHIFT.v" into library work
Parsing module <Shift>.
Analyzing Verilog file "/home/johnson/GitHub/CPU/ALU/LOGIC.v" into library work
Parsing module <Logic>.
Analyzing Verilog file "/home/johnson/GitHub/CPU/ALU/CMP.v" into library work
Parsing module <Compare>.
Analyzing Verilog file "/home/johnson/GitHub/CPU/ALU/ARITH.v" into library work
Parsing module <Arith>.
Analyzing Verilog file "/home/johnson/GitHub/CPU/ALU/ALU.v" into library work
Parsing module <ALU>.
Analyzing Verilog file "/home/johnson/GitHub/CPU/ALU/main.v" into library work
Parsing module <main>.

=========================================================================
*                            HDL Elaboration                            *
=========================================================================

Elaborating module <main>.
"/home/johnson/GitHub/CPU/ALU/main.v" Line 40. $display -------------- Testbench for ALU --------------
"/home/johnson/GitHub/CPU/ALU/main.v" Line 41. $display Start testing...
"/home/johnson/GitHub/CPU/ALU/main.v" Line 47. $display 32'b00000000000000000000000000001111 = A\n32'b11111111111111111111111111011101 = B\n32'b................................ = A and B\n
"/home/johnson/GitHub/CPU/ALU/main.v" Line 50. $display 32'b00000000000000000000000000001111 = A\n32'b11111111111111111111111111011101 = B\n32'b................................ = A or B\n
"/home/johnson/GitHub/CPU/ALU/main.v" Line 53. $display 32'b00000000000000000000000000001111 = A\n32'b11111111111111111111111111011101 = B\n32'b................................ = A xor B\n
"/home/johnson/GitHub/CPU/ALU/main.v" Line 56. $display 32'b00000000000000000000000000001111 = A\n32'b11111111111111111111111111011101 = B\n32'b................................ = A nor B\n
"/home/johnson/GitHub/CPU/ALU/main.v" Line 59. $display 32'b00000000000000000000000000001111 = A\n32'b11111111111111111111111111011101 = B\n32'b................................ = A\n
"/home/johnson/GitHub/CPU/ALU/main.v" Line 63. $display 32'b11111111111111111111111111011101 = B\n22 = shamt\n32'b................................ = B << shamt\n
"/home/johnson/GitHub/CPU/ALU/main.v" Line 67. $display 32'b11111111111111111111111111011101 = B\n3 = shamt\n32'b................................ = B >> shamt\n
"/home/johnson/GitHub/CPU/ALU/main.v" Line 70. $display 32'b11111111111111111111111111011101 = B\n3 = shamt\n32'b................................ = B >>> shamt\n
"/home/johnson/GitHub/CPU/ALU/main.v" Line 76. $display 32'b11111111111111111111111111111111 = A\n32'b00000000000000000000000000000001 = B\n32'b................................ = A - B (signed = 0)\n
"/home/johnson/GitHub/CPU/ALU/main.v" Line 80. $display 32'b11111111111111111111111111111111 = A\n32'b00000000000000000000000000000001 = B\n32'b................................ = A + B (signed = 0)\n
"/home/johnson/GitHub/CPU/ALU/main.v" Line 84. $display 32'b11111111111111111111111111111111 = A\n32'b00000000000000000000000000000001 = B\n32'b................................ = A == B (signed = 0)\n
"/home/johnson/GitHub/CPU/ALU/main.v" Line 87. $display 32'b11111111111111111111111111111111 = A\n32'b00000000000000000000000000000001 = B\n32'b................................ = A != B (signed = 0)\n
"/home/johnson/GitHub/CPU/ALU/main.v" Line 90. $display 32'b11111111111111111111111111111111 = A\n32'b00000000000000000000000000000001 = B\n32'b................................ = A < B (signed = 0)\n
"/home/johnson/GitHub/CPU/ALU/main.v" Line 94. $display 32'b11111111111111111111111111111111 = A\n32'b00000000000000000000000000000001 = B\n32'b................................ = A <= 0 (signed = 1)\n
"/home/johnson/GitHub/CPU/ALU/main.v" Line 97. $display 32'b11111111111111111111111111111111 = A\n32'b00000000000000000000000000000001 = B\n32'b................................ = A >= 0 (signed = 1)\n
"/home/johnson/GitHub/CPU/ALU/main.v" Line 100. $display 32'b11111111111111111111111111111111 = A\n32'b00000000000000000000000000000001 = B\n32'b................................ = A > 0 (signed = 1)\n
WARNING:HDLCompiler:872 - "/home/johnson/GitHub/CPU/ALU/main.v" Line 38: Using initial value of A since it is never assigned

Elaborating module <ALU>.

Elaborating module <Arith>.

Elaborating module <ADD>.

Elaborating module <SUB>.
WARNING:HDLCompiler:1127 - "/home/johnson/GitHub/CPU/ALU/SUB.v" Line 31: Assignment to m_zero ignored, since the identifier is never used

Elaborating module <Compare>.

Elaborating module <Logic>.

Elaborating module <Shift>.
WARNING:HDLCompiler:1127 - "/home/johnson/GitHub/CPU/ALU/main.v" Line 36: Assignment to S ignored, since the identifier is never used
WARNING:Xst:2972 - "/home/johnson/GitHub/CPU/ALU/main.v" line 36. All outputs of instance <m_alu> of block <ALU> are unconnected in block <main>. Underlying logic will be removed.

=========================================================================
*                           HDL Synthesis                               *
=========================================================================

Synthesizing Unit <main>.
    Related source file is "/home/johnson/GitHub/CPU/ALU/main.v".
        ALUFUNC_ADD = 6'b000000
        ALUFUNC_SUB = 6'b000001
        ALUFUNC_AND = 6'b011000
        ALUFUNC_OR = 6'b011110
        ALUFUNC_XOR = 6'b010110
        ALUFUNC_NOR = 6'b010001
        ALUFUNC_A = 6'b011010
        ALUFUNC_SLL = 6'b100000
        ALUFUNC_SRL = 6'b100001
        ALUFUNC_SRA = 6'b100011
        ALUFUNC_EQ = 6'b110011
        ALUFUNC_NEQ = 6'b110001
        ALUFUNC_LT = 6'b110101
        ALUFUNC_LEZ = 6'b111101
        ALUFUNC_GEZ = 6'b111001
        ALUFUNC_GTZ = 6'b111111
INFO:Xst:3210 - "/home/johnson/GitHub/CPU/ALU/main.v" line 36: Output port <S> of the instance <m_alu> is unconnected or connected to loadless signal.
    Summary:
	no macro.
Unit <main> synthesized.

Synthesizing Unit <Arith>.
    Related source file is "/home/johnson/GitHub/CPU/ALU/ARITH.v".
    Summary:
	no macro.
Unit <Arith> synthesized.

Synthesizing Unit <ADD>.
    Related source file is "/home/johnson/GitHub/CPU/ALU/ADD.v".
    Found 32-bit adder for signal <S> created at line 27.
    Summary:
	inferred   1 Adder/Subtractor(s).
	inferred   2 Multiplexer(s).
Unit <ADD> synthesized.

Synthesizing Unit <SUB>.
    Related source file is "/home/johnson/GitHub/CPU/ALU/SUB.v".
INFO:Xst:3210 - "/home/johnson/GitHub/CPU/ALU/SUB.v" line 31: Output port <Zero> of the instance <m_add> is unconnected or connected to loadless signal.
INFO:Xst:3210 - "/home/johnson/GitHub/CPU/ALU/SUB.v" line 31: Output port <Overflow> of the instance <m_add> is unconnected or connected to loadless signal.
INFO:Xst:3210 - "/home/johnson/GitHub/CPU/ALU/SUB.v" line 31: Output port <Negative> of the instance <m_add> is unconnected or connected to loadless signal.
    Found 32-bit adder for signal <B[31]_GND_5_o_add_1_OUT> created at line 31.
    Found 1-bit comparator equal for signal <A[31]_B[31]_equal_4_o> created at line 62
    Summary:
	inferred   1 Adder/Subtractor(s).
	inferred   1 Comparator(s).
	inferred   3 Multiplexer(s).
Unit <SUB> synthesized.

Synthesizing Unit <Compare>.
    Related source file is "/home/johnson/GitHub/CPU/ALU/CMP.v".
        FT_CMP_EQ = 3'b001
        FT_CMP_NEQ = 3'b000
        FT_CMP_LT = 3'b010
        FT_CMP_LEZ = 3'b110
        FT_CMP_GEZ = 3'b100
        FT_CMP_GTZ = 3'b111
        ERROR_OUTPUT = 1'b1
WARNING:Xst:647 - Input <Overflow> is never used. This port will be preserved and left unconnected if it belongs to a top-level block or it belongs to a sub-block and the hierarchy of this sub-block is preserved.
    Summary:
	no macro.
Unit <Compare> synthesized.

Synthesizing Unit <Logic>.
    Related source file is "/home/johnson/GitHub/CPU/ALU/LOGIC.v".
        FT_LOGIC_AND = 4'b1000
        FT_LOGIC_OR = 4'b1110
        FT_LOGIC_XOR = 4'b0110
        FT_LOGIC_NOR = 4'b0001
        FT_LOGIC_A = 4'b1010
        ERROR_OUTPUT = 1
    Summary:
	no macro.
Unit <Logic> synthesized.

Synthesizing Unit <Shift>.
    Related source file is "/home/johnson/GitHub/CPU/ALU/SHIFT.v".
        FT_SHIFT_SLL = 2'b00
        FT_SHIFT_SRL = 2'b01
        FT_SHIFT_SRA = 2'b11
        ERROR_OUTPUT = 1
    Summary:
	no macro.
Unit <Shift> synthesized.

=========================================================================
HDL Synthesis Report

Found no macro
=========================================================================

=========================================================================
*                       Advanced HDL Synthesis                          *
=========================================================================


=========================================================================
Advanced HDL Synthesis Report

Found no macro
=========================================================================

=========================================================================
*                         Low Level Synthesis                           *
=========================================================================

Optimizing unit <main> ...

Mapping all equations...
Building and optimizing final netlist ...
Found area constraint ratio of 100 (+ 5) on block main, actual ratio is 0.

Final Macro Processing ...

=========================================================================
Final Register Report

Found no macro
=========================================================================

=========================================================================
*                           Partition Report                            *
=========================================================================

Partition Implementation Status
-------------------------------

  No Partitions were found in this design.

-------------------------------

=========================================================================
*                            Design Summary                             *
=========================================================================

Top Level Output File Name         : main.ngc

Primitive and Black Box Usage:
------------------------------

Device utilization summary:
---------------------------

Selected Device : 6slx16csg324-3 


Slice Logic Utilization: 

Slice Logic Distribution: 
 Number of LUT Flip Flop pairs used:      0
   Number with an unused Flip Flop:       0  out of      0         
   Number with an unused LUT:             0  out of      0         
   Number of fully used LUT-FF pairs:     0  out of      0         
   Number of unique control sets:         0

IO Utilization: 
 Number of IOs:                           0
 Number of bonded IOBs:                   0  out of    232     0%  

Specific Feature Utilization:

---------------------------
Partition Resource Summary:
---------------------------

  No Partitions were found in this design.

---------------------------


=========================================================================
Timing Report

NOTE: THESE TIMING NUMBERS ARE ONLY A SYNTHESIS ESTIMATE.
      FOR ACCURATE TIMING INFORMATION PLEASE REFER TO THE TRACE REPORT
      GENERATED AFTER PLACE-and-ROUTE.

Clock Information:
------------------
No clock signals found in this design

Asynchronous Control Signals Information:
----------------------------------------
No asynchronous control signals found in this design

Timing Summary:
---------------
Speed Grade: -3

   Minimum period: No path found
   Minimum input arrival time before clock: No path found
   Maximum output required time after clock: No path found
   Maximum combinational path delay: No path found

Timing Details:
---------------
All values displayed in nanoseconds (ns)

=========================================================================

Cross Clock Domains Report:
--------------------------

=========================================================================


Total REAL time to Xst completion: 6.00 secs
Total CPU time to Xst completion: 4.94 secs
 
--> 


Total memory usage is 381552 kilobytes

Number of errors   :    0 (   0 filtered)
Number of warnings :    5 (   0 filtered)
Number of infos    :    4 (   0 filtered)

