#! /usr/bin/vvp
:ivl_version "0.9.5 " "(v0_9_5)";
:vpi_time_precision + 0;
:vpi_module "system";
:vpi_module "v2005_math";
:vpi_module "va_math";
S_0xcfe790 .scope module, "Logic" "Logic" 2 5;
 .timescale 0 0;
P_0xd0bef8 .param/l "ERROR_OUTPUT" 2 18, +C4<01>;
P_0xd0bf20 .param/l "FT_LOGIC_A" 2 16, C4<1010>;
P_0xd0bf48 .param/l "FT_LOGIC_AND" 2 12, C4<1000>;
P_0xd0bf70 .param/l "FT_LOGIC_NOR" 2 15, C4<0001>;
P_0xd0bf98 .param/l "FT_LOGIC_OR" 2 13, C4<1110>;
P_0xd0bfc0 .param/l "FT_LOGIC_XOR" 2 14, C4<0110>;
L_0xd213b0 .functor AND 32, C4<zzzzzzzzzzzzzzzzzzzzzzzzzzzzzzzz>, C4<zzzzzzzzzzzzzzzzzzzzzzzzzzzzzzzz>, C4<11111111111111111111111111111111>, C4<11111111111111111111111111111111>;
L_0xd22ab0 .functor OR 32, C4<zzzzzzzzzzzzzzzzzzzzzzzzzzzzzzzz>, C4<zzzzzzzzzzzzzzzzzzzzzzzzzzzzzzzz>, C4<00000000000000000000000000000000>, C4<00000000000000000000000000000000>;
L_0xd22ee0 .functor XOR 32, C4<zzzzzzzzzzzzzzzzzzzzzzzzzzzzzzzz>, C4<zzzzzzzzzzzzzzzzzzzzzzzzzzzzzzzz>, C4<00000000000000000000000000000000>, C4<00000000000000000000000000000000>;
L_0xd23300 .functor NOR 32, C4<zzzzzzzzzzzzzzzzzzzzzzzzzzzzzzzz>, C4<zzzzzzzzzzzzzzzzzzzzzzzzzzzzzzzz>, C4<00000000000000000000000000000000>, C4<00000000000000000000000000000000>;
v0xd0cd10_0 .net "A", 31 0, C4<zzzzzzzzzzzzzzzzzzzzzzzzzzzzzzzz>; 0 drivers
v0xd20d90_0 .net "B", 31 0, C4<zzzzzzzzzzzzzzzzzzzzzzzzzzzzzzzz>; 0 drivers
v0xd20e30_0 .net "FT", 3 0, C4<zzzz>; 0 drivers
v0xd20ed0_0 .net "S", 31 0, L_0xd23d40; 1 drivers
v0xd20f80_0 .net *"_s0", 4 0, L_0xd224d0; 1 drivers
v0xd21020_0 .net *"_s10", 4 0, L_0xd22720; 1 drivers
v0xd21100_0 .net *"_s13", 0 0, C4<0>; 1 drivers
v0xd211a0_0 .net *"_s14", 4 0, C4<01110>; 1 drivers
v0xd21290_0 .net *"_s16", 0 0, L_0xd22940; 1 drivers
v0xd21330_0 .net *"_s18", 31 0, L_0xd22ab0; 1 drivers
v0xd21430_0 .net *"_s20", 4 0, L_0xd22bb0; 1 drivers
v0xd214d0_0 .net *"_s23", 0 0, C4<0>; 1 drivers
v0xd215e0_0 .net *"_s24", 4 0, C4<00110>; 1 drivers
v0xd21680_0 .net *"_s26", 0 0, L_0xd22d60; 1 drivers
v0xd217a0_0 .net *"_s28", 31 0, L_0xd22ee0; 1 drivers
v0xd21840_0 .net *"_s3", 0 0, C4<0>; 1 drivers
v0xd21700_0 .net *"_s30", 4 0, L_0xd22f40; 1 drivers
v0xd21990_0 .net *"_s33", 0 0, C4<0>; 1 drivers
v0xd21ab0_0 .net *"_s34", 4 0, C4<00001>; 1 drivers
v0xd21b30_0 .net *"_s36", 0 0, L_0xd23140; 1 drivers
v0xd21a10_0 .net *"_s38", 31 0, L_0xd23300; 1 drivers
v0xd21c60_0 .net *"_s4", 4 0, C4<01000>; 1 drivers
v0xd21bb0_0 .net *"_s40", 4 0, L_0xd23480; 1 drivers
v0xd21da0_0 .net *"_s43", 0 0, C4<0>; 1 drivers
v0xd21d00_0 .net *"_s44", 4 0, C4<01010>; 1 drivers
v0xd21ef0_0 .net *"_s46", 0 0, L_0xd235b0; 1 drivers
v0xd21e40_0 .net *"_s48", 31 0, C4<00000000000000000000000000000001>; 1 drivers
v0xd22050_0 .net *"_s50", 31 0, L_0xd23720; 1 drivers
v0xd21f90_0 .net *"_s52", 31 0, L_0xd23810; 1 drivers
v0xd221c0_0 .net *"_s54", 31 0, L_0xd239a0; 1 drivers
v0xd220d0_0 .net *"_s56", 31 0, L_0xd23b30; 1 drivers
v0xd22340_0 .net *"_s6", 0 0, L_0xd225b0; 1 drivers
v0xd22240_0 .net *"_s8", 31 0, L_0xd213b0; 1 drivers
L_0xd224d0 .concat [ 4 1 0 0], C4<zzzz>, C4<0>;
L_0xd225b0 .cmp/eq 5, L_0xd224d0, C4<01000>;
L_0xd22720 .concat [ 4 1 0 0], C4<zzzz>, C4<0>;
L_0xd22940 .cmp/eq 5, L_0xd22720, C4<01110>;
L_0xd22bb0 .concat [ 4 1 0 0], C4<zzzz>, C4<0>;
L_0xd22d60 .cmp/eq 5, L_0xd22bb0, C4<00110>;
L_0xd22f40 .concat [ 4 1 0 0], C4<zzzz>, C4<0>;
L_0xd23140 .cmp/eq 5, L_0xd22f40, C4<00001>;
L_0xd23480 .concat [ 4 1 0 0], C4<zzzz>, C4<0>;
L_0xd235b0 .cmp/eq 5, L_0xd23480, C4<01010>;
L_0xd23720 .functor MUXZ 32, C4<00000000000000000000000000000001>, C4<zzzzzzzzzzzzzzzzzzzzzzzzzzzzzzzz>, L_0xd235b0, C4<>;
L_0xd23810 .functor MUXZ 32, L_0xd23720, L_0xd23300, L_0xd23140, C4<>;
L_0xd239a0 .functor MUXZ 32, L_0xd23810, L_0xd22ee0, L_0xd22d60, C4<>;
L_0xd23b30 .functor MUXZ 32, L_0xd239a0, L_0xd22ab0, L_0xd22940, C4<>;
L_0xd23d40 .functor MUXZ 32, L_0xd23b30, L_0xd213b0, L_0xd225b0, C4<>;
# The file index is used to find the file name in the following table.
:file_names 3;
    "N/A";
    "<interactive>";
    "LOGIC.v";
