#! /usr/bin/vvp
:ivl_version "0.9.5 " "(v0_9_5)";
:vpi_time_precision + 0;
:vpi_module "system";
:vpi_module "v2005_math";
:vpi_module "va_math";
S_0x8c3b80 .scope module, "TestInstPrint" "TestInstPrint" 2 1;
 .timescale 0 0;
v0x8fcd70_0 .var "addr", 31 0;
v0x8fce20_0 .net "data", 31 0, v0x8fccc0_0; 1 drivers
v0x8fcea0_0 .var "pulse", 0 0;
S_0x8fcb30 .scope module, "rom" "ROM" 2 5, 3 4, S_0x8c3b80;
 .timescale 0 0;
v0x8fcc20_0 .net "addr", 31 0, v0x8fcd70_0; 1 drivers
v0x8fccc0_0 .var "data", 31 0;
E_0x8c2e80 .event edge, v0x8fcc20_0;
S_0x8c5ad0 .scope module, "print" "InstPrint" 2 8, 4 1, S_0x8c3b80;
 .timescale 0 0;
P_0x8cbf48 .param/l "FORMAT_ADDI" 4 19, C4<001000>;
P_0x8cbf70 .param/l "FORMAT_ADDIU" 4 20, C4<001001>;
P_0x8cbf98 .param/l "FORMAT_ANDI" 4 21, C4<001100>;
P_0x8cbfc0 .param/l "FORMAT_BEQ" 4 24, C4<000100>;
P_0x8cbfe8 .param/l "FORMAT_BGTZ" 4 27, C4<000111>;
P_0x8cc010 .param/l "FORMAT_BLEZ" 4 26, C4<000110>;
P_0x8cc038 .param/l "FORMAT_BLTZ" 4 28, C4<000001>;
P_0x8cc060 .param/l "FORMAT_BNE" 4 25, C4<000101>;
P_0x8cc088 .param/l "FORMAT_J" 4 29, C4<000010>;
P_0x8cc0b0 .param/l "FORMAT_JAL" 4 30, C4<000011>;
P_0x8cc0d8 .param/l "FORMAT_LUI" 4 18, C4<001111>;
P_0x8cc100 .param/l "FORMAT_LW" 4 16, C4<100011>;
P_0x8cc128 .param/l "FORMAT_R" 4 15, C4<000000>;
P_0x8cc150 .param/l "FORMAT_SLTI" 4 22, C4<001010>;
P_0x8cc178 .param/l "FORMAT_SLTIU" 4 23, C4<001011>;
P_0x8cc1a0 .param/l "FORMAT_SW" 4 17, C4<101011>;
P_0x8cc1c8 .param/l "FUNCT_ADD" 4 33, C4<100000>;
P_0x8cc1f0 .param/l "FUNCT_ADDU" 4 34, C4<100001>;
P_0x8cc218 .param/l "FUNCT_AND" 4 37, C4<100100>;
P_0x8cc240 .param/l "FUNCT_JALR" 4 46, C4<001001>;
P_0x8cc268 .param/l "FUNCT_JR" 4 45, C4<001000>;
P_0x8cc290 .param/l "FUNCT_NOR" 4 40, C4<100111>;
P_0x8cc2b8 .param/l "FUNCT_OR" 4 38, C4<100101>;
P_0x8cc2e0 .param/l "FUNCT_SLL" 4 41, C4<000000>;
P_0x8cc308 .param/l "FUNCT_SLT" 4 44, C4<101010>;
P_0x8cc330 .param/l "FUNCT_SRA" 4 43, C4<000011>;
P_0x8cc358 .param/l "FUNCT_SRL" 4 42, C4<000010>;
P_0x8cc380 .param/l "FUNCT_SUB" 4 35, C4<100010>;
P_0x8cc3a8 .param/l "FUNCT_SUBU" 4 36, C4<100011>;
P_0x8cc3d0 .param/l "FUNCT_XOR" 4 39, C4<100110>;
v0x8da730_0 .net "Format", 0 0, L_0x8fcff0; 1 drivers
v0x8fbe20_0 .net "Funct", 0 0, L_0x8fdda0; 1 drivers
v0x8fbec0_0 .net "Imm16", 0 0, L_0x8fd3e0; 1 drivers
v0x8fbf60_0 .net "JT", 0 0, L_0x8fd240; 1 drivers
v0x8fc000_0 .net "Rd", 0 0, L_0x8fd780; 1 drivers
v0x8fc0a0_0 .net "Rs", 0 0, L_0x8fdb90; 1 drivers
v0x8fc180_0 .net "Rt", 0 0, L_0x8fda50; 1 drivers
v0x8fc220_0 .net "Shamt", 0 0, L_0x8fd5a0; 1 drivers
v0x8fc310_0 .net *"_s1", 5 0, L_0x8fcf20; 1 drivers
v0x8fc3b0_0 .net *"_s13", 4 0, L_0x8fd500; 1 drivers
v0x8fc4b0_0 .net *"_s17", 4 0, L_0x8fd6e0; 1 drivers
v0x8fc550_0 .net *"_s21", 4 0, L_0x8fd8a0; 1 drivers
v0x8fc660_0 .net *"_s25", 4 0, L_0x8fdaf0; 1 drivers
v0x8fc700_0 .net *"_s29", 5 0, L_0x8fdd00; 1 drivers
v0x8fc820_0 .net *"_s5", 25 0, L_0x8fd110; 1 drivers
v0x8fc8c0_0 .net *"_s9", 15 0, L_0x8fd310; 1 drivers
v0x8fc780_0 .alias "instruction", 31 0, v0x8fce20_0;
v0x8fca10_0 .net "pulse", 0 0, v0x8fcea0_0; 1 drivers
E_0x8c0600 .event posedge, v0x8fca10_0;
L_0x8fcf20 .part v0x8fccc0_0, 26, 6;
L_0x8fcff0 .part L_0x8fcf20, 0, 1;
L_0x8fd110 .part v0x8fccc0_0, 0, 26;
L_0x8fd240 .part L_0x8fd110, 0, 1;
L_0x8fd310 .part v0x8fccc0_0, 0, 16;
L_0x8fd3e0 .part L_0x8fd310, 0, 1;
L_0x8fd500 .part v0x8fccc0_0, 6, 5;
L_0x8fd5a0 .part L_0x8fd500, 0, 1;
L_0x8fd6e0 .part v0x8fccc0_0, 11, 5;
L_0x8fd780 .part L_0x8fd6e0, 0, 1;
L_0x8fd8a0 .part v0x8fccc0_0, 16, 5;
L_0x8fda50 .part L_0x8fd8a0, 0, 1;
L_0x8fdaf0 .part v0x8fccc0_0, 21, 5;
L_0x8fdb90 .part L_0x8fdaf0, 0, 1;
L_0x8fdd00 .part v0x8fccc0_0, 0, 6;
L_0x8fdda0 .part L_0x8fdd00, 0, 1;
    .scope S_0x8fcb30;
T_0 ;
    %wait E_0x8c2e80;
    %load/v 8, v0x8fcc20_0, 32;
    %movi 40, 4194304, 32;
    %cmp/u 8, 40, 32;
    %jmp/1 T_0.0, 6;
    %movi 40, 4194308, 32;
    %cmp/u 8, 40, 32;
    %jmp/1 T_0.1, 6;
    %movi 40, 4194312, 32;
    %cmp/u 8, 40, 32;
    %jmp/1 T_0.2, 6;
    %movi 40, 4194316, 32;
    %cmp/u 8, 40, 32;
    %jmp/1 T_0.3, 6;
    %movi 40, 4194320, 32;
    %cmp/u 8, 40, 32;
    %jmp/1 T_0.4, 6;
    %movi 40, 4194324, 32;
    %cmp/u 8, 40, 32;
    %jmp/1 T_0.5, 6;
    %movi 40, 4194328, 32;
    %cmp/u 8, 40, 32;
    %jmp/1 T_0.6, 6;
    %movi 40, 4194332, 32;
    %cmp/u 8, 40, 32;
    %jmp/1 T_0.7, 6;
    %movi 40, 4194336, 32;
    %cmp/u 8, 40, 32;
    %jmp/1 T_0.8, 6;
    %movi 40, 4194340, 32;
    %cmp/u 8, 40, 32;
    %jmp/1 T_0.9, 6;
    %movi 40, 4194344, 32;
    %cmp/u 8, 40, 32;
    %jmp/1 T_0.10, 6;
    %movi 40, 4194348, 32;
    %cmp/u 8, 40, 32;
    %jmp/1 T_0.11, 6;
    %movi 40, 4194352, 32;
    %cmp/u 8, 40, 32;
    %jmp/1 T_0.12, 6;
    %movi 40, 4194356, 32;
    %cmp/u 8, 40, 32;
    %jmp/1 T_0.13, 6;
    %movi 40, 4194360, 32;
    %cmp/u 8, 40, 32;
    %jmp/1 T_0.14, 6;
    %movi 40, 4194364, 32;
    %cmp/u 8, 40, 32;
    %jmp/1 T_0.15, 6;
    %movi 40, 4194368, 32;
    %cmp/u 8, 40, 32;
    %jmp/1 T_0.16, 6;
    %movi 40, 4194372, 32;
    %cmp/u 8, 40, 32;
    %jmp/1 T_0.17, 6;
    %movi 40, 4194376, 32;
    %cmp/u 8, 40, 32;
    %jmp/1 T_0.18, 6;
    %movi 40, 4194380, 32;
    %cmp/u 8, 40, 32;
    %jmp/1 T_0.19, 6;
    %movi 40, 4194384, 32;
    %cmp/u 8, 40, 32;
    %jmp/1 T_0.20, 6;
    %movi 40, 4194388, 32;
    %cmp/u 8, 40, 32;
    %jmp/1 T_0.21, 6;
    %movi 40, 4194392, 32;
    %cmp/u 8, 40, 32;
    %jmp/1 T_0.22, 6;
    %movi 40, 4194396, 32;
    %cmp/u 8, 40, 32;
    %jmp/1 T_0.23, 6;
    %movi 40, 4194400, 32;
    %cmp/u 8, 40, 32;
    %jmp/1 T_0.24, 6;
    %movi 40, 4194404, 32;
    %cmp/u 8, 40, 32;
    %jmp/1 T_0.25, 6;
    %movi 40, 4194408, 32;
    %cmp/u 8, 40, 32;
    %jmp/1 T_0.26, 6;
    %movi 40, 4194412, 32;
    %cmp/u 8, 40, 32;
    %jmp/1 T_0.27, 6;
    %movi 40, 4194416, 32;
    %cmp/u 8, 40, 32;
    %jmp/1 T_0.28, 6;
    %movi 40, 4194420, 32;
    %cmp/u 8, 40, 32;
    %jmp/1 T_0.29, 6;
    %movi 8, 3435973836, 32;
    %ix/load 0, 32, 0;
    %assign/v0 v0x8fccc0_0, 0, 8;
    %jmp T_0.31;
T_0.0 ;
    %ix/load 0, 32, 0;
    %assign/v0 v0x8fccc0_0, 0, 0;
    %jmp T_0.31;
T_0.1 ;
    %movi 8, 2410676224, 32;
    %ix/load 0, 32, 0;
    %assign/v0 v0x8fccc0_0, 0, 8;
    %jmp T_0.31;
T_0.2 ;
    %movi 8, 2947547136, 32;
    %ix/load 0, 32, 0;
    %assign/v0 v0x8fccc0_0, 0, 8;
    %jmp T_0.31;
T_0.3 ;
    %movi 8, 1007681546, 32;
    %ix/load 0, 32, 0;
    %assign/v0 v0x8fccc0_0, 0, 8;
    %jmp T_0.31;
T_0.4 ;
    %movi 8, 36864032, 32;
    %ix/load 0, 32, 0;
    %assign/v0 v0x8fccc0_0, 0, 8;
    %jmp T_0.31;
T_0.5 ;
    %movi 8, 36864033, 32;
    %ix/load 0, 32, 0;
    %assign/v0 v0x8fccc0_0, 0, 8;
    %jmp T_0.31;
T_0.6 ;
    %movi 8, 36864034, 32;
    %ix/load 0, 32, 0;
    %assign/v0 v0x8fccc0_0, 0, 8;
    %jmp T_0.31;
T_0.7 ;
    %movi 8, 36864035, 32;
    %ix/load 0, 32, 0;
    %assign/v0 v0x8fccc0_0, 0, 8;
    %jmp T_0.31;
T_0.8 ;
    %movi 8, 573571082, 32;
    %ix/load 0, 32, 0;
    %assign/v0 v0x8fccc0_0, 0, 8;
    %jmp T_0.31;
T_0.9 ;
    %movi 8, 640679946, 32;
    %ix/load 0, 32, 0;
    %assign/v0 v0x8fccc0_0, 0, 8;
    %jmp T_0.31;
T_0.10 ;
    %movi 8, 36864036, 32;
    %ix/load 0, 32, 0;
    %assign/v0 v0x8fccc0_0, 0, 8;
    %jmp T_0.31;
T_0.11 ;
    %movi 8, 36864037, 32;
    %ix/load 0, 32, 0;
    %assign/v0 v0x8fccc0_0, 0, 8;
    %jmp T_0.31;
T_0.12 ;
    %movi 8, 36864038, 32;
    %ix/load 0, 32, 0;
    %assign/v0 v0x8fccc0_0, 0, 8;
    %jmp T_0.31;
T_0.13 ;
    %movi 8, 36864039, 32;
    %ix/load 0, 32, 0;
    %assign/v0 v0x8fccc0_0, 0, 8;
    %jmp T_0.31;
T_0.14 ;
    %movi 8, 842006538, 32;
    %ix/load 0, 32, 0;
    %assign/v0 v0x8fccc0_0, 0, 8;
    %jmp T_0.31;
T_0.15 ;
    %movi 8, 1147200, 32;
    %ix/load 0, 32, 0;
    %assign/v0 v0x8fccc0_0, 0, 8;
    %jmp T_0.31;
T_0.16 ;
    %movi 8, 1147202, 32;
    %ix/load 0, 32, 0;
    %assign/v0 v0x8fccc0_0, 0, 8;
    %jmp T_0.31;
T_0.17 ;
    %movi 8, 1147203, 32;
    %ix/load 0, 32, 0;
    %assign/v0 v0x8fccc0_0, 0, 8;
    %jmp T_0.31;
T_0.18 ;
    %movi 8, 36864042, 32;
    %ix/load 0, 32, 0;
    %assign/v0 v0x8fccc0_0, 0, 8;
    %jmp T_0.31;
T_0.19 ;
    %movi 8, 707788805, 32;
    %ix/load 0, 32, 0;
    %assign/v0 v0x8fccc0_0, 0, 8;
    %jmp T_0.31;
T_0.20 ;
    %movi 8, 774897669, 32;
    %ix/load 0, 32, 0;
    %assign/v0 v0x8fccc0_0, 0, 8;
    %jmp T_0.31;
T_0.21 ;
    %movi 8, 303103998, 32;
    %ix/load 0, 32, 0;
    %assign/v0 v0x8fccc0_0, 0, 8;
    %jmp T_0.31;
T_0.22 ;
    %movi 8, 370212861, 32;
    %ix/load 0, 32, 0;
    %assign/v0 v0x8fccc0_0, 0, 8;
    %jmp T_0.31;
T_0.23 ;
    %movi 8, 436273148, 32;
    %ix/load 0, 32, 0;
    %assign/v0 v0x8fccc0_0, 0, 8;
    %jmp T_0.31;
T_0.24 ;
    %movi 8, 503382011, 32;
    %ix/load 0, 32, 0;
    %assign/v0 v0x8fccc0_0, 0, 8;
    %jmp T_0.31;
T_0.25 ;
    %movi 8, 100728826, 32;
    %ix/load 0, 32, 0;
    %assign/v0 v0x8fccc0_0, 0, 8;
    %jmp T_0.31;
T_0.26 ;
    %movi 8, 135266324, 32;
    %ix/load 0, 32, 0;
    %assign/v0 v0x8fccc0_0, 0, 8;
    %jmp T_0.31;
T_0.27 ;
    %movi 8, 202375188, 32;
    %ix/load 0, 32, 0;
    %assign/v0 v0x8fccc0_0, 0, 8;
    %jmp T_0.31;
T_0.28 ;
    %movi 8, 65011720, 32;
    %ix/load 0, 32, 0;
    %assign/v0 v0x8fccc0_0, 0, 8;
    %jmp T_0.31;
T_0.29 ;
    %movi 8, 65075209, 32;
    %ix/load 0, 32, 0;
    %assign/v0 v0x8fccc0_0, 0, 8;
    %jmp T_0.31;
T_0.31 ;
    %jmp T_0;
    .thread T_0, $push;
    .scope S_0x8c5ad0;
T_1 ;
    %wait E_0x8c0600;
    %vpi_call 4 49 "$display", "Instruction";
    %vpi_call 4 50 "$display", "-----------";
    %load/v 8, v0x8da730_0, 1;
    %cmpi/u 8, 35, 1;
    %jmp/1 T_1.0, 6;
    %cmpi/u 8, 43, 1;
    %jmp/1 T_1.1, 6;
    %cmpi/u 8, 15, 1;
    %jmp/1 T_1.2, 6;
    %cmpi/u 8, 8, 1;
    %jmp/1 T_1.3, 6;
    %cmpi/u 8, 9, 1;
    %jmp/1 T_1.4, 6;
    %cmpi/u 8, 12, 1;
    %jmp/1 T_1.5, 6;
    %cmpi/u 8, 10, 1;
    %jmp/1 T_1.6, 6;
    %cmpi/u 8, 11, 1;
    %jmp/1 T_1.7, 6;
    %cmpi/u 8, 4, 1;
    %jmp/1 T_1.8, 6;
    %cmpi/u 8, 5, 1;
    %jmp/1 T_1.9, 6;
    %cmpi/u 8, 6, 1;
    %jmp/1 T_1.10, 6;
    %cmpi/u 8, 7, 1;
    %jmp/1 T_1.11, 6;
    %cmpi/u 8, 1, 1;
    %jmp/1 T_1.12, 6;
    %cmpi/u 8, 2, 1;
    %jmp/1 T_1.13, 6;
    %cmpi/u 8, 3, 1;
    %jmp/1 T_1.14, 6;
    %jmp T_1.15;
T_1.0 ;
    %vpi_call 4 53 "$display", "lw";
    %jmp T_1.15;
T_1.1 ;
    %vpi_call 4 54 "$display", "sw";
    %jmp T_1.15;
T_1.2 ;
    %vpi_call 4 55 "$display", "lui";
    %jmp T_1.15;
T_1.3 ;
    %vpi_call 4 56 "$display", "addi";
    %jmp T_1.15;
T_1.4 ;
    %vpi_call 4 57 "$display", "addiu";
    %jmp T_1.15;
T_1.5 ;
    %vpi_call 4 58 "$display", "andi";
    %jmp T_1.15;
T_1.6 ;
    %vpi_call 4 59 "$display", "slti";
    %jmp T_1.15;
T_1.7 ;
    %vpi_call 4 60 "$display", "sltiu";
    %jmp T_1.15;
T_1.8 ;
    %vpi_call 4 61 "$display", "beq";
    %jmp T_1.15;
T_1.9 ;
    %vpi_call 4 62 "$display", "bne";
    %jmp T_1.15;
T_1.10 ;
    %vpi_call 4 63 "$display", "blez";
    %jmp T_1.15;
T_1.11 ;
    %vpi_call 4 64 "$display", "bgtz";
    %jmp T_1.15;
T_1.12 ;
    %vpi_call 4 65 "$display", "bltz";
    %jmp T_1.15;
T_1.13 ;
    %vpi_call 4 66 "$display", "j";
    %jmp T_1.15;
T_1.14 ;
    %vpi_call 4 67 "$display", "jal";
    %jmp T_1.15;
T_1.15 ;
    %load/v 8, v0x8da730_0, 1;
    %mov 9, 0, 6;
    %cmpi/u 8, 0, 7;
    %jmp/0xz  T_1.16, 4;
    %load/v 8, v0x8fbe20_0, 1;
    %cmpi/u 8, 32, 1;
    %jmp/1 T_1.18, 6;
    %cmpi/u 8, 33, 1;
    %jmp/1 T_1.19, 6;
    %cmpi/u 8, 34, 1;
    %jmp/1 T_1.20, 6;
    %cmpi/u 8, 35, 1;
    %jmp/1 T_1.21, 6;
    %cmpi/u 8, 36, 1;
    %jmp/1 T_1.22, 6;
    %cmpi/u 8, 37, 1;
    %jmp/1 T_1.23, 6;
    %cmpi/u 8, 38, 1;
    %jmp/1 T_1.24, 6;
    %cmpi/u 8, 39, 1;
    %jmp/1 T_1.25, 6;
    %cmpi/u 8, 0, 1;
    %jmp/1 T_1.26, 6;
    %cmpi/u 8, 2, 1;
    %jmp/1 T_1.27, 6;
    %cmpi/u 8, 3, 1;
    %jmp/1 T_1.28, 6;
    %cmpi/u 8, 42, 1;
    %jmp/1 T_1.29, 6;
    %cmpi/u 8, 8, 1;
    %jmp/1 T_1.30, 6;
    %cmpi/u 8, 9, 1;
    %jmp/1 T_1.31, 6;
    %jmp T_1.32;
T_1.18 ;
    %vpi_call 4 72 "$display", "add";
    %jmp T_1.32;
T_1.19 ;
    %vpi_call 4 73 "$display", "addu";
    %jmp T_1.32;
T_1.20 ;
    %vpi_call 4 74 "$display", "sub";
    %jmp T_1.32;
T_1.21 ;
    %vpi_call 4 75 "$display", "subu";
    %jmp T_1.32;
T_1.22 ;
    %vpi_call 4 76 "$display", "and";
    %jmp T_1.32;
T_1.23 ;
    %vpi_call 4 77 "$display", "or";
    %jmp T_1.32;
T_1.24 ;
    %vpi_call 4 78 "$display", "xor";
    %jmp T_1.32;
T_1.25 ;
    %vpi_call 4 79 "$display", "nor";
    %jmp T_1.32;
T_1.26 ;
    %vpi_call 4 80 "$display", "sll";
    %jmp T_1.32;
T_1.27 ;
    %vpi_call 4 81 "$display", "srl";
    %jmp T_1.32;
T_1.28 ;
    %vpi_call 4 82 "$display", "sra";
    %jmp T_1.32;
T_1.29 ;
    %vpi_call 4 83 "$display", "slt";
    %jmp T_1.32;
T_1.30 ;
    %vpi_call 4 84 "$display", "jr";
    %jmp T_1.32;
T_1.31 ;
    %vpi_call 4 85 "$display", "jalr";
    %jmp T_1.32;
T_1.32 ;
T_1.16 ;
    %vpi_call 4 89 "$display", "format = %06b (%d)", v0x8da730_0, v0x8da730_0;
    %vpi_call 4 90 "$display", "JT = %026b (%d)", v0x8fbf60_0, v0x8fbf60_0;
    %vpi_call 4 91 "$display", "Imm16 = %016b (%d)", v0x8fbec0_0, v0x8fbec0_0;
    %vpi_call 4 92 "$display", "Shamt = %05b (%d)", v0x8fc220_0, v0x8fc220_0;
    %vpi_call 4 93 "$display", "Rd = %05b (%d)", v0x8fc000_0, v0x8fc000_0;
    %vpi_call 4 94 "$display", "Rt = %05b (%d)", v0x8fc180_0, v0x8fc180_0;
    %vpi_call 4 95 "$display", "Rs = %05b (%d)", v0x8fc0a0_0, v0x8fc0a0_0;
    %vpi_call 4 96 "$display", "\000";
    %jmp T_1;
    .thread T_1;
    .scope S_0x8c3b80;
T_2 ;
    %set/v v0x8fcea0_0, 0, 1;
    %movi 8, 4194304, 32;
    %set/v v0x8fcd70_0, 8, 32;
T_2.0 ;
    %load/v 8, v0x8fcd70_0, 32;
    %movi 40, 4194420, 32;
    %cmp/u 8, 40, 32;
    %or 5, 4, 1;
    %jmp/0xz T_2.1, 5;
    %delay 1, 0;
    %set/v v0x8fcea0_0, 1, 1;
    %delay 1, 0;
    %set/v v0x8fcea0_0, 0, 1;
    %ix/load 0, 4, 0;
    %load/vp0 8, v0x8fcd70_0, 32;
    %set/v v0x8fcd70_0, 8, 32;
    %jmp T_2.0;
T_2.1 ;
    %end;
    .thread T_2;
# The file index is used to find the file name in the following table.
:file_names 5;
    "N/A";
    "<interactive>";
    "TestInstPrint.v";
    "rom.v";
    "InstPrint.v";
