#! /usr/bin/vvp
:ivl_version "0.9.5 " "(v0_9_5)";
:vpi_time_precision + 0;
:vpi_module "system";
:vpi_module "v2005_math";
:vpi_module "va_math";
S_0x20344a0 .scope module, "Control" "Control" 2 5;
 .timescale 0 0;
P_0x2069d18 .param/l "ALUFUNC_A" 2 124, C4<011010>;
P_0x2069d40 .param/l "ALUFUNC_ADD" 2 117, C4<000000>;
P_0x2069d68 .param/l "ALUFUNC_AND" 2 120, C4<011000>;
P_0x2069d90 .param/l "ALUFUNC_EQ" 2 130, C4<110011>;
P_0x2069db8 .param/l "ALUFUNC_GEZ" 2 134, C4<111001>;
P_0x2069de0 .param/l "ALUFUNC_GTZ" 2 135, C4<111111>;
P_0x2069e08 .param/l "ALUFUNC_LEZ" 2 133, C4<111101>;
P_0x2069e30 .param/l "ALUFUNC_LT" 2 132, C4<110101>;
P_0x2069e58 .param/l "ALUFUNC_NEQ" 2 131, C4<110001>;
P_0x2069e80 .param/l "ALUFUNC_NOR" 2 123, C4<010001>;
P_0x2069ea8 .param/l "ALUFUNC_OR" 2 121, C4<011110>;
P_0x2069ed0 .param/l "ALUFUNC_SLL" 2 126, C4<100000>;
P_0x2069ef8 .param/l "ALUFUNC_SRA" 2 128, C4<100011>;
P_0x2069f20 .param/l "ALUFUNC_SRL" 2 127, C4<100001>;
P_0x2069f48 .param/l "ALUFUNC_SUB" 2 118, C4<000001>;
P_0x2069f70 .param/l "ALUFUNC_XOR" 2 122, C4<010110>;
P_0x2069f98 .param/l "ALUSRC1_RS" 2 105, C4<0>;
P_0x2069fc0 .param/l "ALUSRC1_SHAMT" 2 106, C4<1>;
P_0x2069fe8 .param/l "ALUSRC2_ELSE" 2 112, C4<1>;
P_0x206a010 .param/l "ALUSRC2_RT" 2 111, C4<0>;
P_0x206a038 .param/l "EXTOP_SIGNED" 2 165, C4<1>;
P_0x206a060 .param/l "EXTOP_UNSIGNED" 2 164, C4<0>;
P_0x206a088 .param/l "FORMAT_ADDI" 2 46, C4<001000>;
P_0x206a0b0 .param/l "FORMAT_ADDIU" 2 47, C4<001001>;
P_0x206a0d8 .param/l "FORMAT_ANDI" 2 48, C4<001100>;
P_0x206a100 .param/l "FORMAT_BEQ" 2 51, C4<000100>;
P_0x206a128 .param/l "FORMAT_BGTZ" 2 54, C4<000111>;
P_0x206a150 .param/l "FORMAT_BLEZ" 2 53, C4<000110>;
P_0x206a178 .param/l "FORMAT_BLTZ" 2 55, C4<000001>;
P_0x206a1a0 .param/l "FORMAT_BNE" 2 52, C4<000101>;
P_0x206a1c8 .param/l "FORMAT_J" 2 56, C4<000010>;
P_0x206a1f0 .param/l "FORMAT_JAL" 2 57, C4<000011>;
P_0x206a218 .param/l "FORMAT_LUI" 2 45, C4<001111>;
P_0x206a240 .param/l "FORMAT_LW" 2 43, C4<100011>;
P_0x206a268 .param/l "FORMAT_R" 2 42, C4<000000>;
P_0x206a290 .param/l "FORMAT_SLTI" 2 49, C4<001010>;
P_0x206a2b8 .param/l "FORMAT_SLTIU" 2 50, C4<001011>;
P_0x206a2e0 .param/l "FORMAT_SW" 2 44, C4<101011>;
P_0x206a308 .param/l "FUNCT_ADD" 2 63, C4<100000>;
P_0x206a330 .param/l "FUNCT_ADDU" 2 64, C4<100001>;
P_0x206a358 .param/l "FUNCT_AND" 2 67, C4<100100>;
P_0x206a380 .param/l "FUNCT_JALR" 2 76, C4<001001>;
P_0x206a3a8 .param/l "FUNCT_JR" 2 75, C4<001000>;
P_0x206a3d0 .param/l "FUNCT_NOR" 2 70, C4<100111>;
P_0x206a3f8 .param/l "FUNCT_OR" 2 68, C4<100101>;
P_0x206a420 .param/l "FUNCT_SLL" 2 71, C4<000000>;
P_0x206a448 .param/l "FUNCT_SLT" 2 74, C4<101010>;
P_0x206a470 .param/l "FUNCT_SRA" 2 73, C4<000011>;
P_0x206a498 .param/l "FUNCT_SRL" 2 72, C4<000010>;
P_0x206a4c0 .param/l "FUNCT_SUB" 2 65, C4<100010>;
P_0x206a4e8 .param/l "FUNCT_SUBU" 2 66, C4<100011>;
P_0x206a510 .param/l "FUNCT_XOR" 2 69, C4<100110>;
P_0x206a538 .param/l "LUOP_DISABLE" 2 171, C4<0>;
P_0x206a560 .param/l "LUOP_ENABLE" 2 170, C4<1>;
P_0x206a588 .param/l "MEMRD_DISABLE" 2 153, C4<0>;
P_0x206a5b0 .param/l "MEMRD_ENABLE" 2 152, C4<1>;
P_0x206a5d8 .param/l "MEMTOREG_ALU" 2 157, C4<00>;
P_0x206a600 .param/l "MEMTOREG_LOAD" 2 158, C4<01>;
P_0x206a628 .param/l "MEMTOREG_PC" 2 159, C4<10>;
P_0x206a650 .param/l "MEMWR_DISABLE" 2 147, C4<0>;
P_0x206a678 .param/l "MEMWR_ENABLE" 2 146, C4<1>;
P_0x206a6a0 .param/l "PCSRC_A" 2 84, C4<011>;
P_0x206a6c8 .param/l "PCSRC_BRANCH" 2 82, C4<001>;
P_0x206a6f0 .param/l "PCSRC_ILLOP" 2 85, C4<100>;
P_0x206a718 .param/l "PCSRC_JUMP" 2 83, C4<010>;
P_0x206a740 .param/l "PCSRC_NORMAL" 2 81, C4<000>;
P_0x206a768 .param/l "PCSRC_XADR" 2 86, C4<101>;
P_0x206a790 .param/l "REGDST_RA" 2 93, C4<10>;
P_0x206a7b8 .param/l "REGDST_RD" 2 91, C4<00>;
P_0x206a7e0 .param/l "REGDST_RT" 2 92, C4<01>;
P_0x206a808 .param/l "REGDST_XP" 2 94, C4<11>;
P_0x206a830 .param/l "REGWR_DISABLE" 2 100, C4<0>;
P_0x206a858 .param/l "REGWR_ENABLE" 2 99, C4<1>;
P_0x206a880 .param/l "SIGN_SIGNED" 2 140, C4<1>;
P_0x206a8a8 .param/l "SIGN_UNSIGNED" 2 141, C4<0>;
v0x20488f0_0 .var "ALUFun", 5 0;
v0x2088e00_0 .var "ALUSrc1", 0 0;
v0x2088ea0_0 .var "ALUSrc2", 0 0;
v0x2088f40_0 .var "EXTOp", 0 0;
v0x2088fe0_0 .net "Format", 5 0, L_0x2089cc0; 1 drivers
v0x2089080_0 .net "Funct", 5 0, L_0x208a2a0; 1 drivers
v0x2089160_0 .net "Imm16", 15 0, L_0x2089e30; 1 drivers
v0x2089200_0 .net "JT", 25 0, L_0x2089d60; 1 drivers
v0x20892f0_0 .var "LUOp", 0 0;
v0x2089390_0 .var "MemRd", 0 0;
v0x2089490_0 .var "MemToReg", 1 0;
v0x2089530_0 .var "MemWr", 0 0;
v0x2089640_0 .var "PCSrc", 2 0;
v0x20896e0_0 .net "Rd", 4 0, L_0x208a060; 1 drivers
v0x2089800_0 .var "RegDst", 1 0;
v0x20898a0_0 .var "RegWr", 0 0;
v0x2089760_0 .net "Rs", 4 0, L_0x208a200; 1 drivers
v0x20899f0_0 .net "Rt", 4 0, L_0x208a130; 1 drivers
v0x2089b10_0 .net "Shamt", 4 0, L_0x2089ed0; 1 drivers
v0x2089b90_0 .var "Sign", 0 0;
v0x2089a70_0 .net "instruction", 31 0, C4<zzzzzzzzzzzzzzzzzzzzzzzzzzzzzzzz>; 0 drivers
E_0x2047350 .event edge, v0x2088fe0_0, v0x2089080_0;
L_0x2089cc0 .part C4<zzzzzzzzzzzzzzzzzzzzzzzzzzzzzzzz>, 26, 6;
L_0x2089d60 .part C4<zzzzzzzzzzzzzzzzzzzzzzzzzzzzzzzz>, 0, 26;
L_0x2089e30 .part C4<zzzzzzzzzzzzzzzzzzzzzzzzzzzzzzzz>, 0, 16;
L_0x2089ed0 .part C4<zzzzzzzzzzzzzzzzzzzzzzzzzzzzzzzz>, 6, 5;
L_0x208a060 .part C4<zzzzzzzzzzzzzzzzzzzzzzzzzzzzzzzz>, 11, 5;
L_0x208a130 .part C4<zzzzzzzzzzzzzzzzzzzzzzzzzzzzzzzz>, 16, 5;
L_0x208a200 .part C4<zzzzzzzzzzzzzzzzzzzzzzzzzzzzzzzz>, 21, 5;
L_0x208a2a0 .part C4<zzzzzzzzzzzzzzzzzzzzzzzzzzzzzzzz>, 0, 6;
    .scope S_0x20344a0;
T_0 ;
    %wait E_0x2047350;
    %load/v 8, v0x2088fe0_0, 6;
    %cmpi/u 8, 35, 6;
    %jmp/1 T_0.0, 6;
    %cmpi/u 8, 43, 6;
    %jmp/1 T_0.1, 6;
    %cmpi/u 8, 15, 6;
    %jmp/1 T_0.2, 6;
    %cmpi/u 8, 8, 6;
    %jmp/1 T_0.3, 6;
    %cmpi/u 8, 9, 6;
    %jmp/1 T_0.4, 6;
    %cmpi/u 8, 12, 6;
    %jmp/1 T_0.5, 6;
    %cmpi/u 8, 10, 6;
    %jmp/1 T_0.6, 6;
    %cmpi/u 8, 11, 6;
    %jmp/1 T_0.7, 6;
    %cmpi/u 8, 4, 6;
    %jmp/1 T_0.8, 6;
    %cmpi/u 8, 5, 6;
    %jmp/1 T_0.9, 6;
    %cmpi/u 8, 6, 6;
    %jmp/1 T_0.10, 6;
    %cmpi/u 8, 7, 6;
    %jmp/1 T_0.11, 6;
    %cmpi/u 8, 1, 6;
    %jmp/1 T_0.12, 6;
    %cmpi/u 8, 2, 6;
    %jmp/1 T_0.13, 6;
    %cmpi/u 8, 3, 6;
    %jmp/1 T_0.14, 6;
    %cmpi/u 8, 0, 6;
    %jmp/1 T_0.15, 6;
    %jmp T_0.16;
T_0.0 ;
    %set/v v0x2089640_0, 0, 3;
    %set/v v0x2088e00_0, 0, 1;
    %set/v v0x2088ea0_0, 1, 1;
    %set/v v0x20488f0_0, 0, 6;
    %set/v v0x2089b90_0, 1, 1;
    %set/v v0x2089390_0, 1, 1;
    %set/v v0x2089530_0, 0, 1;
    %movi 8, 1, 2;
    %set/v v0x2089490_0, 8, 2;
    %set/v v0x20898a0_0, 1, 1;
    %movi 8, 1, 2;
    %set/v v0x2089800_0, 8, 2;
    %set/v v0x2088f40_0, 1, 1;
    %set/v v0x20892f0_0, 0, 1;
    %jmp T_0.16;
T_0.1 ;
    %set/v v0x2089640_0, 0, 3;
    %set/v v0x2088e00_0, 0, 1;
    %set/v v0x2088ea0_0, 1, 1;
    %set/v v0x20488f0_0, 0, 6;
    %set/v v0x2089b90_0, 1, 1;
    %set/v v0x2089390_0, 0, 1;
    %set/v v0x2089530_0, 1, 1;
    %set/v v0x2089490_0, 0, 2;
    %set/v v0x20898a0_0, 0, 1;
    %set/v v0x2089800_0, 0, 2;
    %set/v v0x2088f40_0, 1, 1;
    %set/v v0x20892f0_0, 0, 1;
    %jmp T_0.16;
T_0.2 ;
    %set/v v0x2089640_0, 0, 3;
    %set/v v0x2088e00_0, 0, 1;
    %set/v v0x2088ea0_0, 1, 1;
    %set/v v0x20488f0_0, 0, 6;
    %set/v v0x2089b90_0, 1, 1;
    %set/v v0x2089390_0, 0, 1;
    %set/v v0x2089530_0, 0, 1;
    %set/v v0x2089490_0, 0, 2;
    %set/v v0x20898a0_0, 1, 1;
    %movi 8, 1, 2;
    %set/v v0x2089800_0, 8, 2;
    %set/v v0x2088f40_0, 0, 1;
    %set/v v0x20892f0_0, 1, 1;
    %jmp T_0.16;
T_0.3 ;
    %set/v v0x2089640_0, 0, 3;
    %set/v v0x2088e00_0, 0, 1;
    %set/v v0x2088ea0_0, 1, 1;
    %set/v v0x20488f0_0, 0, 6;
    %set/v v0x2089b90_0, 1, 1;
    %set/v v0x2089390_0, 0, 1;
    %set/v v0x2089530_0, 0, 1;
    %set/v v0x2089490_0, 0, 2;
    %set/v v0x20898a0_0, 1, 1;
    %movi 8, 1, 2;
    %set/v v0x2089800_0, 8, 2;
    %set/v v0x2088f40_0, 1, 1;
    %set/v v0x20892f0_0, 0, 1;
    %jmp T_0.16;
T_0.4 ;
    %set/v v0x2089640_0, 0, 3;
    %set/v v0x2088e00_0, 0, 1;
    %set/v v0x2088ea0_0, 1, 1;
    %set/v v0x20488f0_0, 0, 6;
    %set/v v0x2089b90_0, 0, 1;
    %set/v v0x2089390_0, 0, 1;
    %set/v v0x2089530_0, 0, 1;
    %set/v v0x2089490_0, 0, 2;
    %set/v v0x20898a0_0, 1, 1;
    %movi 8, 1, 2;
    %set/v v0x2089800_0, 8, 2;
    %set/v v0x2088f40_0, 0, 1;
    %set/v v0x20892f0_0, 0, 1;
    %jmp T_0.16;
T_0.5 ;
    %set/v v0x2089640_0, 0, 3;
    %set/v v0x2088e00_0, 0, 1;
    %set/v v0x2088ea0_0, 1, 1;
    %movi 8, 24, 6;
    %set/v v0x20488f0_0, 8, 6;
    %set/v v0x2089b90_0, 0, 1;
    %set/v v0x2089390_0, 0, 1;
    %set/v v0x2089530_0, 0, 1;
    %set/v v0x2089490_0, 0, 2;
    %set/v v0x20898a0_0, 1, 1;
    %movi 8, 1, 2;
    %set/v v0x2089800_0, 8, 2;
    %set/v v0x2088f40_0, 0, 1;
    %set/v v0x20892f0_0, 0, 1;
    %jmp T_0.16;
T_0.6 ;
    %set/v v0x2089640_0, 0, 3;
    %set/v v0x2088e00_0, 0, 1;
    %set/v v0x2088ea0_0, 1, 1;
    %movi 8, 53, 6;
    %set/v v0x20488f0_0, 8, 6;
    %set/v v0x2089b90_0, 1, 1;
    %set/v v0x2089390_0, 0, 1;
    %set/v v0x2089530_0, 0, 1;
    %set/v v0x2089490_0, 0, 2;
    %set/v v0x20898a0_0, 1, 1;
    %movi 8, 1, 2;
    %set/v v0x2089800_0, 8, 2;
    %set/v v0x2088f40_0, 1, 1;
    %set/v v0x20892f0_0, 0, 1;
    %jmp T_0.16;
T_0.7 ;
    %set/v v0x2089640_0, 0, 3;
    %set/v v0x2088e00_0, 0, 1;
    %set/v v0x2088ea0_0, 1, 1;
    %movi 8, 53, 6;
    %set/v v0x20488f0_0, 8, 6;
    %set/v v0x2089b90_0, 0, 1;
    %set/v v0x2089390_0, 0, 1;
    %set/v v0x2089530_0, 0, 1;
    %set/v v0x2089490_0, 0, 2;
    %set/v v0x20898a0_0, 1, 1;
    %movi 8, 1, 2;
    %set/v v0x2089800_0, 8, 2;
    %set/v v0x2088f40_0, 1, 1;
    %set/v v0x20892f0_0, 0, 1;
    %jmp T_0.16;
T_0.8 ;
    %movi 8, 1, 3;
    %set/v v0x2089640_0, 8, 3;
    %set/v v0x2088e00_0, 0, 1;
    %set/v v0x2088ea0_0, 0, 1;
    %movi 8, 51, 6;
    %set/v v0x20488f0_0, 8, 6;
    %set/v v0x2089b90_0, 1, 1;
    %set/v v0x2089390_0, 0, 1;
    %set/v v0x2089530_0, 0, 1;
    %set/v v0x2089490_0, 0, 2;
    %set/v v0x20898a0_0, 0, 1;
    %set/v v0x2089800_0, 0, 2;
    %set/v v0x2088f40_0, 1, 1;
    %set/v v0x20892f0_0, 0, 1;
    %jmp T_0.16;
T_0.9 ;
    %movi 8, 1, 3;
    %set/v v0x2089640_0, 8, 3;
    %set/v v0x2088e00_0, 0, 1;
    %set/v v0x2088ea0_0, 0, 1;
    %movi 8, 49, 6;
    %set/v v0x20488f0_0, 8, 6;
    %set/v v0x2089b90_0, 1, 1;
    %set/v v0x2089390_0, 0, 1;
    %set/v v0x2089530_0, 0, 1;
    %set/v v0x2089490_0, 0, 2;
    %set/v v0x20898a0_0, 0, 1;
    %set/v v0x2089800_0, 0, 2;
    %set/v v0x2088f40_0, 1, 1;
    %set/v v0x20892f0_0, 0, 1;
    %jmp T_0.16;
T_0.10 ;
    %movi 8, 1, 3;
    %set/v v0x2089640_0, 8, 3;
    %set/v v0x2088e00_0, 0, 1;
    %set/v v0x2088ea0_0, 0, 1;
    %movi 8, 61, 6;
    %set/v v0x20488f0_0, 8, 6;
    %set/v v0x2089b90_0, 1, 1;
    %set/v v0x2089390_0, 0, 1;
    %set/v v0x2089530_0, 0, 1;
    %set/v v0x2089490_0, 0, 2;
    %set/v v0x20898a0_0, 0, 1;
    %set/v v0x2089800_0, 0, 2;
    %set/v v0x2088f40_0, 1, 1;
    %set/v v0x20892f0_0, 0, 1;
    %jmp T_0.16;
T_0.11 ;
    %movi 8, 1, 3;
    %set/v v0x2089640_0, 8, 3;
    %set/v v0x2088e00_0, 0, 1;
    %set/v v0x2088ea0_0, 0, 1;
    %set/v v0x20488f0_0, 1, 6;
    %set/v v0x2089b90_0, 1, 1;
    %set/v v0x2089390_0, 0, 1;
    %set/v v0x2089530_0, 0, 1;
    %set/v v0x2089490_0, 0, 2;
    %set/v v0x20898a0_0, 0, 1;
    %set/v v0x2089800_0, 0, 2;
    %set/v v0x2088f40_0, 1, 1;
    %set/v v0x20892f0_0, 0, 1;
    %jmp T_0.16;
T_0.12 ;
    %movi 8, 1, 3;
    %set/v v0x2089640_0, 8, 3;
    %set/v v0x2088e00_0, 0, 1;
    %set/v v0x2088ea0_0, 0, 1;
    %movi 8, 53, 6;
    %set/v v0x20488f0_0, 8, 6;
    %set/v v0x2089b90_0, 1, 1;
    %set/v v0x2089390_0, 0, 1;
    %set/v v0x2089530_0, 0, 1;
    %set/v v0x2089490_0, 0, 2;
    %set/v v0x20898a0_0, 0, 1;
    %set/v v0x2089800_0, 0, 2;
    %set/v v0x2088f40_0, 1, 1;
    %set/v v0x20892f0_0, 0, 1;
    %jmp T_0.16;
T_0.13 ;
    %movi 8, 2, 3;
    %set/v v0x2089640_0, 8, 3;
    %set/v v0x2088e00_0, 0, 1;
    %set/v v0x2088ea0_0, 0, 1;
    %set/v v0x20488f0_0, 0, 6;
    %set/v v0x2089b90_0, 0, 1;
    %set/v v0x2089390_0, 0, 1;
    %set/v v0x2089530_0, 0, 1;
    %set/v v0x2089490_0, 0, 2;
    %set/v v0x20898a0_0, 0, 1;
    %set/v v0x2089800_0, 0, 2;
    %set/v v0x2088f40_0, 0, 1;
    %set/v v0x20892f0_0, 0, 1;
    %jmp T_0.16;
T_0.14 ;
    %movi 8, 2, 3;
    %set/v v0x2089640_0, 8, 3;
    %set/v v0x2088e00_0, 0, 1;
    %set/v v0x2088ea0_0, 0, 1;
    %set/v v0x20488f0_0, 0, 6;
    %set/v v0x2089b90_0, 0, 1;
    %set/v v0x2089390_0, 0, 1;
    %set/v v0x2089530_0, 0, 1;
    %set/v v0x2089490_0, 0, 2;
    %set/v v0x20898a0_0, 1, 1;
    %movi 8, 2, 2;
    %set/v v0x2089800_0, 8, 2;
    %set/v v0x2088f40_0, 0, 1;
    %set/v v0x20892f0_0, 0, 1;
    %jmp T_0.16;
T_0.15 ;
    %load/v 8, v0x2089080_0, 6;
    %mov 14, 0, 1;
    %cmpi/u 8, 8, 7;
    %inv 4, 1;
    %mov 8, 4, 1;
    %load/v 9, v0x2089080_0, 6;
    %mov 15, 0, 1;
    %cmpi/u 9, 9, 7;
    %inv 4, 1;
    %mov 9, 4, 1;
    %and 8, 9, 1;
    %jmp/0xz  T_0.17, 8;
    %set/v v0x2089640_0, 0, 3;
    %set/v v0x2088ea0_0, 0, 1;
    %set/v v0x2089390_0, 0, 1;
    %set/v v0x2089530_0, 0, 1;
    %set/v v0x2089490_0, 0, 2;
    %set/v v0x20898a0_0, 1, 1;
    %set/v v0x2089800_0, 0, 2;
    %set/v v0x2088f40_0, 0, 1;
    %set/v v0x20892f0_0, 0, 1;
    %load/v 8, v0x2089080_0, 6;
    %cmpi/u 8, 32, 6;
    %jmp/1 T_0.19, 6;
    %cmpi/u 8, 33, 6;
    %jmp/1 T_0.20, 6;
    %cmpi/u 8, 34, 6;
    %jmp/1 T_0.21, 6;
    %cmpi/u 8, 35, 6;
    %jmp/1 T_0.22, 6;
    %cmpi/u 8, 36, 6;
    %jmp/1 T_0.23, 6;
    %cmpi/u 8, 37, 6;
    %jmp/1 T_0.24, 6;
    %cmpi/u 8, 38, 6;
    %jmp/1 T_0.25, 6;
    %cmpi/u 8, 39, 6;
    %jmp/1 T_0.26, 6;
    %cmpi/u 8, 0, 6;
    %jmp/1 T_0.27, 6;
    %cmpi/u 8, 2, 6;
    %jmp/1 T_0.28, 6;
    %cmpi/u 8, 3, 6;
    %jmp/1 T_0.29, 6;
    %cmpi/u 8, 42, 6;
    %jmp/1 T_0.30, 6;
    %jmp T_0.31;
T_0.19 ;
    %set/v v0x2088e00_0, 0, 1;
    %set/v v0x20488f0_0, 0, 6;
    %set/v v0x2089b90_0, 1, 1;
    %jmp T_0.31;
T_0.20 ;
    %set/v v0x2088e00_0, 0, 1;
    %set/v v0x20488f0_0, 0, 6;
    %set/v v0x2089b90_0, 0, 1;
    %jmp T_0.31;
T_0.21 ;
    %set/v v0x2088e00_0, 0, 1;
    %movi 8, 1, 6;
    %set/v v0x20488f0_0, 8, 6;
    %set/v v0x2089b90_0, 1, 1;
    %jmp T_0.31;
T_0.22 ;
    %set/v v0x2088e00_0, 0, 1;
    %movi 8, 1, 6;
    %set/v v0x20488f0_0, 8, 6;
    %set/v v0x2089b90_0, 0, 1;
    %jmp T_0.31;
T_0.23 ;
    %set/v v0x2088e00_0, 0, 1;
    %movi 8, 24, 6;
    %set/v v0x20488f0_0, 8, 6;
    %set/v v0x2089b90_0, 0, 1;
    %jmp T_0.31;
T_0.24 ;
    %set/v v0x2088e00_0, 0, 1;
    %movi 8, 30, 6;
    %set/v v0x20488f0_0, 8, 6;
    %set/v v0x2089b90_0, 0, 1;
    %jmp T_0.31;
T_0.25 ;
    %set/v v0x2088e00_0, 0, 1;
    %movi 8, 22, 6;
    %set/v v0x20488f0_0, 8, 6;
    %set/v v0x2089b90_0, 0, 1;
    %jmp T_0.31;
T_0.26 ;
    %set/v v0x2088e00_0, 0, 1;
    %movi 8, 17, 6;
    %set/v v0x20488f0_0, 8, 6;
    %set/v v0x2089b90_0, 0, 1;
    %jmp T_0.31;
T_0.27 ;
    %set/v v0x2088e00_0, 1, 1;
    %movi 8, 32, 6;
    %set/v v0x20488f0_0, 8, 6;
    %set/v v0x2089b90_0, 0, 1;
    %jmp T_0.31;
T_0.28 ;
    %set/v v0x2088e00_0, 1, 1;
    %movi 8, 33, 6;
    %set/v v0x20488f0_0, 8, 6;
    %set/v v0x2089b90_0, 0, 1;
    %jmp T_0.31;
T_0.29 ;
    %set/v v0x2088e00_0, 1, 1;
    %movi 8, 35, 6;
    %set/v v0x20488f0_0, 8, 6;
    %set/v v0x2089b90_0, 0, 1;
    %jmp T_0.31;
T_0.30 ;
    %set/v v0x2088e00_0, 0, 1;
    %movi 8, 53, 6;
    %set/v v0x20488f0_0, 8, 6;
    %set/v v0x2089b90_0, 1, 1;
    %jmp T_0.31;
T_0.31 ;
    %jmp T_0.18;
T_0.17 ;
    %load/v 8, v0x2089080_0, 6;
    %cmpi/u 8, 8, 6;
    %jmp/1 T_0.32, 6;
    %cmpi/u 8, 9, 6;
    %jmp/1 T_0.33, 6;
    %jmp T_0.34;
T_0.32 ;
    %movi 8, 3, 3;
    %set/v v0x2089640_0, 8, 3;
    %set/v v0x2088e00_0, 0, 1;
    %set/v v0x2088ea0_0, 0, 1;
    %set/v v0x20488f0_0, 0, 6;
    %set/v v0x2089b90_0, 0, 1;
    %set/v v0x2089390_0, 0, 1;
    %set/v v0x2089530_0, 0, 1;
    %set/v v0x2089490_0, 0, 2;
    %set/v v0x20898a0_0, 0, 1;
    %set/v v0x2089800_0, 0, 2;
    %set/v v0x2088f40_0, 0, 1;
    %set/v v0x20892f0_0, 0, 1;
    %jmp T_0.34;
T_0.33 ;
    %movi 8, 3, 3;
    %set/v v0x2089640_0, 8, 3;
    %set/v v0x2088e00_0, 0, 1;
    %set/v v0x2088ea0_0, 0, 1;
    %set/v v0x20488f0_0, 0, 6;
    %set/v v0x2089b90_0, 0, 1;
    %set/v v0x2089390_0, 0, 1;
    %set/v v0x2089530_0, 0, 1;
    %movi 8, 2, 2;
    %set/v v0x2089490_0, 8, 2;
    %set/v v0x20898a0_0, 1, 1;
    %set/v v0x2089800_0, 0, 2;
    %set/v v0x2088f40_0, 0, 1;
    %set/v v0x20892f0_0, 0, 1;
    %jmp T_0.34;
T_0.34 ;
T_0.18 ;
    %jmp T_0.16;
T_0.16 ;
    %jmp T_0;
    .thread T_0, $push;
# The file index is used to find the file name in the following table.
:file_names 3;
    "N/A";
    "<interactive>";
    "Control.v";
